ğŸ” Memory profiling enabled (statistics reset)
Running 155 registered tests...
ğŸ§ª Running test: test_memory_allocation
ğŸ” Memory profiling enabled (statistics reset)
/Users/theisen/Projects/tiny-clj/src/tests/unity_test_runner.c:745:all_tests[i].func:PASS
âœ… Test completed: test_memory_allocation

ğŸ§ª Running test: test_memory_deallocation
ğŸ” Memory profiling enabled (statistics reset)
/Users/theisen/Projects/tiny-clj/src/tests/unity_test_runner.c:745:all_tests[i].func:PASS
âœ… Test completed: test_memory_deallocation

ğŸ§ª Running test: test_memory_leak_detection
ğŸ” Memory profiling enabled (statistics reset)
/Users/theisen/Projects/tiny-clj/src/tests/unity_test_runner.c:745:all_tests[i].func:PASS
âœ… Test completed: test_memory_leak_detection

ğŸ§ª Running test: test_vector_memory
ğŸ” Memory profiling enabled (statistics reset)
/Users/theisen/Projects/tiny-clj/src/tests/unity_test_runner.c:745:all_tests[i].func:PASS
âœ… Test completed: test_vector_memory

ğŸ§ª Running test: test_autorelease_pool_basic
ğŸ” Memory profiling enabled (statistics reset)
ğŸ“Š Memory: Alloc:4 Dealloc:1 Peak:16 Current:12 Leaks:3
ğŸ“‹ String: A:2/0 R:2
ğŸ“‹ Vector: A:1/1 Rel:1
ğŸ“‹ List: A:1/0
ğŸš¨ LEAK: 3 objects, 12 bytes

ğŸš¨ MEMORY LEAK DETECTED at Test Complete:
   â”Œâ”€â”€â”€â”€â”€â”€â”€â”€â”€â”€â”€â”€â”€â”€â”€â”€â”€â”€â”€â”€â”€â”€â”€â”€â”€â”€â”€â”€â”€â”€â”€â”€â”€â”€â”€â”€â”€â”€â”€â”€â”€â”€â”€â”€â”€â”€â”€â”€â”€â”€â”€â”€â”€â”€â”€â”€â”€â”
   â”‚ LEAK SUMMARY                                            â”‚
   â”œâ”€â”€â”€â”€â”€â”€â”€â”€â”€â”€â”€â”€â”€â”€â”€â”€â”€â”€â”€â”€â”€â”€â”€â”€â”€â”€â”€â”€â”€â”€â”€â”€â”€â”€â”€â”€â”€â”€â”€â”€â”€â”€â”€â”€â”€â”€â”€â”€â”€â”€â”€â”€â”€â”€â”€â”€â”€â”¤
   â”‚ Total Leaks:                 3 allocations                    â”‚
   â”‚ Current Memory:             12 bytes                         â”‚
   â”‚ Peak Memory:               16 bytes                         â”‚
   â”‚ Allocations:                 4                               â”‚
   â”‚ Deallocations:               1                               â”‚
   â””â”€â”€â”€â”€â”€â”€â”€â”€â”€â”€â”€â”€â”€â”€â”€â”€â”€â”€â”€â”€â”€â”€â”€â”€â”€â”€â”€â”€â”€â”€â”€â”€â”€â”€â”€â”€â”€â”€â”€â”€â”€â”€â”€â”€â”€â”€â”€â”€â”€â”€â”€â”€â”€â”€â”€â”€â”€â”˜
ğŸ” String: 2 leaks
ğŸ” List: 1 leaks
/Users/theisen/Projects/tiny-clj/src/tests/unity_test_runner.c:745:all_tests[i].func:PASS
âœ… Test completed: test_autorelease_pool_basic

ğŸ§ª Running test: test_autorelease_pool_nested
ğŸ” Memory profiling enabled (statistics reset)
ğŸ“Š Memory: Alloc:5 Dealloc:2 Peak:20 Current:12 Leaks:3
ğŸ“‹ String: A:2/0 R:1
ğŸ“‹ Vector: A:2/2 Rel:2
ğŸ“‹ List: A:1/0
ğŸš¨ LEAK: 3 objects, 12 bytes

ğŸš¨ MEMORY LEAK DETECTED at Test Complete:
   â”Œâ”€â”€â”€â”€â”€â”€â”€â”€â”€â”€â”€â”€â”€â”€â”€â”€â”€â”€â”€â”€â”€â”€â”€â”€â”€â”€â”€â”€â”€â”€â”€â”€â”€â”€â”€â”€â”€â”€â”€â”€â”€â”€â”€â”€â”€â”€â”€â”€â”€â”€â”€â”€â”€â”€â”€â”€â”€â”
   â”‚ LEAK SUMMARY                                            â”‚
   â”œâ”€â”€â”€â”€â”€â”€â”€â”€â”€â”€â”€â”€â”€â”€â”€â”€â”€â”€â”€â”€â”€â”€â”€â”€â”€â”€â”€â”€â”€â”€â”€â”€â”€â”€â”€â”€â”€â”€â”€â”€â”€â”€â”€â”€â”€â”€â”€â”€â”€â”€â”€â”€â”€â”€â”€â”€â”€â”¤
   â”‚ Total Leaks:                 3 allocations                    â”‚
   â”‚ Current Memory:             12 bytes                         â”‚
   â”‚ Peak Memory:               20 bytes                         â”‚
   â”‚ Allocations:                 5                               â”‚
   â”‚ Deallocations:               2                               â”‚
   â””â”€â”€â”€â”€â”€â”€â”€â”€â”€â”€â”€â”€â”€â”€â”€â”€â”€â”€â”€â”€â”€â”€â”€â”€â”€â”€â”€â”€â”€â”€â”€â”€â”€â”€â”€â”€â”€â”€â”€â”€â”€â”€â”€â”€â”€â”€â”€â”€â”€â”€â”€â”€â”€â”€â”€â”€â”€â”˜
ğŸ” String: 2 leaks
ğŸ” List: 1 leaks
/Users/theisen/Projects/tiny-clj/src/tests/unity_test_runner.c:745:all_tests[i].func:PASS
âœ… Test completed: test_autorelease_pool_nested

ğŸ§ª Running test: test_cow_assumptions_rc_behavior
ğŸ” Memory profiling enabled (statistics reset)

=== COW Assumptions: RC Behavior ===
After make_map: RC=1
After AUTORELEASE: RC=1
âœ“ AUTORELEASE does NOT increase RC
After RETAIN: RC=2
âœ“ RC=2 would trigger COW in map_assoc_cow
After RELEASE: RC=1
âœ“ All COW assumptions verified!
âš ï¸  WARNING: Potential double-free detected! Object destructions (4) significantly exceed allocations (1).
/Users/theisen/Projects/tiny-clj/src/tests/unity_test_runner.c:745:all_tests[i].func:PASS
âœ… Test completed: test_cow_assumptions_rc_behavior

ğŸ§ª Running test: test_autorelease_pool_memory_cleanup
ğŸ” Memory profiling enabled (statistics reset)
ğŸ“Š Memory: Alloc:21 Dealloc:13 Peak:84 Current:32 Leaks:8
ğŸ“‹ String: A:15/11 R:5 Rel:16 AR:15
ğŸ“‹ Vector: A:1/1 Rel:1
ğŸ“‹ List: A:5/1 R:4 Rel:2 AR:1
ğŸš¨ LEAK: 8 objects, 32 bytes

ğŸš¨ MEMORY LEAK DETECTED at Test Complete:
   â”Œâ”€â”€â”€â”€â”€â”€â”€â”€â”€â”€â”€â”€â”€â”€â”€â”€â”€â”€â”€â”€â”€â”€â”€â”€â”€â”€â”€â”€â”€â”€â”€â”€â”€â”€â”€â”€â”€â”€â”€â”€â”€â”€â”€â”€â”€â”€â”€â”€â”€â”€â”€â”€â”€â”€â”€â”€â”€â”
   â”‚ LEAK SUMMARY                                            â”‚
   â”œâ”€â”€â”€â”€â”€â”€â”€â”€â”€â”€â”€â”€â”€â”€â”€â”€â”€â”€â”€â”€â”€â”€â”€â”€â”€â”€â”€â”€â”€â”€â”€â”€â”€â”€â”€â”€â”€â”€â”€â”€â”€â”€â”€â”€â”€â”€â”€â”€â”€â”€â”€â”€â”€â”€â”€â”€â”€â”¤
   â”‚ Total Leaks:                 8 allocations                    â”‚
   â”‚ Current Memory:             32 bytes                         â”‚
   â”‚ Peak Memory:               84 bytes                         â”‚
   â”‚ Allocations:                21                               â”‚
   â”‚ Deallocations:              13                               â”‚
   â””â”€â”€â”€â”€â”€â”€â”€â”€â”€â”€â”€â”€â”€â”€â”€â”€â”€â”€â”€â”€â”€â”€â”€â”€â”€â”€â”€â”€â”€â”€â”€â”€â”€â”€â”€â”€â”€â”€â”€â”€â”€â”€â”€â”€â”€â”€â”€â”€â”€â”€â”€â”€â”€â”€â”€â”€â”€â”˜
ğŸ” String: 4 leaks
ğŸ” List: 4 leaks
/Users/theisen/Projects/tiny-clj/src/tests/unity_test_runner.c:745:all_tests[i].func:PASS
âœ… Test completed: test_autorelease_pool_memory_cleanup

ğŸ§ª Running test: test_parse_basic_types
ğŸ” Memory profiling enabled (statistics reset)
/Users/theisen/Projects/tiny-clj/src/tests/unity_test_runner.c:745:all_tests[i].func:PASS
âœ… Test completed: test_parse_basic_types

ğŸ§ª Running test: test_parse_collections
ğŸ” Memory profiling enabled (statistics reset)
ğŸ“Š Memory: Alloc:11 Dealloc:6 Peak:32 Current:20 Leaks:5
ğŸ“‹ Symbol: A:0/0 R:2 AR:2
ğŸ“‹ Vector: A:8/5 Rel:5 AR:1
ğŸ“‹ List: A:3/1 R:2 Rel:2 AR:1
ğŸš¨ LEAK: 5 objects, 20 bytes

ğŸš¨ MEMORY LEAK DETECTED at Test Complete:
   â”Œâ”€â”€â”€â”€â”€â”€â”€â”€â”€â”€â”€â”€â”€â”€â”€â”€â”€â”€â”€â”€â”€â”€â”€â”€â”€â”€â”€â”€â”€â”€â”€â”€â”€â”€â”€â”€â”€â”€â”€â”€â”€â”€â”€â”€â”€â”€â”€â”€â”€â”€â”€â”€â”€â”€â”€â”€â”€â”
   â”‚ LEAK SUMMARY                                            â”‚
   â”œâ”€â”€â”€â”€â”€â”€â”€â”€â”€â”€â”€â”€â”€â”€â”€â”€â”€â”€â”€â”€â”€â”€â”€â”€â”€â”€â”€â”€â”€â”€â”€â”€â”€â”€â”€â”€â”€â”€â”€â”€â”€â”€â”€â”€â”€â”€â”€â”€â”€â”€â”€â”€â”€â”€â”€â”€â”€â”¤
   â”‚ Total Leaks:                 5 allocations                    â”‚
   â”‚ Current Memory:             20 bytes                         â”‚
   â”‚ Peak Memory:               32 bytes                         â”‚
   â”‚ Allocations:                11                               â”‚
   â”‚ Deallocations:               6                               â”‚
   â””â”€â”€â”€â”€â”€â”€â”€â”€â”€â”€â”€â”€â”€â”€â”€â”€â”€â”€â”€â”€â”€â”€â”€â”€â”€â”€â”€â”€â”€â”€â”€â”€â”€â”€â”€â”€â”€â”€â”€â”€â”€â”€â”€â”€â”€â”€â”€â”€â”€â”€â”€â”€â”€â”€â”€â”€â”€â”˜
ğŸ” Vector: 3 leaks
ğŸ” List: 2 leaks
/Users/theisen/Projects/tiny-clj/src/tests/unity_test_runner.c:745:all_tests[i].func:PASS
âœ… Test completed: test_parse_collections

ğŸ§ª Running test: test_parse_comments
ğŸ” Memory profiling enabled (statistics reset)
/Users/theisen/Projects/tiny-clj/src/tests/unity_test_runner.c:745:all_tests[i].func:PASS
âœ… Test completed: test_parse_comments

ğŸ§ª Running test: test_parse_metadata
ğŸ” Memory profiling enabled (statistics reset)
/Users/theisen/Projects/tiny-clj/src/tests/unity_test_runner.c:745:all_tests[i].func:PASS
âœ… Test completed: test_parse_metadata

ğŸ§ª Running test: test_parse_utf8_symbols
ğŸ” Memory profiling enabled (statistics reset)
/Users/theisen/Projects/tiny-clj/src/tests/unity_test_runner.c:745:all_tests[i].func:PASS
âœ… Test completed: test_parse_utf8_symbols

ğŸ§ª Running test: test_keyword_evaluation
ğŸ” Memory profiling enabled (statistics reset)
/Users/theisen/Projects/tiny-clj/src/tests/unity_test_runner.c:745:all_tests[i].func:PASS
âœ… Test completed: test_keyword_evaluation

ğŸ§ª Running test: test_keyword_map_access
ğŸ” Memory profiling enabled (statistics reset)
ğŸ“Š Memory: Alloc:5 Dealloc:4 Peak:16 Current:4 Leaks:1
ğŸ“‹ Symbol: A:0/0 R:6 AR:5
ğŸ“‹ Vector: A:3/3 Rel:3
ğŸ“‹ Map: A:0/0 R:2
ğŸ“‹ List: A:2/1 R:1 Rel:2 AR:1
ğŸš¨ LEAK: 1 objects, 4 bytes

ğŸš¨ MEMORY LEAK DETECTED at Test Complete:
   â”Œâ”€â”€â”€â”€â”€â”€â”€â”€â”€â”€â”€â”€â”€â”€â”€â”€â”€â”€â”€â”€â”€â”€â”€â”€â”€â”€â”€â”€â”€â”€â”€â”€â”€â”€â”€â”€â”€â”€â”€â”€â”€â”€â”€â”€â”€â”€â”€â”€â”€â”€â”€â”€â”€â”€â”€â”€â”€â”
   â”‚ LEAK SUMMARY                                            â”‚
   â”œâ”€â”€â”€â”€â”€â”€â”€â”€â”€â”€â”€â”€â”€â”€â”€â”€â”€â”€â”€â”€â”€â”€â”€â”€â”€â”€â”€â”€â”€â”€â”€â”€â”€â”€â”€â”€â”€â”€â”€â”€â”€â”€â”€â”€â”€â”€â”€â”€â”€â”€â”€â”€â”€â”€â”€â”€â”€â”¤
   â”‚ Total Leaks:                 1 allocations                    â”‚
   â”‚ Current Memory:              4 bytes                         â”‚
   â”‚ Peak Memory:               16 bytes                         â”‚
   â”‚ Allocations:                 5                               â”‚
   â”‚ Deallocations:               4                               â”‚
   â””â”€â”€â”€â”€â”€â”€â”€â”€â”€â”€â”€â”€â”€â”€â”€â”€â”€â”€â”€â”€â”€â”€â”€â”€â”€â”€â”€â”€â”€â”€â”€â”€â”€â”€â”€â”€â”€â”€â”€â”€â”€â”€â”€â”€â”€â”€â”€â”€â”€â”€â”€â”€â”€â”€â”€â”€â”€â”˜
ğŸ” List: 1 leaks
/Users/theisen/Projects/tiny-clj/src/tests/unity_test_runner.c:745:all_tests[i].func:PASS
âœ… Test completed: test_keyword_map_access

ğŸ§ª Running test: test_parse_multiline_expressions
ğŸ” Memory profiling enabled (statistics reset)
ğŸ“Š Memory: Alloc:42 Dealloc:15 Peak:120 Current:108 Leaks:27
ğŸ“‹ Symbol: A:0/0 R:22 AR:10
ğŸ“‹ Vector: A:22/12 R:2 Rel:12 AR:4
ğŸ“‹ Map: A:0/0 R:3
ğŸ“‹ List: A:20/3 R:20 Rel:9 AR:6
ğŸš¨ LEAK: 27 objects, 108 bytes

ğŸš¨ MEMORY LEAK DETECTED at Test Complete:
   â”Œâ”€â”€â”€â”€â”€â”€â”€â”€â”€â”€â”€â”€â”€â”€â”€â”€â”€â”€â”€â”€â”€â”€â”€â”€â”€â”€â”€â”€â”€â”€â”€â”€â”€â”€â”€â”€â”€â”€â”€â”€â”€â”€â”€â”€â”€â”€â”€â”€â”€â”€â”€â”€â”€â”€â”€â”€â”€â”
   â”‚ LEAK SUMMARY                                            â”‚
   â”œâ”€â”€â”€â”€â”€â”€â”€â”€â”€â”€â”€â”€â”€â”€â”€â”€â”€â”€â”€â”€â”€â”€â”€â”€â”€â”€â”€â”€â”€â”€â”€â”€â”€â”€â”€â”€â”€â”€â”€â”€â”€â”€â”€â”€â”€â”€â”€â”€â”€â”€â”€â”€â”€â”€â”€â”€â”€â”¤
   â”‚ Total Leaks:                27 allocations                    â”‚
   â”‚ Current Memory:            108 bytes                         â”‚
   â”‚ Peak Memory:              120 bytes                         â”‚
   â”‚ Allocations:                42                               â”‚
   â”‚ Deallocations:              15                               â”‚
   â””â”€â”€â”€â”€â”€â”€â”€â”€â”€â”€â”€â”€â”€â”€â”€â”€â”€â”€â”€â”€â”€â”€â”€â”€â”€â”€â”€â”€â”€â”€â”€â”€â”€â”€â”€â”€â”€â”€â”€â”€â”€â”€â”€â”€â”€â”€â”€â”€â”€â”€â”€â”€â”€â”€â”€â”€â”€â”˜
ğŸ” Vector: 10 leaks
ğŸ” List: 17 leaks
/Users/theisen/Projects/tiny-clj/src/tests/unity_test_runner.c:745:all_tests[i].func:PASS
âœ… Test completed: test_parse_multiline_expressions

ğŸ§ª Running test: test_simple_try_catch_exception_caught
ğŸ” Memory profiling enabled (statistics reset)
/Users/theisen/Projects/tiny-clj/src/tests/unity_test_runner.c:745:all_tests[i].func:PASS
âœ… Test completed: test_simple_try_catch_exception_caught

ğŸ§ª Running test: test_simple_try_catch_no_exception
ğŸ” Memory profiling enabled (statistics reset)
/Users/theisen/Projects/tiny-clj/src/tests/unity_test_runner.c:745:all_tests[i].func:PASS
âœ… Test completed: test_simple_try_catch_no_exception

ğŸ§ª Running test: test_nested_try_catch_inner_exception
ğŸ” Memory profiling enabled (statistics reset)
/Users/theisen/Projects/tiny-clj/src/tests/unity_test_runner.c:745:all_tests[i].func:PASS
âœ… Test completed: test_nested_try_catch_inner_exception

ğŸ§ª Running test: test_nested_try_catch_outer_exception
ğŸ” Memory profiling enabled (statistics reset)
/Users/theisen/Projects/tiny-clj/src/tests/unity_test_runner.c:745:all_tests[i].func:PASS
âœ… Test completed: test_nested_try_catch_outer_exception

ğŸ§ª Running test: test_exception_with_autorelease
ğŸ” Memory profiling enabled (statistics reset)
/Users/theisen/Projects/tiny-clj/src/tests/unity_test_runner.c:745:all_tests[i].func:PASS
âœ… Test completed: test_exception_with_autorelease

ğŸ§ª Running test: test_repl_crash_scenario
ğŸ” Memory profiling enabled (statistics reset)
/Users/theisen/Projects/tiny-clj/src/tests/unity_test_runner.c:745:all_tests[i].func:PASS
âœ… Test completed: test_repl_crash_scenario

ğŸ§ª Running test: test_map_arity_exception_zero_args
ğŸ” Memory profiling enabled (statistics reset)
/Users/theisen/Projects/tiny-clj/src/tests/unity_test_runner.c:745:all_tests[i].func:PASS
âœ… Test completed: test_map_arity_exception_zero_args

ğŸ§ª Running test: test_with_autorelease_pool_swallows_exceptions
ğŸ” Memory profiling enabled (statistics reset)
ğŸ“Š Memory: Alloc:2 Dealloc:1 Peak:8 Current:4 Leaks:1
ğŸ“‹ Symbol: A:0/0 AR:2
ğŸ“‹ Vector: A:1/1 Rel:1
ğŸ“‹ Exception: A:1/0
ğŸš¨ LEAK: 1 objects, 4 bytes

ğŸš¨ MEMORY LEAK DETECTED at Test Complete:
   â”Œâ”€â”€â”€â”€â”€â”€â”€â”€â”€â”€â”€â”€â”€â”€â”€â”€â”€â”€â”€â”€â”€â”€â”€â”€â”€â”€â”€â”€â”€â”€â”€â”€â”€â”€â”€â”€â”€â”€â”€â”€â”€â”€â”€â”€â”€â”€â”€â”€â”€â”€â”€â”€â”€â”€â”€â”€â”€â”
   â”‚ LEAK SUMMARY                                            â”‚
   â”œâ”€â”€â”€â”€â”€â”€â”€â”€â”€â”€â”€â”€â”€â”€â”€â”€â”€â”€â”€â”€â”€â”€â”€â”€â”€â”€â”€â”€â”€â”€â”€â”€â”€â”€â”€â”€â”€â”€â”€â”€â”€â”€â”€â”€â”€â”€â”€â”€â”€â”€â”€â”€â”€â”€â”€â”€â”€â”¤
   â”‚ Total Leaks:                 1 allocations                    â”‚
   â”‚ Current Memory:              4 bytes                         â”‚
   â”‚ Peak Memory:                8 bytes                         â”‚
   â”‚ Allocations:                 2                               â”‚
   â”‚ Deallocations:               1                               â”‚
   â””â”€â”€â”€â”€â”€â”€â”€â”€â”€â”€â”€â”€â”€â”€â”€â”€â”€â”€â”€â”€â”€â”€â”€â”€â”€â”€â”€â”€â”€â”€â”€â”€â”€â”€â”€â”€â”€â”€â”€â”€â”€â”€â”€â”€â”€â”€â”€â”€â”€â”€â”€â”€â”€â”€â”€â”€â”€â”˜
ğŸ” Exception: 1 leaks
/Users/theisen/Projects/tiny-clj/src/tests/unity_test_runner.c:745:all_tests[i].func:PASS
âœ… Test completed: test_with_autorelease_pool_swallows_exceptions

ğŸ§ª Running test: test_throw_existing_exception
ğŸ” Memory profiling enabled (statistics reset)
/Users/theisen/Projects/tiny-clj/src/tests/unity_test_runner.c:745:all_tests[i].func:PASS
âœ… Test completed: test_throw_existing_exception

ğŸ§ª Running test: test_throw_macro_convenience
ğŸ” Memory profiling enabled (statistics reset)
/Users/theisen/Projects/tiny-clj/src/tests/unity_test_runner.c:745:all_tests[i].func:PASS
âœ… Test completed: test_throw_macro_convenience

ğŸ§ª Running test: test_list_count
ğŸ” Memory profiling enabled (statistics reset)
/Users/theisen/Projects/tiny-clj/src/tests/unity_test_runner.c:745:all_tests[i].func:PASS
âœ… Test completed: test_list_count

ğŸ§ª Running test: test_conj_arity_0
ğŸ” Memory profiling enabled (statistics reset)
/Users/theisen/Projects/tiny-clj/src/tests/unity_test_runner.c:745:all_tests[i].func:PASS
âœ… Test completed: test_conj_arity_0

ğŸ§ª Running test: test_conj_arity_1
ğŸ” Memory profiling enabled (statistics reset)
ğŸ“Š Memory: Alloc:7 Dealloc:4 Peak:28 Current:12 Leaks:3
ğŸ“‹ Symbol: A:0/0 R:3 AR:2
ğŸ“‹ Vector: A:5/3 R:4 Rel:5 AR:2
ğŸ“‹ List: A:2/1 R:3 Rel:4 AR:3
ğŸ“‹ Function: A:0/0 R:1 AR:1
ğŸš¨ LEAK: 3 objects, 12 bytes

ğŸš¨ MEMORY LEAK DETECTED at Test Complete:
   â”Œâ”€â”€â”€â”€â”€â”€â”€â”€â”€â”€â”€â”€â”€â”€â”€â”€â”€â”€â”€â”€â”€â”€â”€â”€â”€â”€â”€â”€â”€â”€â”€â”€â”€â”€â”€â”€â”€â”€â”€â”€â”€â”€â”€â”€â”€â”€â”€â”€â”€â”€â”€â”€â”€â”€â”€â”€â”€â”
   â”‚ LEAK SUMMARY                                            â”‚
   â”œâ”€â”€â”€â”€â”€â”€â”€â”€â”€â”€â”€â”€â”€â”€â”€â”€â”€â”€â”€â”€â”€â”€â”€â”€â”€â”€â”€â”€â”€â”€â”€â”€â”€â”€â”€â”€â”€â”€â”€â”€â”€â”€â”€â”€â”€â”€â”€â”€â”€â”€â”€â”€â”€â”€â”€â”€â”€â”¤
   â”‚ Total Leaks:                 3 allocations                    â”‚
   â”‚ Current Memory:             12 bytes                         â”‚
   â”‚ Peak Memory:               28 bytes                         â”‚
   â”‚ Allocations:                 7                               â”‚
   â”‚ Deallocations:               4                               â”‚
   â””â”€â”€â”€â”€â”€â”€â”€â”€â”€â”€â”€â”€â”€â”€â”€â”€â”€â”€â”€â”€â”€â”€â”€â”€â”€â”€â”€â”€â”€â”€â”€â”€â”€â”€â”€â”€â”€â”€â”€â”€â”€â”€â”€â”€â”€â”€â”€â”€â”€â”€â”€â”€â”€â”€â”€â”€â”€â”˜
ğŸ” Vector: 2 leaks
ğŸ” List: 1 leaks
/Users/theisen/Projects/tiny-clj/src/tests/unity_test_runner.c:745:all_tests[i].func:PASS
âœ… Test completed: test_conj_arity_1

ğŸ§ª Running test: test_conj_arity_2
ğŸ” Memory profiling enabled (statistics reset)
ğŸ“Š Memory: Alloc:9 Dealloc:5 Peak:32 Current:16 Leaks:4
ğŸ“‹ Symbol: A:0/0 R:3 AR:2
ğŸ“‹ Vector: A:6/4 R:4 Rel:5 AR:2
ğŸ“‹ List: A:3/1 R:7 Rel:7 AR:6
ğŸ“‹ Function: A:0/0 R:1 AR:1
ğŸš¨ LEAK: 4 objects, 16 bytes

ğŸš¨ MEMORY LEAK DETECTED at Test Complete:
   â”Œâ”€â”€â”€â”€â”€â”€â”€â”€â”€â”€â”€â”€â”€â”€â”€â”€â”€â”€â”€â”€â”€â”€â”€â”€â”€â”€â”€â”€â”€â”€â”€â”€â”€â”€â”€â”€â”€â”€â”€â”€â”€â”€â”€â”€â”€â”€â”€â”€â”€â”€â”€â”€â”€â”€â”€â”€â”€â”
   â”‚ LEAK SUMMARY                                            â”‚
   â”œâ”€â”€â”€â”€â”€â”€â”€â”€â”€â”€â”€â”€â”€â”€â”€â”€â”€â”€â”€â”€â”€â”€â”€â”€â”€â”€â”€â”€â”€â”€â”€â”€â”€â”€â”€â”€â”€â”€â”€â”€â”€â”€â”€â”€â”€â”€â”€â”€â”€â”€â”€â”€â”€â”€â”€â”€â”€â”¤
   â”‚ Total Leaks:                 4 allocations                    â”‚
   â”‚ Current Memory:             16 bytes                         â”‚
   â”‚ Peak Memory:               32 bytes                         â”‚
   â”‚ Allocations:                 9                               â”‚
   â”‚ Deallocations:               5                               â”‚
   â””â”€â”€â”€â”€â”€â”€â”€â”€â”€â”€â”€â”€â”€â”€â”€â”€â”€â”€â”€â”€â”€â”€â”€â”€â”€â”€â”€â”€â”€â”€â”€â”€â”€â”€â”€â”€â”€â”€â”€â”€â”€â”€â”€â”€â”€â”€â”€â”€â”€â”€â”€â”€â”€â”€â”€â”€â”€â”˜
ğŸ” Vector: 2 leaks
ğŸ” List: 2 leaks
/Users/theisen/Projects/tiny-clj/src/tests/unity_test_runner.c:745:all_tests[i].func:PASS
âœ… Test completed: test_conj_arity_2

ğŸ§ª Running test: test_conj_arity_variadic
ğŸ” Memory profiling enabled (statistics reset)
ğŸ“Š Memory: Alloc:12 Dealloc:5 Peak:36 Current:28 Leaks:7
ğŸ“‹ Symbol: A:0/0 R:3 AR:2
ğŸ“‹ Vector: A:7/4 R:4 Rel:5 AR:2
ğŸ“‹ List: A:5/1 R:18 Rel:16 AR:15
ğŸ“‹ Function: A:0/0 R:1 AR:1
ğŸš¨ LEAK: 7 objects, 28 bytes

ğŸš¨ MEMORY LEAK DETECTED at Test Complete:
   â”Œâ”€â”€â”€â”€â”€â”€â”€â”€â”€â”€â”€â”€â”€â”€â”€â”€â”€â”€â”€â”€â”€â”€â”€â”€â”€â”€â”€â”€â”€â”€â”€â”€â”€â”€â”€â”€â”€â”€â”€â”€â”€â”€â”€â”€â”€â”€â”€â”€â”€â”€â”€â”€â”€â”€â”€â”€â”€â”
   â”‚ LEAK SUMMARY                                            â”‚
   â”œâ”€â”€â”€â”€â”€â”€â”€â”€â”€â”€â”€â”€â”€â”€â”€â”€â”€â”€â”€â”€â”€â”€â”€â”€â”€â”€â”€â”€â”€â”€â”€â”€â”€â”€â”€â”€â”€â”€â”€â”€â”€â”€â”€â”€â”€â”€â”€â”€â”€â”€â”€â”€â”€â”€â”€â”€â”€â”¤
   â”‚ Total Leaks:                 7 allocations                    â”‚
   â”‚ Current Memory:             28 bytes                         â”‚
   â”‚ Peak Memory:               36 bytes                         â”‚
   â”‚ Allocations:                12                               â”‚
   â”‚ Deallocations:               5                               â”‚
   â””â”€â”€â”€â”€â”€â”€â”€â”€â”€â”€â”€â”€â”€â”€â”€â”€â”€â”€â”€â”€â”€â”€â”€â”€â”€â”€â”€â”€â”€â”€â”€â”€â”€â”€â”€â”€â”€â”€â”€â”€â”€â”€â”€â”€â”€â”€â”€â”€â”€â”€â”€â”€â”€â”€â”€â”€â”€â”˜
ğŸ” Vector: 3 leaks
ğŸ” List: 4 leaks
/Users/theisen/Projects/tiny-clj/src/tests/unity_test_runner.c:745:all_tests[i].func:PASS
âœ… Test completed: test_conj_arity_variadic

ğŸ§ª Running test: test_conj_nil_collection
ğŸ” Memory profiling enabled (statistics reset)
ğŸ“Š Memory: Alloc:6 Dealloc:4 Peak:20 Current:8 Leaks:2
ğŸ“‹ Symbol: A:0/0 R:3 AR:2
ğŸ“‹ Vector: A:2/2 Rel:2
ğŸ“‹ List: A:4/2 R:7 Rel:8 AR:6
ğŸ“‹ Function: A:0/0 R:1 AR:1
ğŸš¨ LEAK: 2 objects, 8 bytes

ğŸš¨ MEMORY LEAK DETECTED at Test Complete:
   â”Œâ”€â”€â”€â”€â”€â”€â”€â”€â”€â”€â”€â”€â”€â”€â”€â”€â”€â”€â”€â”€â”€â”€â”€â”€â”€â”€â”€â”€â”€â”€â”€â”€â”€â”€â”€â”€â”€â”€â”€â”€â”€â”€â”€â”€â”€â”€â”€â”€â”€â”€â”€â”€â”€â”€â”€â”€â”€â”
   â”‚ LEAK SUMMARY                                            â”‚
   â”œâ”€â”€â”€â”€â”€â”€â”€â”€â”€â”€â”€â”€â”€â”€â”€â”€â”€â”€â”€â”€â”€â”€â”€â”€â”€â”€â”€â”€â”€â”€â”€â”€â”€â”€â”€â”€â”€â”€â”€â”€â”€â”€â”€â”€â”€â”€â”€â”€â”€â”€â”€â”€â”€â”€â”€â”€â”€â”¤
   â”‚ Total Leaks:                 2 allocations                    â”‚
   â”‚ Current Memory:              8 bytes                         â”‚
   â”‚ Peak Memory:               20 bytes                         â”‚
   â”‚ Allocations:                 6                               â”‚
   â”‚ Deallocations:               4                               â”‚
   â””â”€â”€â”€â”€â”€â”€â”€â”€â”€â”€â”€â”€â”€â”€â”€â”€â”€â”€â”€â”€â”€â”€â”€â”€â”€â”€â”€â”€â”€â”€â”€â”€â”€â”€â”€â”€â”€â”€â”€â”€â”€â”€â”€â”€â”€â”€â”€â”€â”€â”€â”€â”€â”€â”€â”€â”€â”€â”˜
ğŸ” List: 2 leaks
/Users/theisen/Projects/tiny-clj/src/tests/unity_test_runner.c:745:all_tests[i].func:PASS
âœ… Test completed: test_conj_nil_collection

ğŸ§ª Running test: test_rest_arity_0
ğŸ” Memory profiling enabled (statistics reset)
ğŸ“Š Memory: Alloc:4 Dealloc:3 Peak:12 Current:4 Leaks:1
ğŸ“‹ Symbol: A:0/0 R:3 AR:2
ğŸ“‹ Vector: A:2/2 Rel:2
ğŸ“‹ List: A:1/1 Rel:1 AR:1
ğŸ“‹ Function: A:0/0 R:1 AR:1
ğŸ“‹ Exception: A:1/0
ğŸš¨ LEAK: 1 objects, 4 bytes

ğŸš¨ MEMORY LEAK DETECTED at Test Complete:
   â”Œâ”€â”€â”€â”€â”€â”€â”€â”€â”€â”€â”€â”€â”€â”€â”€â”€â”€â”€â”€â”€â”€â”€â”€â”€â”€â”€â”€â”€â”€â”€â”€â”€â”€â”€â”€â”€â”€â”€â”€â”€â”€â”€â”€â”€â”€â”€â”€â”€â”€â”€â”€â”€â”€â”€â”€â”€â”€â”
   â”‚ LEAK SUMMARY                                            â”‚
   â”œâ”€â”€â”€â”€â”€â”€â”€â”€â”€â”€â”€â”€â”€â”€â”€â”€â”€â”€â”€â”€â”€â”€â”€â”€â”€â”€â”€â”€â”€â”€â”€â”€â”€â”€â”€â”€â”€â”€â”€â”€â”€â”€â”€â”€â”€â”€â”€â”€â”€â”€â”€â”€â”€â”€â”€â”€â”€â”¤
   â”‚ Total Leaks:                 1 allocations                    â”‚
   â”‚ Current Memory:              4 bytes                         â”‚
   â”‚ Peak Memory:               12 bytes                         â”‚
   â”‚ Allocations:                 4                               â”‚
   â”‚ Deallocations:               3                               â”‚
   â””â”€â”€â”€â”€â”€â”€â”€â”€â”€â”€â”€â”€â”€â”€â”€â”€â”€â”€â”€â”€â”€â”€â”€â”€â”€â”€â”€â”€â”€â”€â”€â”€â”€â”€â”€â”€â”€â”€â”€â”€â”€â”€â”€â”€â”€â”€â”€â”€â”€â”€â”€â”€â”€â”€â”€â”€â”€â”˜
ğŸ” Exception: 1 leaks
/Users/theisen/Projects/tiny-clj/src/tests/unity_test_runner.c:745:all_tests[i].func:PASS
âœ… Test completed: test_rest_arity_0

ğŸ§ª Running test: test_rest_nil
ğŸ” Memory profiling enabled (statistics reset)
ğŸ“Š Memory: Alloc:5 Dealloc:4 Peak:16 Current:4 Leaks:1
ğŸ“‹ Symbol: A:0/0 R:3 AR:2
ğŸ“‹ Vector: A:2/2 Rel:2
ğŸ“‹ List: A:3/2 R:3 Rel:5 AR:3
ğŸ“‹ Function: A:0/0 R:1 AR:1
ğŸš¨ LEAK: 1 objects, 4 bytes

ğŸš¨ MEMORY LEAK DETECTED at Test Complete:
   â”Œâ”€â”€â”€â”€â”€â”€â”€â”€â”€â”€â”€â”€â”€â”€â”€â”€â”€â”€â”€â”€â”€â”€â”€â”€â”€â”€â”€â”€â”€â”€â”€â”€â”€â”€â”€â”€â”€â”€â”€â”€â”€â”€â”€â”€â”€â”€â”€â”€â”€â”€â”€â”€â”€â”€â”€â”€â”€â”
   â”‚ LEAK SUMMARY                                            â”‚
   â”œâ”€â”€â”€â”€â”€â”€â”€â”€â”€â”€â”€â”€â”€â”€â”€â”€â”€â”€â”€â”€â”€â”€â”€â”€â”€â”€â”€â”€â”€â”€â”€â”€â”€â”€â”€â”€â”€â”€â”€â”€â”€â”€â”€â”€â”€â”€â”€â”€â”€â”€â”€â”€â”€â”€â”€â”€â”€â”¤
   â”‚ Total Leaks:                 1 allocations                    â”‚
   â”‚ Current Memory:              4 bytes                         â”‚
   â”‚ Peak Memory:               16 bytes                         â”‚
   â”‚ Allocations:                 5                               â”‚
   â”‚ Deallocations:               4                               â”‚
   â””â”€â”€â”€â”€â”€â”€â”€â”€â”€â”€â”€â”€â”€â”€â”€â”€â”€â”€â”€â”€â”€â”€â”€â”€â”€â”€â”€â”€â”€â”€â”€â”€â”€â”€â”€â”€â”€â”€â”€â”€â”€â”€â”€â”€â”€â”€â”€â”€â”€â”€â”€â”€â”€â”€â”€â”€â”€â”˜
ğŸ” List: 1 leaks
/Users/theisen/Projects/tiny-clj/src/tests/unity_test_runner.c:745:all_tests[i].func:PASS
âœ… Test completed: test_rest_nil

ğŸ§ª Running test: test_rest_empty_vector
ğŸ” Memory profiling enabled (statistics reset)
ğŸ“Š Memory: Alloc:5 Dealloc:4 Peak:16 Current:4 Leaks:1
ğŸ“‹ Symbol: A:0/0 R:3 AR:2
ğŸ“‹ Vector: A:2/2 R:4 Rel:5 AR:2
ğŸ“‹ List: A:3/2 R:3 Rel:5 AR:3
ğŸ“‹ Function: A:0/0 R:1 AR:1
ğŸš¨ LEAK: 1 objects, 4 bytes

ğŸš¨ MEMORY LEAK DETECTED at Test Complete:
   â”Œâ”€â”€â”€â”€â”€â”€â”€â”€â”€â”€â”€â”€â”€â”€â”€â”€â”€â”€â”€â”€â”€â”€â”€â”€â”€â”€â”€â”€â”€â”€â”€â”€â”€â”€â”€â”€â”€â”€â”€â”€â”€â”€â”€â”€â”€â”€â”€â”€â”€â”€â”€â”€â”€â”€â”€â”€â”€â”
   â”‚ LEAK SUMMARY                                            â”‚
   â”œâ”€â”€â”€â”€â”€â”€â”€â”€â”€â”€â”€â”€â”€â”€â”€â”€â”€â”€â”€â”€â”€â”€â”€â”€â”€â”€â”€â”€â”€â”€â”€â”€â”€â”€â”€â”€â”€â”€â”€â”€â”€â”€â”€â”€â”€â”€â”€â”€â”€â”€â”€â”€â”€â”€â”€â”€â”€â”¤
   â”‚ Total Leaks:                 1 allocations                    â”‚
   â”‚ Current Memory:              4 bytes                         â”‚
   â”‚ Peak Memory:               16 bytes                         â”‚
   â”‚ Allocations:                 5                               â”‚
   â”‚ Deallocations:               4                               â”‚
   â””â”€â”€â”€â”€â”€â”€â”€â”€â”€â”€â”€â”€â”€â”€â”€â”€â”€â”€â”€â”€â”€â”€â”€â”€â”€â”€â”€â”€â”€â”€â”€â”€â”€â”€â”€â”€â”€â”€â”€â”€â”€â”€â”€â”€â”€â”€â”€â”€â”€â”€â”€â”€â”€â”€â”€â”€â”€â”˜
ğŸ” List: 1 leaks
/Users/theisen/Projects/tiny-clj/src/tests/unity_test_runner.c:745:all_tests[i].func:PASS
âœ… Test completed: test_rest_empty_vector

ğŸ§ª Running test: test_rest_single_element
ğŸ” Memory profiling enabled (statistics reset)
ğŸ“Š Memory: Alloc:7 Dealloc:5 Peak:24 Current:8 Leaks:2
ğŸ“‹ Symbol: A:0/0 R:3 AR:2
ğŸ“‹ Vector: A:4/3 R:4 Rel:5 AR:2
ğŸ“‹ List: A:3/2 R:3 Rel:5 AR:3
ğŸ“‹ Function: A:0/0 R:1 AR:1
ğŸš¨ LEAK: 2 objects, 8 bytes

ğŸš¨ MEMORY LEAK DETECTED at Test Complete:
   â”Œâ”€â”€â”€â”€â”€â”€â”€â”€â”€â”€â”€â”€â”€â”€â”€â”€â”€â”€â”€â”€â”€â”€â”€â”€â”€â”€â”€â”€â”€â”€â”€â”€â”€â”€â”€â”€â”€â”€â”€â”€â”€â”€â”€â”€â”€â”€â”€â”€â”€â”€â”€â”€â”€â”€â”€â”€â”€â”
   â”‚ LEAK SUMMARY                                            â”‚
   â”œâ”€â”€â”€â”€â”€â”€â”€â”€â”€â”€â”€â”€â”€â”€â”€â”€â”€â”€â”€â”€â”€â”€â”€â”€â”€â”€â”€â”€â”€â”€â”€â”€â”€â”€â”€â”€â”€â”€â”€â”€â”€â”€â”€â”€â”€â”€â”€â”€â”€â”€â”€â”€â”€â”€â”€â”€â”€â”¤
   â”‚ Total Leaks:                 2 allocations                    â”‚
   â”‚ Current Memory:              8 bytes                         â”‚
   â”‚ Peak Memory:               24 bytes                         â”‚
   â”‚ Allocations:                 7                               â”‚
   â”‚ Deallocations:               5                               â”‚
   â””â”€â”€â”€â”€â”€â”€â”€â”€â”€â”€â”€â”€â”€â”€â”€â”€â”€â”€â”€â”€â”€â”€â”€â”€â”€â”€â”€â”€â”€â”€â”€â”€â”€â”€â”€â”€â”€â”€â”€â”€â”€â”€â”€â”€â”€â”€â”€â”€â”€â”€â”€â”€â”€â”€â”€â”€â”€â”˜
ğŸ” Vector: 1 leaks
ğŸ” List: 1 leaks
/Users/theisen/Projects/tiny-clj/src/tests/unity_test_runner.c:745:all_tests[i].func:PASS
âœ… Test completed: test_rest_single_element

ğŸ§ª Running test: test_list_creation
ğŸ” Memory profiling enabled (statistics reset)
ğŸ“Š Memory: Alloc:15 Dealloc:8 Peak:44 Current:28 Leaks:7
ğŸ“‹ Symbol: A:0/0 R:15 AR:11
ğŸ“‹ Vector: A:4/4 Rel:4
ğŸ“‹ List: A:11/4 R:17 Rel:17 AR:13
ğŸ“‹ Function: A:0/0 R:1 AR:1
ğŸš¨ LEAK: 7 objects, 28 bytes

ğŸš¨ MEMORY LEAK DETECTED at Test Complete:
   â”Œâ”€â”€â”€â”€â”€â”€â”€â”€â”€â”€â”€â”€â”€â”€â”€â”€â”€â”€â”€â”€â”€â”€â”€â”€â”€â”€â”€â”€â”€â”€â”€â”€â”€â”€â”€â”€â”€â”€â”€â”€â”€â”€â”€â”€â”€â”€â”€â”€â”€â”€â”€â”€â”€â”€â”€â”€â”€â”
   â”‚ LEAK SUMMARY                                            â”‚
   â”œâ”€â”€â”€â”€â”€â”€â”€â”€â”€â”€â”€â”€â”€â”€â”€â”€â”€â”€â”€â”€â”€â”€â”€â”€â”€â”€â”€â”€â”€â”€â”€â”€â”€â”€â”€â”€â”€â”€â”€â”€â”€â”€â”€â”€â”€â”€â”€â”€â”€â”€â”€â”€â”€â”€â”€â”€â”€â”¤
   â”‚ Total Leaks:                 7 allocations                    â”‚
   â”‚ Current Memory:             28 bytes                         â”‚
   â”‚ Peak Memory:               44 bytes                         â”‚
   â”‚ Allocations:                15                               â”‚
   â”‚ Deallocations:               8                               â”‚
   â””â”€â”€â”€â”€â”€â”€â”€â”€â”€â”€â”€â”€â”€â”€â”€â”€â”€â”€â”€â”€â”€â”€â”€â”€â”€â”€â”€â”€â”€â”€â”€â”€â”€â”€â”€â”€â”€â”€â”€â”€â”€â”€â”€â”€â”€â”€â”€â”€â”€â”€â”€â”€â”€â”€â”€â”€â”€â”˜
ğŸ” List: 7 leaks
/Users/theisen/Projects/tiny-clj/src/tests/unity_test_runner.c:745:all_tests[i].func:PASS
âœ… Test completed: test_list_creation

ğŸ§ª Running test: test_evalstate_creation
ğŸ” Memory profiling enabled (statistics reset)
/Users/theisen/Projects/tiny-clj/src/tests/unity_test_runner.c:745:all_tests[i].func:PASS
âœ… Test completed: test_evalstate_creation

ğŸ§ª Running test: test_namespace_switching
ğŸ” Memory profiling enabled (statistics reset)
/Users/theisen/Projects/tiny-clj/src/tests/unity_test_runner.c:745:all_tests[i].func:PASS
âœ… Test completed: test_namespace_switching

ğŸ§ª Running test: test_namespace_isolation
ğŸ” Memory profiling enabled (statistics reset)
/Users/theisen/Projects/tiny-clj/src/tests/unity_test_runner.c:745:all_tests[i].func:PASS
âœ… Test completed: test_namespace_isolation

ğŸ§ª Running test: test_special_ns_variable
ğŸ” Memory profiling enabled (statistics reset)
/Users/theisen/Projects/tiny-clj/src/tests/unity_test_runner.c:745:all_tests[i].func:PASS
âœ… Test completed: test_special_ns_variable

ğŸ§ª Running test: test_namespace_lookup
ğŸ” Memory profiling enabled (statistics reset)
/Users/theisen/Projects/tiny-clj/src/tests/unity_test_runner.c:745:all_tests[i].func:PASS
âœ… Test completed: test_namespace_lookup

ğŸ§ª Running test: test_namespace_binding
ğŸ” Memory profiling enabled (statistics reset)
/Users/theisen/Projects/tiny-clj/src/tests/unity_test_runner.c:745:all_tests[i].func:PASS
âœ… Test completed: test_namespace_binding

ğŸ§ª Running test: test_namespace_lookup_core_functions
ğŸ” Memory profiling enabled (statistics reset)
/Users/theisen/Projects/tiny-clj/src/tests/unity_test_runner.c:745:all_tests[i].func:PASS
âœ… Test completed: test_namespace_lookup_core_functions

ğŸ§ª Running test: test_namespace_lookup_user_namespace
ğŸ” Memory profiling enabled (statistics reset)
/Users/theisen/Projects/tiny-clj/src/tests/unity_test_runner.c:745:all_tests[i].func:PASS
âœ… Test completed: test_namespace_lookup_user_namespace

ğŸ§ª Running test: test_namespace_lookup_cross_namespace
ğŸ” Memory profiling enabled (statistics reset)
=== Loading Clojure Core Functions ===
[clojure.core] Loaded 20/20 expressions successfully
ğŸ“Š Memory: Alloc:283 Dealloc:42 Peak:1132 Current:964 Leaks:241
ğŸ“‹ Symbol: A:0/0 R:438 AR:244
ğŸ“‹ Vector: A:50/22 R:62 Rel:42 AR:41
ğŸ“‹ Map: A:0/0 R:20
ğŸ“‹ List: A:213/20 R:424 Rel:252 AR:232
ğŸ“‹ Closure: A:20/0 R:20 AR:40
ğŸš¨ LEAK: 241 objects, 964 bytes

ğŸš¨ MEMORY LEAK DETECTED at Test Complete:
   â”Œâ”€â”€â”€â”€â”€â”€â”€â”€â”€â”€â”€â”€â”€â”€â”€â”€â”€â”€â”€â”€â”€â”€â”€â”€â”€â”€â”€â”€â”€â”€â”€â”€â”€â”€â”€â”€â”€â”€â”€â”€â”€â”€â”€â”€â”€â”€â”€â”€â”€â”€â”€â”€â”€â”€â”€â”€â”€â”
   â”‚ LEAK SUMMARY                                            â”‚
   â”œâ”€â”€â”€â”€â”€â”€â”€â”€â”€â”€â”€â”€â”€â”€â”€â”€â”€â”€â”€â”€â”€â”€â”€â”€â”€â”€â”€â”€â”€â”€â”€â”€â”€â”€â”€â”€â”€â”€â”€â”€â”€â”€â”€â”€â”€â”€â”€â”€â”€â”€â”€â”€â”€â”€â”€â”€â”€â”¤
   â”‚ Total Leaks:               241 allocations                    â”‚
   â”‚ Current Memory:            964 bytes                         â”‚
   â”‚ Peak Memory:             1132 bytes                         â”‚
   â”‚ Allocations:               283                               â”‚
   â”‚ Deallocations:              42                               â”‚
   â””â”€â”€â”€â”€â”€â”€â”€â”€â”€â”€â”€â”€â”€â”€â”€â”€â”€â”€â”€â”€â”€â”€â”€â”€â”€â”€â”€â”€â”€â”€â”€â”€â”€â”€â”€â”€â”€â”€â”€â”€â”€â”€â”€â”€â”€â”€â”€â”€â”€â”€â”€â”€â”€â”€â”€â”€â”€â”˜
ğŸ” Vector: 28 leaks
ğŸ” List: 193 leaks
ğŸ” Closure: 20 leaks
/Users/theisen/Projects/tiny-clj/src/tests/unity_test_runner.c:745:all_tests[i].func:PASS
âœ… Test completed: test_namespace_lookup_cross_namespace

ğŸ§ª Running test: test_symbol_interning_consistency
ğŸ” Memory profiling enabled (statistics reset)
/Users/theisen/Projects/tiny-clj/src/tests/unity_test_runner.c:745:all_tests[i].func:PASS
âœ… Test completed: test_symbol_interning_consistency

ğŸ§ª Running test: test_symbol_interning_with_namespace
ğŸ” Memory profiling enabled (statistics reset)
/Users/theisen/Projects/tiny-clj/src/tests/unity_test_runner.c:745:all_tests[i].func:PASS
âœ… Test completed: test_symbol_interning_with_namespace

ğŸ§ª Running test: test_symbol_interning_global
ğŸ” Memory profiling enabled (statistics reset)
/Users/theisen/Projects/tiny-clj/src/tests/unity_test_runner.c:745:all_tests[i].func:PASS
âœ… Test completed: test_symbol_interning_global

ğŸ§ª Running test: test_symbol_table_operations
ğŸ” Memory profiling enabled (statistics reset)
/Users/theisen/Projects/tiny-clj/src/tests/unity_test_runner.c:745:all_tests[i].func:PASS
âœ… Test completed: test_symbol_table_operations

ğŸ§ª Running test: test_namespace_creation_and_switching
ğŸ” Memory profiling enabled (statistics reset)
/Users/theisen/Projects/tiny-clj/src/tests/unity_test_runner.c:745:all_tests[i].func:PASS
âœ… Test completed: test_namespace_creation_and_switching

ğŸ§ª Running test: test_namespace_variable_storage
ğŸ” Memory profiling enabled (statistics reset)
/Users/theisen/Projects/tiny-clj/src/tests/unity_test_runner.c:745:all_tests[i].func:PASS
âœ… Test completed: test_namespace_variable_storage

ğŸ§ª Running test: test_namespace_multiple_variables
ğŸ” Memory profiling enabled (statistics reset)
/Users/theisen/Projects/tiny-clj/src/tests/unity_test_runner.c:745:all_tests[i].func:PASS
âœ… Test completed: test_namespace_multiple_variables

ğŸ§ª Running test: test_symbol_resolution_fallback
ğŸ” Memory profiling enabled (statistics reset)
/Users/theisen/Projects/tiny-clj/src/tests/unity_test_runner.c:745:all_tests[i].func:PASS
âœ… Test completed: test_symbol_resolution_fallback

ğŸ§ª Running test: test_namespace_special_characters
ğŸ” Memory profiling enabled (statistics reset)
/Users/theisen/Projects/tiny-clj/src/tests/unity_test_runner.c:745:all_tests[i].func:PASS
âœ… Test completed: test_namespace_special_characters

ğŸ§ª Running test: test_namespace_error_handling
ğŸ” Memory profiling enabled (statistics reset)
/Users/theisen/Projects/tiny-clj/src/tests/unity_test_runner.c:745:all_tests[i].func:PASS
âœ… Test completed: test_namespace_error_handling

ğŸ§ª Running test: test_namespace_memory_management
ğŸ” Memory profiling enabled (statistics reset)
/Users/theisen/Projects/tiny-clj/src/tests/unity_test_runner.c:745:all_tests[i].func:PASS
âœ… Test completed: test_namespace_memory_management

ğŸ§ª Running test: test_equal_null_pointers
ğŸ” Memory profiling enabled (statistics reset)
/Users/theisen/Projects/tiny-clj/src/tests/unity_test_runner.c:745:all_tests[i].func:PASS
âœ… Test completed: test_equal_null_pointers

ğŸ§ª Running test: test_equal_same_objects
ğŸ” Memory profiling enabled (statistics reset)
/Users/theisen/Projects/tiny-clj/src/tests/unity_test_runner.c:745:all_tests[i].func:PASS
âœ… Test completed: test_equal_same_objects

ğŸ§ª Running test: test_equal_different_strings
ğŸ” Memory profiling enabled (statistics reset)
/Users/theisen/Projects/tiny-clj/src/tests/unity_test_runner.c:745:all_tests[i].func:PASS
âœ… Test completed: test_equal_different_strings

ğŸ§ª Running test: test_equal_different_types
ğŸ” Memory profiling enabled (statistics reset)
/Users/theisen/Projects/tiny-clj/src/tests/unity_test_runner.c:745:all_tests[i].func:PASS
âœ… Test completed: test_equal_different_types

ğŸ§ª Running test: test_equal_immediate_values
ğŸ” Memory profiling enabled (statistics reset)
/Users/theisen/Projects/tiny-clj/src/tests/unity_test_runner.c:745:all_tests[i].func:PASS
âœ… Test completed: test_equal_immediate_values

ğŸ§ª Running test: test_vector_equal_same_vectors
ğŸ” Memory profiling enabled (statistics reset)
/Users/theisen/Projects/tiny-clj/src/tests/unity_test_runner.c:745:all_tests[i].func:PASS
âœ… Test completed: test_vector_equal_same_vectors

ğŸ§ª Running test: test_vector_equal_different_lengths
ğŸ” Memory profiling enabled (statistics reset)
/Users/theisen/Projects/tiny-clj/src/tests/unity_test_runner.c:745:all_tests[i].func:PASS
âœ… Test completed: test_vector_equal_different_lengths

ğŸ§ª Running test: test_vector_equal_different_values
ğŸ” Memory profiling enabled (statistics reset)
/Users/theisen/Projects/tiny-clj/src/tests/unity_test_runner.c:745:all_tests[i].func:PASS
âœ… Test completed: test_vector_equal_different_values

ğŸ§ª Running test: test_clj_equal_id_function
ğŸ” Memory profiling enabled (statistics reset)
/Users/theisen/Projects/tiny-clj/src/tests/unity_test_runner.c:745:all_tests[i].func:PASS
âœ… Test completed: test_clj_equal_id_function

ğŸ§ª Running test: test_vector_equal_with_strings
ğŸ” Memory profiling enabled (statistics reset)
/Users/theisen/Projects/tiny-clj/src/tests/unity_test_runner.c:745:all_tests[i].func:PASS
âœ… Test completed: test_vector_equal_with_strings

ğŸ§ª Running test: test_map_equal_same_maps
ğŸ” Memory profiling enabled (statistics reset)
ğŸ“Š Memory: Alloc:4 Dealloc:2 Peak:16 Current:8 Leaks:2
ğŸ“‹ String: A:4/0 R:8 Rel:4
ğŸ“‹ Map: A:0/2 Rel:2
ğŸš¨ LEAK: 2 objects, 8 bytes

ğŸš¨ MEMORY LEAK DETECTED at test_map_equal_same_maps:
   â”Œâ”€â”€â”€â”€â”€â”€â”€â”€â”€â”€â”€â”€â”€â”€â”€â”€â”€â”€â”€â”€â”€â”€â”€â”€â”€â”€â”€â”€â”€â”€â”€â”€â”€â”€â”€â”€â”€â”€â”€â”€â”€â”€â”€â”€â”€â”€â”€â”€â”€â”€â”€â”€â”€â”€â”€â”€â”€â”
   â”‚ LEAK SUMMARY                                            â”‚
   â”œâ”€â”€â”€â”€â”€â”€â”€â”€â”€â”€â”€â”€â”€â”€â”€â”€â”€â”€â”€â”€â”€â”€â”€â”€â”€â”€â”€â”€â”€â”€â”€â”€â”€â”€â”€â”€â”€â”€â”€â”€â”€â”€â”€â”€â”€â”€â”€â”€â”€â”€â”€â”€â”€â”€â”€â”€â”€â”¤
   â”‚ Total Leaks:                 2 allocations                    â”‚
   â”‚ Current Memory:              8 bytes                         â”‚
   â”‚ Peak Memory:               16 bytes                         â”‚
   â”‚ Allocations:                 4                               â”‚
   â”‚ Deallocations:               2                               â”‚
   â””â”€â”€â”€â”€â”€â”€â”€â”€â”€â”€â”€â”€â”€â”€â”€â”€â”€â”€â”€â”€â”€â”€â”€â”€â”€â”€â”€â”€â”€â”€â”€â”€â”€â”€â”€â”€â”€â”€â”€â”€â”€â”€â”€â”€â”€â”€â”€â”€â”€â”€â”€â”€â”€â”€â”€â”€â”€â”˜
ğŸ” String: 4 leaks
ğŸ“Š Memory: Alloc:4 Dealloc:2 Peak:16 Current:8 Leaks:2
ğŸ“‹ String: A:4/0 R:8 Rel:4
ğŸ“‹ Map: A:0/2 Rel:2
ğŸš¨ LEAK: 2 objects, 8 bytes

ğŸš¨ MEMORY LEAK DETECTED at Test Complete:
   â”Œâ”€â”€â”€â”€â”€â”€â”€â”€â”€â”€â”€â”€â”€â”€â”€â”€â”€â”€â”€â”€â”€â”€â”€â”€â”€â”€â”€â”€â”€â”€â”€â”€â”€â”€â”€â”€â”€â”€â”€â”€â”€â”€â”€â”€â”€â”€â”€â”€â”€â”€â”€â”€â”€â”€â”€â”€â”€â”
   â”‚ LEAK SUMMARY                                            â”‚
   â”œâ”€â”€â”€â”€â”€â”€â”€â”€â”€â”€â”€â”€â”€â”€â”€â”€â”€â”€â”€â”€â”€â”€â”€â”€â”€â”€â”€â”€â”€â”€â”€â”€â”€â”€â”€â”€â”€â”€â”€â”€â”€â”€â”€â”€â”€â”€â”€â”€â”€â”€â”€â”€â”€â”€â”€â”€â”€â”¤
   â”‚ Total Leaks:                 2 allocations                    â”‚
   â”‚ Current Memory:              8 bytes                         â”‚
   â”‚ Peak Memory:               16 bytes                         â”‚
   â”‚ Allocations:                 4                               â”‚
   â”‚ Deallocations:               2                               â”‚
   â””â”€â”€â”€â”€â”€â”€â”€â”€â”€â”€â”€â”€â”€â”€â”€â”€â”€â”€â”€â”€â”€â”€â”€â”€â”€â”€â”€â”€â”€â”€â”€â”€â”€â”€â”€â”€â”€â”€â”€â”€â”€â”€â”€â”€â”€â”€â”€â”€â”€â”€â”€â”€â”€â”€â”€â”€â”€â”˜
ğŸ” String: 4 leaks
/Users/theisen/Projects/tiny-clj/src/tests/unity_test_runner.c:745:all_tests[i].func:PASS
âœ… Test completed: test_map_equal_same_maps

ğŸ§ª Running test: test_map_equal_different_keys
ğŸ” Memory profiling enabled (statistics reset)
ğŸ“Š Memory: Alloc:5 Dealloc:2 Peak:20 Current:12 Leaks:3
ğŸ“‹ String: A:5/0 R:8 Rel:5
ğŸ“‹ Map: A:0/2 Rel:2
ğŸš¨ LEAK: 3 objects, 12 bytes

ğŸš¨ MEMORY LEAK DETECTED at test_map_equal_different_keys:
   â”Œâ”€â”€â”€â”€â”€â”€â”€â”€â”€â”€â”€â”€â”€â”€â”€â”€â”€â”€â”€â”€â”€â”€â”€â”€â”€â”€â”€â”€â”€â”€â”€â”€â”€â”€â”€â”€â”€â”€â”€â”€â”€â”€â”€â”€â”€â”€â”€â”€â”€â”€â”€â”€â”€â”€â”€â”€â”€â”
   â”‚ LEAK SUMMARY                                            â”‚
   â”œâ”€â”€â”€â”€â”€â”€â”€â”€â”€â”€â”€â”€â”€â”€â”€â”€â”€â”€â”€â”€â”€â”€â”€â”€â”€â”€â”€â”€â”€â”€â”€â”€â”€â”€â”€â”€â”€â”€â”€â”€â”€â”€â”€â”€â”€â”€â”€â”€â”€â”€â”€â”€â”€â”€â”€â”€â”€â”¤
   â”‚ Total Leaks:                 3 allocations                    â”‚
   â”‚ Current Memory:             12 bytes                         â”‚
   â”‚ Peak Memory:               20 bytes                         â”‚
   â”‚ Allocations:                 5                               â”‚
   â”‚ Deallocations:               2                               â”‚
   â””â”€â”€â”€â”€â”€â”€â”€â”€â”€â”€â”€â”€â”€â”€â”€â”€â”€â”€â”€â”€â”€â”€â”€â”€â”€â”€â”€â”€â”€â”€â”€â”€â”€â”€â”€â”€â”€â”€â”€â”€â”€â”€â”€â”€â”€â”€â”€â”€â”€â”€â”€â”€â”€â”€â”€â”€â”€â”˜
ğŸ” String: 5 leaks
ğŸ“Š Memory: Alloc:5 Dealloc:2 Peak:20 Current:12 Leaks:3
ğŸ“‹ String: A:5/0 R:8 Rel:5
ğŸ“‹ Map: A:0/2 Rel:2
ğŸš¨ LEAK: 3 objects, 12 bytes

ğŸš¨ MEMORY LEAK DETECTED at Test Complete:
   â”Œâ”€â”€â”€â”€â”€â”€â”€â”€â”€â”€â”€â”€â”€â”€â”€â”€â”€â”€â”€â”€â”€â”€â”€â”€â”€â”€â”€â”€â”€â”€â”€â”€â”€â”€â”€â”€â”€â”€â”€â”€â”€â”€â”€â”€â”€â”€â”€â”€â”€â”€â”€â”€â”€â”€â”€â”€â”€â”
   â”‚ LEAK SUMMARY                                            â”‚
   â”œâ”€â”€â”€â”€â”€â”€â”€â”€â”€â”€â”€â”€â”€â”€â”€â”€â”€â”€â”€â”€â”€â”€â”€â”€â”€â”€â”€â”€â”€â”€â”€â”€â”€â”€â”€â”€â”€â”€â”€â”€â”€â”€â”€â”€â”€â”€â”€â”€â”€â”€â”€â”€â”€â”€â”€â”€â”€â”¤
   â”‚ Total Leaks:                 3 allocations                    â”‚
   â”‚ Current Memory:             12 bytes                         â”‚
   â”‚ Peak Memory:               20 bytes                         â”‚
   â”‚ Allocations:                 5                               â”‚
   â”‚ Deallocations:               2                               â”‚
   â””â”€â”€â”€â”€â”€â”€â”€â”€â”€â”€â”€â”€â”€â”€â”€â”€â”€â”€â”€â”€â”€â”€â”€â”€â”€â”€â”€â”€â”€â”€â”€â”€â”€â”€â”€â”€â”€â”€â”€â”€â”€â”€â”€â”€â”€â”€â”€â”€â”€â”€â”€â”€â”€â”€â”€â”€â”€â”˜
ğŸ” String: 5 leaks
/Users/theisen/Projects/tiny-clj/src/tests/unity_test_runner.c:745:all_tests[i].func:PASS
âœ… Test completed: test_map_equal_different_keys

ğŸ§ª Running test: test_map_equal_different_values
ğŸ” Memory profiling enabled (statistics reset)
ğŸ“Š Memory: Alloc:5 Dealloc:2 Peak:20 Current:12 Leaks:3
ğŸ“‹ String: A:5/0 R:8 Rel:5
ğŸ“‹ Map: A:0/2 Rel:2
ğŸš¨ LEAK: 3 objects, 12 bytes

ğŸš¨ MEMORY LEAK DETECTED at test_map_equal_different_values:
   â”Œâ”€â”€â”€â”€â”€â”€â”€â”€â”€â”€â”€â”€â”€â”€â”€â”€â”€â”€â”€â”€â”€â”€â”€â”€â”€â”€â”€â”€â”€â”€â”€â”€â”€â”€â”€â”€â”€â”€â”€â”€â”€â”€â”€â”€â”€â”€â”€â”€â”€â”€â”€â”€â”€â”€â”€â”€â”€â”
   â”‚ LEAK SUMMARY                                            â”‚
   â”œâ”€â”€â”€â”€â”€â”€â”€â”€â”€â”€â”€â”€â”€â”€â”€â”€â”€â”€â”€â”€â”€â”€â”€â”€â”€â”€â”€â”€â”€â”€â”€â”€â”€â”€â”€â”€â”€â”€â”€â”€â”€â”€â”€â”€â”€â”€â”€â”€â”€â”€â”€â”€â”€â”€â”€â”€â”€â”¤
   â”‚ Total Leaks:                 3 allocations                    â”‚
   â”‚ Current Memory:             12 bytes                         â”‚
   â”‚ Peak Memory:               20 bytes                         â”‚
   â”‚ Allocations:                 5                               â”‚
   â”‚ Deallocations:               2                               â”‚
   â””â”€â”€â”€â”€â”€â”€â”€â”€â”€â”€â”€â”€â”€â”€â”€â”€â”€â”€â”€â”€â”€â”€â”€â”€â”€â”€â”€â”€â”€â”€â”€â”€â”€â”€â”€â”€â”€â”€â”€â”€â”€â”€â”€â”€â”€â”€â”€â”€â”€â”€â”€â”€â”€â”€â”€â”€â”€â”˜
ğŸ” String: 5 leaks
ğŸ“Š Memory: Alloc:5 Dealloc:2 Peak:20 Current:12 Leaks:3
ğŸ“‹ String: A:5/0 R:8 Rel:5
ğŸ“‹ Map: A:0/2 Rel:2
ğŸš¨ LEAK: 3 objects, 12 bytes

ğŸš¨ MEMORY LEAK DETECTED at Test Complete:
   â”Œâ”€â”€â”€â”€â”€â”€â”€â”€â”€â”€â”€â”€â”€â”€â”€â”€â”€â”€â”€â”€â”€â”€â”€â”€â”€â”€â”€â”€â”€â”€â”€â”€â”€â”€â”€â”€â”€â”€â”€â”€â”€â”€â”€â”€â”€â”€â”€â”€â”€â”€â”€â”€â”€â”€â”€â”€â”€â”
   â”‚ LEAK SUMMARY                                            â”‚
   â”œâ”€â”€â”€â”€â”€â”€â”€â”€â”€â”€â”€â”€â”€â”€â”€â”€â”€â”€â”€â”€â”€â”€â”€â”€â”€â”€â”€â”€â”€â”€â”€â”€â”€â”€â”€â”€â”€â”€â”€â”€â”€â”€â”€â”€â”€â”€â”€â”€â”€â”€â”€â”€â”€â”€â”€â”€â”€â”¤
   â”‚ Total Leaks:                 3 allocations                    â”‚
   â”‚ Current Memory:             12 bytes                         â”‚
   â”‚ Peak Memory:               20 bytes                         â”‚
   â”‚ Allocations:                 5                               â”‚
   â”‚ Deallocations:               2                               â”‚
   â””â”€â”€â”€â”€â”€â”€â”€â”€â”€â”€â”€â”€â”€â”€â”€â”€â”€â”€â”€â”€â”€â”€â”€â”€â”€â”€â”€â”€â”€â”€â”€â”€â”€â”€â”€â”€â”€â”€â”€â”€â”€â”€â”€â”€â”€â”€â”€â”€â”€â”€â”€â”€â”€â”€â”€â”€â”€â”˜
ğŸ” String: 5 leaks
/Users/theisen/Projects/tiny-clj/src/tests/unity_test_runner.c:745:all_tests[i].func:PASS
âœ… Test completed: test_map_equal_different_values

ğŸ§ª Running test: test_map_equal_different_sizes
ğŸ” Memory profiling enabled (statistics reset)
ğŸ“Š Memory: Alloc:4 Dealloc:2 Peak:16 Current:8 Leaks:2
ğŸ“‹ String: A:4/0 R:6 Rel:4
ğŸ“‹ Map: A:0/2 Rel:2
ğŸš¨ LEAK: 2 objects, 8 bytes

ğŸš¨ MEMORY LEAK DETECTED at test_map_equal_different_sizes:
   â”Œâ”€â”€â”€â”€â”€â”€â”€â”€â”€â”€â”€â”€â”€â”€â”€â”€â”€â”€â”€â”€â”€â”€â”€â”€â”€â”€â”€â”€â”€â”€â”€â”€â”€â”€â”€â”€â”€â”€â”€â”€â”€â”€â”€â”€â”€â”€â”€â”€â”€â”€â”€â”€â”€â”€â”€â”€â”€â”
   â”‚ LEAK SUMMARY                                            â”‚
   â”œâ”€â”€â”€â”€â”€â”€â”€â”€â”€â”€â”€â”€â”€â”€â”€â”€â”€â”€â”€â”€â”€â”€â”€â”€â”€â”€â”€â”€â”€â”€â”€â”€â”€â”€â”€â”€â”€â”€â”€â”€â”€â”€â”€â”€â”€â”€â”€â”€â”€â”€â”€â”€â”€â”€â”€â”€â”€â”¤
   â”‚ Total Leaks:                 2 allocations                    â”‚
   â”‚ Current Memory:              8 bytes                         â”‚
   â”‚ Peak Memory:               16 bytes                         â”‚
   â”‚ Allocations:                 4                               â”‚
   â”‚ Deallocations:               2                               â”‚
   â””â”€â”€â”€â”€â”€â”€â”€â”€â”€â”€â”€â”€â”€â”€â”€â”€â”€â”€â”€â”€â”€â”€â”€â”€â”€â”€â”€â”€â”€â”€â”€â”€â”€â”€â”€â”€â”€â”€â”€â”€â”€â”€â”€â”€â”€â”€â”€â”€â”€â”€â”€â”€â”€â”€â”€â”€â”€â”˜
ğŸ” String: 4 leaks
ğŸ“Š Memory: Alloc:4 Dealloc:2 Peak:16 Current:8 Leaks:2
ğŸ“‹ String: A:4/0 R:6 Rel:4
ğŸ“‹ Map: A:0/2 Rel:2
ğŸš¨ LEAK: 2 objects, 8 bytes

ğŸš¨ MEMORY LEAK DETECTED at Test Complete:
   â”Œâ”€â”€â”€â”€â”€â”€â”€â”€â”€â”€â”€â”€â”€â”€â”€â”€â”€â”€â”€â”€â”€â”€â”€â”€â”€â”€â”€â”€â”€â”€â”€â”€â”€â”€â”€â”€â”€â”€â”€â”€â”€â”€â”€â”€â”€â”€â”€â”€â”€â”€â”€â”€â”€â”€â”€â”€â”€â”
   â”‚ LEAK SUMMARY                                            â”‚
   â”œâ”€â”€â”€â”€â”€â”€â”€â”€â”€â”€â”€â”€â”€â”€â”€â”€â”€â”€â”€â”€â”€â”€â”€â”€â”€â”€â”€â”€â”€â”€â”€â”€â”€â”€â”€â”€â”€â”€â”€â”€â”€â”€â”€â”€â”€â”€â”€â”€â”€â”€â”€â”€â”€â”€â”€â”€â”€â”¤
   â”‚ Total Leaks:                 2 allocations                    â”‚
   â”‚ Current Memory:              8 bytes                         â”‚
   â”‚ Peak Memory:               16 bytes                         â”‚
   â”‚ Allocations:                 4                               â”‚
   â”‚ Deallocations:               2                               â”‚
   â””â”€â”€â”€â”€â”€â”€â”€â”€â”€â”€â”€â”€â”€â”€â”€â”€â”€â”€â”€â”€â”€â”€â”€â”€â”€â”€â”€â”€â”€â”€â”€â”€â”€â”€â”€â”€â”€â”€â”€â”€â”€â”€â”€â”€â”€â”€â”€â”€â”€â”€â”€â”€â”€â”€â”€â”€â”€â”˜
ğŸ” String: 4 leaks
/Users/theisen/Projects/tiny-clj/src/tests/unity_test_runner.c:745:all_tests[i].func:PASS
âœ… Test completed: test_map_equal_different_sizes

ğŸ§ª Running test: test_map_equal_with_nested_vectors
ğŸ” Memory profiling enabled (statistics reset)
ğŸ“Š Memory: Alloc:8 Dealloc:2 Peak:32 Current:24 Leaks:6
ğŸ“‹ String: A:2/0 R:6 Rel:2
ğŸ“‹ Vector: A:6/0 R:2
ğŸ“‹ Map: A:0/2 Rel:2
ğŸš¨ LEAK: 6 objects, 24 bytes

ğŸš¨ MEMORY LEAK DETECTED at test_map_equal_with_nested_vectors:
   â”Œâ”€â”€â”€â”€â”€â”€â”€â”€â”€â”€â”€â”€â”€â”€â”€â”€â”€â”€â”€â”€â”€â”€â”€â”€â”€â”€â”€â”€â”€â”€â”€â”€â”€â”€â”€â”€â”€â”€â”€â”€â”€â”€â”€â”€â”€â”€â”€â”€â”€â”€â”€â”€â”€â”€â”€â”€â”€â”
   â”‚ LEAK SUMMARY                                            â”‚
   â”œâ”€â”€â”€â”€â”€â”€â”€â”€â”€â”€â”€â”€â”€â”€â”€â”€â”€â”€â”€â”€â”€â”€â”€â”€â”€â”€â”€â”€â”€â”€â”€â”€â”€â”€â”€â”€â”€â”€â”€â”€â”€â”€â”€â”€â”€â”€â”€â”€â”€â”€â”€â”€â”€â”€â”€â”€â”€â”¤
   â”‚ Total Leaks:                 6 allocations                    â”‚
   â”‚ Current Memory:             24 bytes                         â”‚
   â”‚ Peak Memory:               32 bytes                         â”‚
   â”‚ Allocations:                 8                               â”‚
   â”‚ Deallocations:               2                               â”‚
   â””â”€â”€â”€â”€â”€â”€â”€â”€â”€â”€â”€â”€â”€â”€â”€â”€â”€â”€â”€â”€â”€â”€â”€â”€â”€â”€â”€â”€â”€â”€â”€â”€â”€â”€â”€â”€â”€â”€â”€â”€â”€â”€â”€â”€â”€â”€â”€â”€â”€â”€â”€â”€â”€â”€â”€â”€â”€â”˜
ğŸ” String: 2 leaks
ğŸ” Vector: 6 leaks
ğŸ“Š Memory: Alloc:8 Dealloc:2 Peak:32 Current:24 Leaks:6
ğŸ“‹ String: A:2/0 R:6 Rel:2
ğŸ“‹ Vector: A:6/0 R:2
ğŸ“‹ Map: A:0/2 Rel:2
ğŸš¨ LEAK: 6 objects, 24 bytes

ğŸš¨ MEMORY LEAK DETECTED at Test Complete:
   â”Œâ”€â”€â”€â”€â”€â”€â”€â”€â”€â”€â”€â”€â”€â”€â”€â”€â”€â”€â”€â”€â”€â”€â”€â”€â”€â”€â”€â”€â”€â”€â”€â”€â”€â”€â”€â”€â”€â”€â”€â”€â”€â”€â”€â”€â”€â”€â”€â”€â”€â”€â”€â”€â”€â”€â”€â”€â”€â”
   â”‚ LEAK SUMMARY                                            â”‚
   â”œâ”€â”€â”€â”€â”€â”€â”€â”€â”€â”€â”€â”€â”€â”€â”€â”€â”€â”€â”€â”€â”€â”€â”€â”€â”€â”€â”€â”€â”€â”€â”€â”€â”€â”€â”€â”€â”€â”€â”€â”€â”€â”€â”€â”€â”€â”€â”€â”€â”€â”€â”€â”€â”€â”€â”€â”€â”€â”¤
   â”‚ Total Leaks:                 6 allocations                    â”‚
   â”‚ Current Memory:             24 bytes                         â”‚
   â”‚ Peak Memory:               32 bytes                         â”‚
   â”‚ Allocations:                 8                               â”‚
   â”‚ Deallocations:               2                               â”‚
   â””â”€â”€â”€â”€â”€â”€â”€â”€â”€â”€â”€â”€â”€â”€â”€â”€â”€â”€â”€â”€â”€â”€â”€â”€â”€â”€â”€â”€â”€â”€â”€â”€â”€â”€â”€â”€â”€â”€â”€â”€â”€â”€â”€â”€â”€â”€â”€â”€â”€â”€â”€â”€â”€â”€â”€â”€â”€â”˜
ğŸ” String: 2 leaks
ğŸ” Vector: 6 leaks
/Users/theisen/Projects/tiny-clj/src/tests/unity_test_runner.c:745:all_tests[i].func:PASS
âœ… Test completed: test_map_equal_with_nested_vectors

ğŸ§ª Running test: test_list_equal_same_lists
ğŸ” Memory profiling enabled (statistics reset)
/Users/theisen/Projects/tiny-clj/src/tests/unity_test_runner.c:745:all_tests[i].func:PASS
âœ… Test completed: test_list_equal_same_lists

ğŸ§ª Running test: test_list_equal_same_instance
ğŸ” Memory profiling enabled (statistics reset)
/Users/theisen/Projects/tiny-clj/src/tests/unity_test_runner.c:745:all_tests[i].func:PASS
âœ… Test completed: test_list_equal_same_instance

ğŸ§ª Running test: test_list_equal_empty_lists
ğŸ” Memory profiling enabled (statistics reset)
/Users/theisen/Projects/tiny-clj/src/tests/unity_test_runner.c:745:all_tests[i].func:PASS
âœ… Test completed: test_list_equal_empty_lists

ğŸ§ª Running test: test_seq_create_list
ğŸ” Memory profiling enabled (statistics reset)
/Users/theisen/Projects/tiny-clj/src/tests/unity_test_runner.c:745:all_tests[i].func:PASS
âœ… Test completed: test_seq_create_list

ğŸ§ª Running test: test_seq_create_vector
ğŸ” Memory profiling enabled (statistics reset)
ğŸ“Š Memory: Alloc:2 Dealloc:1 Peak:8 Current:4 Leaks:1
ğŸ“‹ Vector: A:2/1 Rel:1
ğŸš¨ LEAK: 1 objects, 4 bytes

ğŸš¨ MEMORY LEAK DETECTED at Test Complete:
   â”Œâ”€â”€â”€â”€â”€â”€â”€â”€â”€â”€â”€â”€â”€â”€â”€â”€â”€â”€â”€â”€â”€â”€â”€â”€â”€â”€â”€â”€â”€â”€â”€â”€â”€â”€â”€â”€â”€â”€â”€â”€â”€â”€â”€â”€â”€â”€â”€â”€â”€â”€â”€â”€â”€â”€â”€â”€â”€â”
   â”‚ LEAK SUMMARY                                            â”‚
   â”œâ”€â”€â”€â”€â”€â”€â”€â”€â”€â”€â”€â”€â”€â”€â”€â”€â”€â”€â”€â”€â”€â”€â”€â”€â”€â”€â”€â”€â”€â”€â”€â”€â”€â”€â”€â”€â”€â”€â”€â”€â”€â”€â”€â”€â”€â”€â”€â”€â”€â”€â”€â”€â”€â”€â”€â”€â”€â”¤
   â”‚ Total Leaks:                 1 allocations                    â”‚
   â”‚ Current Memory:              4 bytes                         â”‚
   â”‚ Peak Memory:                8 bytes                         â”‚
   â”‚ Allocations:                 2                               â”‚
   â”‚ Deallocations:               1                               â”‚
   â””â”€â”€â”€â”€â”€â”€â”€â”€â”€â”€â”€â”€â”€â”€â”€â”€â”€â”€â”€â”€â”€â”€â”€â”€â”€â”€â”€â”€â”€â”€â”€â”€â”€â”€â”€â”€â”€â”€â”€â”€â”€â”€â”€â”€â”€â”€â”€â”€â”€â”€â”€â”€â”€â”€â”€â”€â”€â”˜
ğŸ” Vector: 1 leaks
/Users/theisen/Projects/tiny-clj/src/tests/unity_test_runner.c:745:all_tests[i].func:PASS
âœ… Test completed: test_seq_create_vector

ğŸ§ª Running test: test_seq_create_string
ğŸ” Memory profiling enabled (statistics reset)
ğŸ“Š Memory: Alloc:2 Dealloc:1 Peak:8 Current:4 Leaks:1
ğŸ“‹ String: A:1/0
ğŸ“‹ Vector: A:1/1 Rel:1
ğŸš¨ LEAK: 1 objects, 4 bytes

ğŸš¨ MEMORY LEAK DETECTED at Test Complete:
   â”Œâ”€â”€â”€â”€â”€â”€â”€â”€â”€â”€â”€â”€â”€â”€â”€â”€â”€â”€â”€â”€â”€â”€â”€â”€â”€â”€â”€â”€â”€â”€â”€â”€â”€â”€â”€â”€â”€â”€â”€â”€â”€â”€â”€â”€â”€â”€â”€â”€â”€â”€â”€â”€â”€â”€â”€â”€â”€â”
   â”‚ LEAK SUMMARY                                            â”‚
   â”œâ”€â”€â”€â”€â”€â”€â”€â”€â”€â”€â”€â”€â”€â”€â”€â”€â”€â”€â”€â”€â”€â”€â”€â”€â”€â”€â”€â”€â”€â”€â”€â”€â”€â”€â”€â”€â”€â”€â”€â”€â”€â”€â”€â”€â”€â”€â”€â”€â”€â”€â”€â”€â”€â”€â”€â”€â”€â”¤
   â”‚ Total Leaks:                 1 allocations                    â”‚
   â”‚ Current Memory:              4 bytes                         â”‚
   â”‚ Peak Memory:                8 bytes                         â”‚
   â”‚ Allocations:                 2                               â”‚
   â”‚ Deallocations:               1                               â”‚
   â””â”€â”€â”€â”€â”€â”€â”€â”€â”€â”€â”€â”€â”€â”€â”€â”€â”€â”€â”€â”€â”€â”€â”€â”€â”€â”€â”€â”€â”€â”€â”€â”€â”€â”€â”€â”€â”€â”€â”€â”€â”€â”€â”€â”€â”€â”€â”€â”€â”€â”€â”€â”€â”€â”€â”€â”€â”€â”˜
ğŸ” String: 1 leaks
/Users/theisen/Projects/tiny-clj/src/tests/unity_test_runner.c:745:all_tests[i].func:PASS
âœ… Test completed: test_seq_create_string

ğŸ§ª Running test: test_seq_create_map
ğŸ” Memory profiling enabled (statistics reset)
/Users/theisen/Projects/tiny-clj/src/tests/unity_test_runner.c:745:all_tests[i].func:PASS
âœ… Test completed: test_seq_create_map

ğŸ§ª Running test: test_seq_first
ğŸ” Memory profiling enabled (statistics reset)
ğŸ“Š Memory: Alloc:2 Dealloc:1 Peak:8 Current:4 Leaks:1
ğŸ“‹ Vector: A:2/1 Rel:1
ğŸš¨ LEAK: 1 objects, 4 bytes

ğŸš¨ MEMORY LEAK DETECTED at Test Complete:
   â”Œâ”€â”€â”€â”€â”€â”€â”€â”€â”€â”€â”€â”€â”€â”€â”€â”€â”€â”€â”€â”€â”€â”€â”€â”€â”€â”€â”€â”€â”€â”€â”€â”€â”€â”€â”€â”€â”€â”€â”€â”€â”€â”€â”€â”€â”€â”€â”€â”€â”€â”€â”€â”€â”€â”€â”€â”€â”€â”
   â”‚ LEAK SUMMARY                                            â”‚
   â”œâ”€â”€â”€â”€â”€â”€â”€â”€â”€â”€â”€â”€â”€â”€â”€â”€â”€â”€â”€â”€â”€â”€â”€â”€â”€â”€â”€â”€â”€â”€â”€â”€â”€â”€â”€â”€â”€â”€â”€â”€â”€â”€â”€â”€â”€â”€â”€â”€â”€â”€â”€â”€â”€â”€â”€â”€â”€â”¤
   â”‚ Total Leaks:                 1 allocations                    â”‚
   â”‚ Current Memory:              4 bytes                         â”‚
   â”‚ Peak Memory:                8 bytes                         â”‚
   â”‚ Allocations:                 2                               â”‚
   â”‚ Deallocations:               1                               â”‚
   â””â”€â”€â”€â”€â”€â”€â”€â”€â”€â”€â”€â”€â”€â”€â”€â”€â”€â”€â”€â”€â”€â”€â”€â”€â”€â”€â”€â”€â”€â”€â”€â”€â”€â”€â”€â”€â”€â”€â”€â”€â”€â”€â”€â”€â”€â”€â”€â”€â”€â”€â”€â”€â”€â”€â”€â”€â”€â”˜
ğŸ” Vector: 1 leaks
/Users/theisen/Projects/tiny-clj/src/tests/unity_test_runner.c:745:all_tests[i].func:PASS
âœ… Test completed: test_seq_first

ğŸ§ª Running test: test_seq_rest
ğŸ” Memory profiling enabled (statistics reset)
ğŸ“Š Memory: Alloc:2 Dealloc:1 Peak:8 Current:4 Leaks:1
ğŸ“‹ Vector: A:2/1 Rel:1
ğŸš¨ LEAK: 1 objects, 4 bytes

ğŸš¨ MEMORY LEAK DETECTED at Test Complete:
   â”Œâ”€â”€â”€â”€â”€â”€â”€â”€â”€â”€â”€â”€â”€â”€â”€â”€â”€â”€â”€â”€â”€â”€â”€â”€â”€â”€â”€â”€â”€â”€â”€â”€â”€â”€â”€â”€â”€â”€â”€â”€â”€â”€â”€â”€â”€â”€â”€â”€â”€â”€â”€â”€â”€â”€â”€â”€â”€â”
   â”‚ LEAK SUMMARY                                            â”‚
   â”œâ”€â”€â”€â”€â”€â”€â”€â”€â”€â”€â”€â”€â”€â”€â”€â”€â”€â”€â”€â”€â”€â”€â”€â”€â”€â”€â”€â”€â”€â”€â”€â”€â”€â”€â”€â”€â”€â”€â”€â”€â”€â”€â”€â”€â”€â”€â”€â”€â”€â”€â”€â”€â”€â”€â”€â”€â”€â”¤
   â”‚ Total Leaks:                 1 allocations                    â”‚
   â”‚ Current Memory:              4 bytes                         â”‚
   â”‚ Peak Memory:                8 bytes                         â”‚
   â”‚ Allocations:                 2                               â”‚
   â”‚ Deallocations:               1                               â”‚
   â””â”€â”€â”€â”€â”€â”€â”€â”€â”€â”€â”€â”€â”€â”€â”€â”€â”€â”€â”€â”€â”€â”€â”€â”€â”€â”€â”€â”€â”€â”€â”€â”€â”€â”€â”€â”€â”€â”€â”€â”€â”€â”€â”€â”€â”€â”€â”€â”€â”€â”€â”€â”€â”€â”€â”€â”€â”€â”˜
ğŸ” Vector: 1 leaks
/Users/theisen/Projects/tiny-clj/src/tests/unity_test_runner.c:745:all_tests[i].func:PASS
âœ… Test completed: test_seq_rest

ğŸ§ª Running test: test_seq_next
ğŸ” Memory profiling enabled (statistics reset)
ğŸ“Š Memory: Alloc:2 Dealloc:1 Peak:8 Current:4 Leaks:1
ğŸ“‹ Vector: A:2/1 Rel:1
ğŸš¨ LEAK: 1 objects, 4 bytes

ğŸš¨ MEMORY LEAK DETECTED at Test Complete:
   â”Œâ”€â”€â”€â”€â”€â”€â”€â”€â”€â”€â”€â”€â”€â”€â”€â”€â”€â”€â”€â”€â”€â”€â”€â”€â”€â”€â”€â”€â”€â”€â”€â”€â”€â”€â”€â”€â”€â”€â”€â”€â”€â”€â”€â”€â”€â”€â”€â”€â”€â”€â”€â”€â”€â”€â”€â”€â”€â”
   â”‚ LEAK SUMMARY                                            â”‚
   â”œâ”€â”€â”€â”€â”€â”€â”€â”€â”€â”€â”€â”€â”€â”€â”€â”€â”€â”€â”€â”€â”€â”€â”€â”€â”€â”€â”€â”€â”€â”€â”€â”€â”€â”€â”€â”€â”€â”€â”€â”€â”€â”€â”€â”€â”€â”€â”€â”€â”€â”€â”€â”€â”€â”€â”€â”€â”€â”¤
   â”‚ Total Leaks:                 1 allocations                    â”‚
   â”‚ Current Memory:              4 bytes                         â”‚
   â”‚ Peak Memory:                8 bytes                         â”‚
   â”‚ Allocations:                 2                               â”‚
   â”‚ Deallocations:               1                               â”‚
   â””â”€â”€â”€â”€â”€â”€â”€â”€â”€â”€â”€â”€â”€â”€â”€â”€â”€â”€â”€â”€â”€â”€â”€â”€â”€â”€â”€â”€â”€â”€â”€â”€â”€â”€â”€â”€â”€â”€â”€â”€â”€â”€â”€â”€â”€â”€â”€â”€â”€â”€â”€â”€â”€â”€â”€â”€â”€â”˜
ğŸ” Vector: 1 leaks
/Users/theisen/Projects/tiny-clj/src/tests/unity_test_runner.c:745:all_tests[i].func:PASS
âœ… Test completed: test_seq_next

ğŸ§ª Running test: test_seq_equality
ğŸ” Memory profiling enabled (statistics reset)
ğŸ“Š Memory: Alloc:3 Dealloc:1 Peak:12 Current:8 Leaks:2
ğŸ“‹ Vector: A:3/1 Rel:1
ğŸš¨ LEAK: 2 objects, 8 bytes

ğŸš¨ MEMORY LEAK DETECTED at Test Complete:
   â”Œâ”€â”€â”€â”€â”€â”€â”€â”€â”€â”€â”€â”€â”€â”€â”€â”€â”€â”€â”€â”€â”€â”€â”€â”€â”€â”€â”€â”€â”€â”€â”€â”€â”€â”€â”€â”€â”€â”€â”€â”€â”€â”€â”€â”€â”€â”€â”€â”€â”€â”€â”€â”€â”€â”€â”€â”€â”€â”
   â”‚ LEAK SUMMARY                                            â”‚
   â”œâ”€â”€â”€â”€â”€â”€â”€â”€â”€â”€â”€â”€â”€â”€â”€â”€â”€â”€â”€â”€â”€â”€â”€â”€â”€â”€â”€â”€â”€â”€â”€â”€â”€â”€â”€â”€â”€â”€â”€â”€â”€â”€â”€â”€â”€â”€â”€â”€â”€â”€â”€â”€â”€â”€â”€â”€â”€â”¤
   â”‚ Total Leaks:                 2 allocations                    â”‚
   â”‚ Current Memory:              8 bytes                         â”‚
   â”‚ Peak Memory:               12 bytes                         â”‚
   â”‚ Allocations:                 3                               â”‚
   â”‚ Deallocations:               1                               â”‚
   â””â”€â”€â”€â”€â”€â”€â”€â”€â”€â”€â”€â”€â”€â”€â”€â”€â”€â”€â”€â”€â”€â”€â”€â”€â”€â”€â”€â”€â”€â”€â”€â”€â”€â”€â”€â”€â”€â”€â”€â”€â”€â”€â”€â”€â”€â”€â”€â”€â”€â”€â”€â”€â”€â”€â”€â”€â”€â”˜
ğŸ” Vector: 2 leaks
/Users/theisen/Projects/tiny-clj/src/tests/unity_test_runner.c:745:all_tests[i].func:PASS
âœ… Test completed: test_seq_equality

ğŸ§ª Running test: test_cljvalue_immediate_helpers
ğŸ” Memory profiling enabled (statistics reset)
/Users/theisen/Projects/tiny-clj/src/tests/unity_test_runner.c:745:all_tests[i].func:PASS
âœ… Test completed: test_cljvalue_immediate_helpers

ğŸ§ª Running test: test_cljvalue_vector_api
ğŸ” Memory profiling enabled (statistics reset)
ğŸ“Š Memory: Alloc:2 Dealloc:1 Peak:8 Current:4 Leaks:1
ğŸ“‹ Vector: A:2/1 Rel:1
ğŸš¨ LEAK: 1 objects, 4 bytes

ğŸš¨ MEMORY LEAK DETECTED at Test Complete:
   â”Œâ”€â”€â”€â”€â”€â”€â”€â”€â”€â”€â”€â”€â”€â”€â”€â”€â”€â”€â”€â”€â”€â”€â”€â”€â”€â”€â”€â”€â”€â”€â”€â”€â”€â”€â”€â”€â”€â”€â”€â”€â”€â”€â”€â”€â”€â”€â”€â”€â”€â”€â”€â”€â”€â”€â”€â”€â”€â”
   â”‚ LEAK SUMMARY                                            â”‚
   â”œâ”€â”€â”€â”€â”€â”€â”€â”€â”€â”€â”€â”€â”€â”€â”€â”€â”€â”€â”€â”€â”€â”€â”€â”€â”€â”€â”€â”€â”€â”€â”€â”€â”€â”€â”€â”€â”€â”€â”€â”€â”€â”€â”€â”€â”€â”€â”€â”€â”€â”€â”€â”€â”€â”€â”€â”€â”€â”¤
   â”‚ Total Leaks:                 1 allocations                    â”‚
   â”‚ Current Memory:              4 bytes                         â”‚
   â”‚ Peak Memory:                8 bytes                         â”‚
   â”‚ Allocations:                 2                               â”‚
   â”‚ Deallocations:               1                               â”‚
   â””â”€â”€â”€â”€â”€â”€â”€â”€â”€â”€â”€â”€â”€â”€â”€â”€â”€â”€â”€â”€â”€â”€â”€â”€â”€â”€â”€â”€â”€â”€â”€â”€â”€â”€â”€â”€â”€â”€â”€â”€â”€â”€â”€â”€â”€â”€â”€â”€â”€â”€â”€â”€â”€â”€â”€â”€â”€â”˜
ğŸ” Vector: 1 leaks
/Users/theisen/Projects/tiny-clj/src/tests/unity_test_runner.c:745:all_tests[i].func:PASS
âœ… Test completed: test_cljvalue_vector_api

ğŸ§ª Running test: test_cljvalue_transient_vector
ğŸ” Memory profiling enabled (statistics reset)
ğŸ“Š Memory: Alloc:2 Dealloc:1 Peak:8 Current:4 Leaks:1
ğŸ“‹ Vector: A:2/1 Rel:1
ğŸš¨ LEAK: 1 objects, 4 bytes

ğŸš¨ MEMORY LEAK DETECTED at Test Complete:
   â”Œâ”€â”€â”€â”€â”€â”€â”€â”€â”€â”€â”€â”€â”€â”€â”€â”€â”€â”€â”€â”€â”€â”€â”€â”€â”€â”€â”€â”€â”€â”€â”€â”€â”€â”€â”€â”€â”€â”€â”€â”€â”€â”€â”€â”€â”€â”€â”€â”€â”€â”€â”€â”€â”€â”€â”€â”€â”€â”
   â”‚ LEAK SUMMARY                                            â”‚
   â”œâ”€â”€â”€â”€â”€â”€â”€â”€â”€â”€â”€â”€â”€â”€â”€â”€â”€â”€â”€â”€â”€â”€â”€â”€â”€â”€â”€â”€â”€â”€â”€â”€â”€â”€â”€â”€â”€â”€â”€â”€â”€â”€â”€â”€â”€â”€â”€â”€â”€â”€â”€â”€â”€â”€â”€â”€â”€â”¤
   â”‚ Total Leaks:                 1 allocations                    â”‚
   â”‚ Current Memory:              4 bytes                         â”‚
   â”‚ Peak Memory:                8 bytes                         â”‚
   â”‚ Allocations:                 2                               â”‚
   â”‚ Deallocations:               1                               â”‚
   â””â”€â”€â”€â”€â”€â”€â”€â”€â”€â”€â”€â”€â”€â”€â”€â”€â”€â”€â”€â”€â”€â”€â”€â”€â”€â”€â”€â”€â”€â”€â”€â”€â”€â”€â”€â”€â”€â”€â”€â”€â”€â”€â”€â”€â”€â”€â”€â”€â”€â”€â”€â”€â”€â”€â”€â”€â”€â”˜
ğŸ” Vector: 1 leaks
/Users/theisen/Projects/tiny-clj/src/tests/unity_test_runner.c:745:all_tests[i].func:PASS
âœ… Test completed: test_cljvalue_transient_vector

ğŸ§ª Running test: test_cljvalue_clojure_semantics
ğŸ” Memory profiling enabled (statistics reset)
ğŸ“Š Memory: Alloc:2 Dealloc:1 Peak:8 Current:4 Leaks:1
ğŸ“‹ Vector: A:2/1 Rel:1
ğŸš¨ LEAK: 1 objects, 4 bytes

ğŸš¨ MEMORY LEAK DETECTED at Test Complete:
   â”Œâ”€â”€â”€â”€â”€â”€â”€â”€â”€â”€â”€â”€â”€â”€â”€â”€â”€â”€â”€â”€â”€â”€â”€â”€â”€â”€â”€â”€â”€â”€â”€â”€â”€â”€â”€â”€â”€â”€â”€â”€â”€â”€â”€â”€â”€â”€â”€â”€â”€â”€â”€â”€â”€â”€â”€â”€â”€â”
   â”‚ LEAK SUMMARY                                            â”‚
   â”œâ”€â”€â”€â”€â”€â”€â”€â”€â”€â”€â”€â”€â”€â”€â”€â”€â”€â”€â”€â”€â”€â”€â”€â”€â”€â”€â”€â”€â”€â”€â”€â”€â”€â”€â”€â”€â”€â”€â”€â”€â”€â”€â”€â”€â”€â”€â”€â”€â”€â”€â”€â”€â”€â”€â”€â”€â”€â”¤
   â”‚ Total Leaks:                 1 allocations                    â”‚
   â”‚ Current Memory:              4 bytes                         â”‚
   â”‚ Peak Memory:                8 bytes                         â”‚
   â”‚ Allocations:                 2                               â”‚
   â”‚ Deallocations:               1                               â”‚
   â””â”€â”€â”€â”€â”€â”€â”€â”€â”€â”€â”€â”€â”€â”€â”€â”€â”€â”€â”€â”€â”€â”€â”€â”€â”€â”€â”€â”€â”€â”€â”€â”€â”€â”€â”€â”€â”€â”€â”€â”€â”€â”€â”€â”€â”€â”€â”€â”€â”€â”€â”€â”€â”€â”€â”€â”€â”€â”˜
ğŸ” Vector: 1 leaks
/Users/theisen/Projects/tiny-clj/src/tests/unity_test_runner.c:745:all_tests[i].func:PASS
âœ… Test completed: test_cljvalue_clojure_semantics

ğŸ§ª Running test: test_cljvalue_wrapper_functions
ğŸ” Memory profiling enabled (statistics reset)
/Users/theisen/Projects/tiny-clj/src/tests/unity_test_runner.c:745:all_tests[i].func:PASS
âœ… Test completed: test_cljvalue_wrapper_functions

ğŸ§ª Running test: test_cljvalue_immediates_fixnum
ğŸ” Memory profiling enabled (statistics reset)
/Users/theisen/Projects/tiny-clj/src/tests/unity_test_runner.c:745:all_tests[i].func:PASS
âœ… Test completed: test_cljvalue_immediates_fixnum

ğŸ§ª Running test: test_cljvalue_immediates_char
ğŸ” Memory profiling enabled (statistics reset)
/Users/theisen/Projects/tiny-clj/src/tests/unity_test_runner.c:745:all_tests[i].func:PASS
âœ… Test completed: test_cljvalue_immediates_char

ğŸ§ª Running test: test_cljvalue_immediates_special
ğŸ” Memory profiling enabled (statistics reset)
/Users/theisen/Projects/tiny-clj/src/tests/unity_test_runner.c:745:all_tests[i].func:PASS
âœ… Test completed: test_cljvalue_immediates_special

ğŸ§ª Running test: test_cljvalue_immediates_fixed
ğŸ” Memory profiling enabled (statistics reset)
/Users/theisen/Projects/tiny-clj/src/tests/unity_test_runner.c:745:all_tests[i].func:PASS
âœ… Test completed: test_cljvalue_immediates_fixed

ğŸ§ª Running test: test_cljvalue_parser_immediates
ğŸ” Memory profiling enabled (statistics reset)
/Users/theisen/Projects/tiny-clj/src/tests/unity_test_runner.c:745:all_tests[i].func:PASS
âœ… Test completed: test_cljvalue_parser_immediates

ğŸ§ª Running test: test_cljvalue_memory_efficiency
ğŸ” Memory profiling enabled (statistics reset)
/Users/theisen/Projects/tiny-clj/src/tests/unity_test_runner.c:745:all_tests[i].func:PASS
âœ… Test completed: test_cljvalue_memory_efficiency

ğŸ§ª Running test: test_cljvalue_vectors_high_level
ğŸ” Memory profiling enabled (statistics reset)
ğŸ“Š Memory: Alloc:2 Dealloc:1 Peak:8 Current:4 Leaks:1
ğŸ“‹ Vector: A:2/1 Rel:1
ğŸš¨ LEAK: 1 objects, 4 bytes

ğŸš¨ MEMORY LEAK DETECTED at Test Complete:
   â”Œâ”€â”€â”€â”€â”€â”€â”€â”€â”€â”€â”€â”€â”€â”€â”€â”€â”€â”€â”€â”€â”€â”€â”€â”€â”€â”€â”€â”€â”€â”€â”€â”€â”€â”€â”€â”€â”€â”€â”€â”€â”€â”€â”€â”€â”€â”€â”€â”€â”€â”€â”€â”€â”€â”€â”€â”€â”€â”
   â”‚ LEAK SUMMARY                                            â”‚
   â”œâ”€â”€â”€â”€â”€â”€â”€â”€â”€â”€â”€â”€â”€â”€â”€â”€â”€â”€â”€â”€â”€â”€â”€â”€â”€â”€â”€â”€â”€â”€â”€â”€â”€â”€â”€â”€â”€â”€â”€â”€â”€â”€â”€â”€â”€â”€â”€â”€â”€â”€â”€â”€â”€â”€â”€â”€â”€â”¤
   â”‚ Total Leaks:                 1 allocations                    â”‚
   â”‚ Current Memory:              4 bytes                         â”‚
   â”‚ Peak Memory:                8 bytes                         â”‚
   â”‚ Allocations:                 2                               â”‚
   â”‚ Deallocations:               1                               â”‚
   â””â”€â”€â”€â”€â”€â”€â”€â”€â”€â”€â”€â”€â”€â”€â”€â”€â”€â”€â”€â”€â”€â”€â”€â”€â”€â”€â”€â”€â”€â”€â”€â”€â”€â”€â”€â”€â”€â”€â”€â”€â”€â”€â”€â”€â”€â”€â”€â”€â”€â”€â”€â”€â”€â”€â”€â”€â”€â”˜
ğŸ” Vector: 1 leaks
/Users/theisen/Projects/tiny-clj/src/tests/unity_test_runner.c:745:all_tests[i].func:PASS
âœ… Test completed: test_cljvalue_vectors_high_level

ğŸ§ª Running test: test_cljvalue_immediates_high_level
ğŸ” Memory profiling enabled (statistics reset)
/Users/theisen/Projects/tiny-clj/src/tests/unity_test_runner.c:745:all_tests[i].func:PASS
âœ… Test completed: test_cljvalue_immediates_high_level

ğŸ§ª Running test: test_dotimes_basic
ğŸ” Memory profiling enabled (statistics reset)
/Users/theisen/Projects/tiny-clj/src/tests/unity_test_runner.c:745:all_tests[i].func:PASS
âœ… Test completed: test_dotimes_basic

ğŸ§ª Running test: test_doseq_basic
ğŸ” Memory profiling enabled (statistics reset)
/Users/theisen/Projects/tiny-clj/src/tests/unity_test_runner.c:745:all_tests[i].func:PASS
âœ… Test completed: test_doseq_basic

ğŸ§ª Running test: test_for_basic
ğŸ” Memory profiling enabled (statistics reset)
/Users/theisen/Projects/tiny-clj/src/tests/unity_test_runner.c:745:all_tests[i].func:PASS
âœ… Test completed: test_for_basic

ğŸ§ª Running test: test_dotimes_with_environment
ğŸ” Memory profiling enabled (statistics reset)
ğŸ“Š Memory: Alloc:6 Dealloc:5 Peak:24 Current:4 Leaks:1
ğŸ“‹ Symbol: A:0/0 R:6
ğŸ“‹ Vector: A:1/1 Rel:1
ğŸ“‹ Map: A:0/3 R:1 Rel:4
ğŸ“‹ List: A:5/1 R:4 Rel:3
ğŸš¨ LEAK: 1 objects, 4 bytes

ğŸš¨ MEMORY LEAK DETECTED at Test Complete:
   â”Œâ”€â”€â”€â”€â”€â”€â”€â”€â”€â”€â”€â”€â”€â”€â”€â”€â”€â”€â”€â”€â”€â”€â”€â”€â”€â”€â”€â”€â”€â”€â”€â”€â”€â”€â”€â”€â”€â”€â”€â”€â”€â”€â”€â”€â”€â”€â”€â”€â”€â”€â”€â”€â”€â”€â”€â”€â”€â”
   â”‚ LEAK SUMMARY                                            â”‚
   â”œâ”€â”€â”€â”€â”€â”€â”€â”€â”€â”€â”€â”€â”€â”€â”€â”€â”€â”€â”€â”€â”€â”€â”€â”€â”€â”€â”€â”€â”€â”€â”€â”€â”€â”€â”€â”€â”€â”€â”€â”€â”€â”€â”€â”€â”€â”€â”€â”€â”€â”€â”€â”€â”€â”€â”€â”€â”€â”¤
   â”‚ Total Leaks:                 1 allocations                    â”‚
   â”‚ Current Memory:              4 bytes                         â”‚
   â”‚ Peak Memory:               24 bytes                         â”‚
   â”‚ Allocations:                 6                               â”‚
   â”‚ Deallocations:               5                               â”‚
   â””â”€â”€â”€â”€â”€â”€â”€â”€â”€â”€â”€â”€â”€â”€â”€â”€â”€â”€â”€â”€â”€â”€â”€â”€â”€â”€â”€â”€â”€â”€â”€â”€â”€â”€â”€â”€â”€â”€â”€â”€â”€â”€â”€â”€â”€â”€â”€â”€â”€â”€â”€â”€â”€â”€â”€â”€â”€â”˜
ğŸ” List: 4 leaks
/Users/theisen/Projects/tiny-clj/src/tests/unity_test_runner.c:745:all_tests[i].func:PASS
âœ… Test completed: test_dotimes_with_environment

ğŸ§ª Running test: test_doseq_with_environment
ğŸ” Memory profiling enabled (statistics reset)
ğŸ“Š Memory: Alloc:7 Dealloc:5 Peak:28 Current:8 Leaks:2
ğŸ“‹ Symbol: A:0/0 R:7 AR:1
ğŸ“‹ Vector: A:2/1 R:1 Rel:1
ğŸ“‹ Map: A:0/3 R:1 Rel:4
ğŸ“‹ List: A:5/1 R:9 Rel:8 AR:5
ğŸš¨ LEAK: 2 objects, 8 bytes

ğŸš¨ MEMORY LEAK DETECTED at Test Complete:
   â”Œâ”€â”€â”€â”€â”€â”€â”€â”€â”€â”€â”€â”€â”€â”€â”€â”€â”€â”€â”€â”€â”€â”€â”€â”€â”€â”€â”€â”€â”€â”€â”€â”€â”€â”€â”€â”€â”€â”€â”€â”€â”€â”€â”€â”€â”€â”€â”€â”€â”€â”€â”€â”€â”€â”€â”€â”€â”€â”
   â”‚ LEAK SUMMARY                                            â”‚
   â”œâ”€â”€â”€â”€â”€â”€â”€â”€â”€â”€â”€â”€â”€â”€â”€â”€â”€â”€â”€â”€â”€â”€â”€â”€â”€â”€â”€â”€â”€â”€â”€â”€â”€â”€â”€â”€â”€â”€â”€â”€â”€â”€â”€â”€â”€â”€â”€â”€â”€â”€â”€â”€â”€â”€â”€â”€â”€â”¤
   â”‚ Total Leaks:                 2 allocations                    â”‚
   â”‚ Current Memory:              8 bytes                         â”‚
   â”‚ Peak Memory:               28 bytes                         â”‚
   â”‚ Allocations:                 7                               â”‚
   â”‚ Deallocations:               5                               â”‚
   â””â”€â”€â”€â”€â”€â”€â”€â”€â”€â”€â”€â”€â”€â”€â”€â”€â”€â”€â”€â”€â”€â”€â”€â”€â”€â”€â”€â”€â”€â”€â”€â”€â”€â”€â”€â”€â”€â”€â”€â”€â”€â”€â”€â”€â”€â”€â”€â”€â”€â”€â”€â”€â”€â”€â”€â”€â”€â”˜
ğŸ” Vector: 1 leaks
ğŸ” List: 4 leaks
/Users/theisen/Projects/tiny-clj/src/tests/unity_test_runner.c:745:all_tests[i].func:PASS
âœ… Test completed: test_doseq_with_environment

ğŸ§ª Running test: test_fixed_basic_creation
ğŸ” Memory profiling enabled (statistics reset)
/Users/theisen/Projects/tiny-clj/src/tests/unity_test_runner.c:745:all_tests[i].func:PASS
âœ… Test completed: test_fixed_basic_creation

ğŸ§ª Running test: test_fixed_negative_values
ğŸ” Memory profiling enabled (statistics reset)
/Users/theisen/Projects/tiny-clj/src/tests/unity_test_runner.c:745:all_tests[i].func:PASS
âœ… Test completed: test_fixed_negative_values

ğŸ§ª Running test: test_fixed_precision
ğŸ” Memory profiling enabled (statistics reset)
/Users/theisen/Projects/tiny-clj/src/tests/unity_test_runner.c:745:all_tests[i].func:PASS
âœ… Test completed: test_fixed_precision

ğŸ§ª Running test: test_fixed_multiplication_raw
ğŸ” Memory profiling enabled (statistics reset)
/Users/theisen/Projects/tiny-clj/src/tests/unity_test_runner.c:745:all_tests[i].func:PASS
âœ… Test completed: test_fixed_multiplication_raw

ğŸ§ª Running test: test_fixed_mixed_type_promotion
ğŸ” Memory profiling enabled (statistics reset)
/Users/theisen/Projects/tiny-clj/src/tests/unity_test_runner.c:745:all_tests[i].func:PASS
âœ… Test completed: test_fixed_mixed_type_promotion

ğŸ§ª Running test: test_fixed_saturation_max
ğŸ” Memory profiling enabled (statistics reset)
/Users/theisen/Projects/tiny-clj/src/tests/unity_test_runner.c:745:all_tests[i].func:PASS
âœ… Test completed: test_fixed_saturation_max

ğŸ§ª Running test: test_fixed_saturation_min
ğŸ” Memory profiling enabled (statistics reset)
/Users/theisen/Projects/tiny-clj/src/tests/unity_test_runner.c:745:all_tests[i].func:PASS
âœ… Test completed: test_fixed_saturation_min

ğŸ§ª Running test: test_fixed_division_raw
ğŸ” Memory profiling enabled (statistics reset)
/Users/theisen/Projects/tiny-clj/src/tests/unity_test_runner.c:745:all_tests[i].func:PASS
âœ… Test completed: test_fixed_division_raw

ğŸ§ª Running test: test_fixed_edge_cases
ğŸ” Memory profiling enabled (statistics reset)
/Users/theisen/Projects/tiny-clj/src/tests/unity_test_runner.c:745:all_tests[i].func:PASS
âœ… Test completed: test_fixed_edge_cases

ğŸ§ª Running test: test_fixed_tag_consistency
ğŸ” Memory profiling enabled (statistics reset)
/Users/theisen/Projects/tiny-clj/src/tests/unity_test_runner.c:745:all_tests[i].func:PASS
âœ… Test completed: test_fixed_tag_consistency

ğŸ§ª Running test: test_fixed_addition_builtin
ğŸ” Memory profiling enabled (statistics reset)
/Users/theisen/Projects/tiny-clj/src/tests/unity_test_runner.c:745:all_tests[i].func:PASS
âœ… Test completed: test_fixed_addition_builtin

ğŸ§ª Running test: test_fixed_subtraction_builtin
ğŸ” Memory profiling enabled (statistics reset)
/Users/theisen/Projects/tiny-clj/src/tests/unity_test_runner.c:745:all_tests[i].func:PASS
âœ… Test completed: test_fixed_subtraction_builtin

ğŸ§ª Running test: test_fixed_mixed_addition
ğŸ” Memory profiling enabled (statistics reset)
/Users/theisen/Projects/tiny-clj/src/tests/unity_test_runner.c:745:all_tests[i].func:PASS
âœ… Test completed: test_fixed_mixed_addition

ğŸ§ª Running test: test_fixed_negative_addition
ğŸ” Memory profiling enabled (statistics reset)
/Users/theisen/Projects/tiny-clj/src/tests/unity_test_runner.c:745:all_tests[i].func:PASS
âœ… Test completed: test_fixed_negative_addition

ğŸ§ª Running test: test_fixed_multiplication_builtin
ğŸ” Memory profiling enabled (statistics reset)
/Users/theisen/Projects/tiny-clj/src/tests/unity_test_runner.c:745:all_tests[i].func:PASS
âœ… Test completed: test_fixed_multiplication_builtin

ğŸ§ª Running test: test_fixed_division_builtin
ğŸ” Memory profiling enabled (statistics reset)
/Users/theisen/Projects/tiny-clj/src/tests/unity_test_runner.c:745:all_tests[i].func:PASS
âœ… Test completed: test_fixed_division_builtin

ğŸ§ª Running test: test_fixed_mixed_multiplication
ğŸ” Memory profiling enabled (statistics reset)
/Users/theisen/Projects/tiny-clj/src/tests/unity_test_runner.c:745:all_tests[i].func:PASS
âœ… Test completed: test_fixed_mixed_multiplication

ğŸ§ª Running test: test_fixed_division_by_zero
ğŸ” Memory profiling enabled (statistics reset)
/Users/theisen/Projects/tiny-clj/src/tests/unity_test_runner.c:745:all_tests[i].func:PASS
âœ… Test completed: test_fixed_division_by_zero

ğŸ§ª Running test: test_fixed_complex_arithmetic
ğŸ” Memory profiling enabled (statistics reset)
/Users/theisen/Projects/tiny-clj/src/tests/unity_test_runner.c:745:all_tests[i].func:PASS
âœ… Test completed: test_fixed_complex_arithmetic

ğŸ§ª Running test: test_fixed_overflow_detection
ğŸ” Memory profiling enabled (statistics reset)
ğŸ“Š Memory: Alloc:7 Dealloc:5 Peak:20 Current:8 Leaks:2
ğŸ“‹ Vector: A:5/5 Rel:5
ğŸ“‹ Exception: A:2/0
ğŸš¨ LEAK: 2 objects, 8 bytes

ğŸš¨ MEMORY LEAK DETECTED at Test Complete:
   â”Œâ”€â”€â”€â”€â”€â”€â”€â”€â”€â”€â”€â”€â”€â”€â”€â”€â”€â”€â”€â”€â”€â”€â”€â”€â”€â”€â”€â”€â”€â”€â”€â”€â”€â”€â”€â”€â”€â”€â”€â”€â”€â”€â”€â”€â”€â”€â”€â”€â”€â”€â”€â”€â”€â”€â”€â”€â”€â”
   â”‚ LEAK SUMMARY                                            â”‚
   â”œâ”€â”€â”€â”€â”€â”€â”€â”€â”€â”€â”€â”€â”€â”€â”€â”€â”€â”€â”€â”€â”€â”€â”€â”€â”€â”€â”€â”€â”€â”€â”€â”€â”€â”€â”€â”€â”€â”€â”€â”€â”€â”€â”€â”€â”€â”€â”€â”€â”€â”€â”€â”€â”€â”€â”€â”€â”€â”¤
   â”‚ Total Leaks:                 2 allocations                    â”‚
   â”‚ Current Memory:              8 bytes                         â”‚
   â”‚ Peak Memory:               20 bytes                         â”‚
   â”‚ Allocations:                 7                               â”‚
   â”‚ Deallocations:               5                               â”‚
   â””â”€â”€â”€â”€â”€â”€â”€â”€â”€â”€â”€â”€â”€â”€â”€â”€â”€â”€â”€â”€â”€â”€â”€â”€â”€â”€â”€â”€â”€â”€â”€â”€â”€â”€â”€â”€â”€â”€â”€â”€â”€â”€â”€â”€â”€â”€â”€â”€â”€â”€â”€â”€â”€â”€â”€â”€â”€â”˜
ğŸ” Exception: 2 leaks
/Users/theisen/Projects/tiny-clj/src/tests/unity_test_runner.c:745:all_tests[i].func:PASS
âœ… Test completed: test_fixed_overflow_detection

ğŸ§ª Running test: test_byte_array_creation
ğŸ” Memory profiling enabled (statistics reset)
/Users/theisen/Projects/tiny-clj/src/tests/unity_test_runner.c:745:all_tests[i].func:PASS
âœ… Test completed: test_byte_array_creation

ğŸ§ª Running test: test_byte_array_from_bytes
ğŸ” Memory profiling enabled (statistics reset)
/Users/theisen/Projects/tiny-clj/src/tests/unity_test_runner.c:745:all_tests[i].func:PASS
âœ… Test completed: test_byte_array_from_bytes

ğŸ§ª Running test: test_byte_array_get_set
ğŸ” Memory profiling enabled (statistics reset)
/Users/theisen/Projects/tiny-clj/src/tests/unity_test_runner.c:745:all_tests[i].func:PASS
âœ… Test completed: test_byte_array_get_set

ğŸ§ª Running test: test_byte_array_length
ğŸ” Memory profiling enabled (statistics reset)
/Users/theisen/Projects/tiny-clj/src/tests/unity_test_runner.c:745:all_tests[i].func:PASS
âœ… Test completed: test_byte_array_length

ğŸ§ª Running test: test_byte_array_clone
ğŸ” Memory profiling enabled (statistics reset)
/Users/theisen/Projects/tiny-clj/src/tests/unity_test_runner.c:745:all_tests[i].func:PASS
âœ… Test completed: test_byte_array_clone

ğŸ§ª Running test: test_byte_array_copy_from
ğŸ” Memory profiling enabled (statistics reset)
/Users/theisen/Projects/tiny-clj/src/tests/unity_test_runner.c:745:all_tests[i].func:PASS
âœ… Test completed: test_byte_array_copy_from

ğŸ§ª Running test: test_byte_array_copy_to
ğŸ” Memory profiling enabled (statistics reset)
/Users/theisen/Projects/tiny-clj/src/tests/unity_test_runner.c:745:all_tests[i].func:PASS
âœ… Test completed: test_byte_array_copy_to

ğŸ§ª Running test: test_byte_array_copy_between
ğŸ” Memory profiling enabled (statistics reset)
/Users/theisen/Projects/tiny-clj/src/tests/unity_test_runner.c:745:all_tests[i].func:PASS
âœ… Test completed: test_byte_array_copy_between

ğŸ§ª Running test: test_byte_array_slice
ğŸ” Memory profiling enabled (statistics reset)
/Users/theisen/Projects/tiny-clj/src/tests/unity_test_runner.c:745:all_tests[i].func:PASS
âœ… Test completed: test_byte_array_slice

ğŸ§ª Running test: test_byte_array_id_operations
ğŸ” Memory profiling enabled (statistics reset)
/Users/theisen/Projects/tiny-clj/src/tests/unity_test_runner.c:745:all_tests[i].func:PASS
âœ… Test completed: test_byte_array_id_operations

ğŸ§ª Running test: test_byte_array_memory_management
ğŸ” Memory profiling enabled (statistics reset)
/Users/theisen/Projects/tiny-clj/src/tests/unity_test_runner.c:745:all_tests[i].func:PASS
âœ… Test completed: test_byte_array_memory_management

ğŸ§ª Running test: test_byte_array_empty
ğŸ” Memory profiling enabled (statistics reset)
/Users/theisen/Projects/tiny-clj/src/tests/unity_test_runner.c:745:all_tests[i].func:PASS
âœ… Test completed: test_byte_array_empty

ğŸ§ª Running test: test_autorelease_does_not_increase_rc
ğŸ” Memory profiling enabled (statistics reset)

=== COW Assumptions: AUTORELEASE does NOT increase RC ===
After make_map: RC=1
After AUTORELEASE: RC=1
âœ“ AUTORELEASE does NOT increase RC
/Users/theisen/Projects/tiny-clj/src/tests/unity_test_runner.c:745:all_tests[i].func:PASS
âœ… Test completed: test_autorelease_does_not_increase_rc

ğŸ§ª Running test: test_retain_increases_rc
ğŸ” Memory profiling enabled (statistics reset)

=== COW Assumptions: RETAIN increases RC ===
After make_map: RC=1
After RETAIN: RC=2
âœ“ RC=2 would trigger COW in map_assoc_cow
After RELEASE: RC=1
/Users/theisen/Projects/tiny-clj/src/tests/unity_test_runner.c:745:all_tests[i].func:PASS
âœ… Test completed: test_retain_increases_rc

ğŸ§ª Running test: test_autorelease_with_retain
ğŸ” Memory profiling enabled (statistics reset)

=== COW Assumptions: AUTORELEASE with RETAIN ===
Initial RC=1
After RETAIN: RC=2
After AUTORELEASE: RC=2
âœ“ AUTORELEASE does NOT decrease RC when RETAINed
/Users/theisen/Projects/tiny-clj/src/tests/unity_test_runner.c:745:all_tests[i].func:PASS
âœ… Test completed: test_autorelease_with_retain

ğŸ§ª Running test: test_multiple_autorelease_same_object
ğŸ” Memory profiling enabled (statistics reset)

=== COW Assumptions: Multiple AUTORELEASE same object ===
Initial RC=1
After 3 AUTORELEASE: RC=1
âœ“ Multiple AUTORELEASE does NOT increase RC
/Users/theisen/Projects/tiny-clj/src/tests/unity_test_runner.c:745:all_tests[i].func:PASS
âœ… Test completed: test_multiple_autorelease_same_object

ğŸ§ª Running test: test_autorelease_in_loop_realistic
ğŸ” Memory profiling enabled (statistics reset)

=== COW Assumptions: AUTORELEASE in loop (realistic) ===
Initial RC=1
Iteration 0: RC=1
Iteration 10: RC=1
Iteration 20: RC=1
Iteration 30: RC=1
Iteration 40: RC=1
Iteration 50: RC=1
Iteration 60: RC=1
Iteration 70: RC=1
Iteration 80: RC=1
Iteration 90: RC=1
âœ“ RC bleibt 1 auch nach 100 Iterationen mit AUTORELEASE
/Users/theisen/Projects/tiny-clj/src/tests/unity_test_runner.c:745:all_tests[i].func:PASS
âœ… Test completed: test_autorelease_in_loop_realistic

ğŸ§ª Running test: test_cow_inplace_mutation_rc_one
ğŸ” Memory profiling enabled (statistics reset)

=== Test 1: In-place mutation bei RC=1 ===
Initial RC=1
After first assoc: RC=1
After second assoc: RC=1
âœ“ In-place mutation funktioniert bei RC=1
/Users/theisen/Projects/tiny-clj/src/tests/unity_test_runner.c:745:all_tests[i].func:PASS
âœ… Test completed: test_cow_inplace_mutation_rc_one

ğŸ§ª Running test: test_cow_copy_on_write_rc_greater_one
ğŸ” Memory profiling enabled (statistics reset)

=== Test 2: COW bei RC>1 ===
Initial RC=1
After RETAIN: RC=2
After COW assoc: RC=2
âœ“ COW funktioniert bei RC>1
/Users/theisen/Projects/tiny-clj/src/tests/unity_test_runner.c:745:all_tests[i].func:PASS
âœ… Test completed: test_cow_copy_on_write_rc_greater_one

ğŸ§ª Running test: test_cow_original_map_unchanged
ğŸ” Memory profiling enabled (statistics reset)

=== Test 3: Original Map unverÃ¤ndert nach COW ===
Original map count=2
After COW: Original count=2
âœ“ Original Map bleibt unverÃ¤ndert nach COW
/Users/theisen/Projects/tiny-clj/src/tests/unity_test_runner.c:745:all_tests[i].func:PASS
âœ… Test completed: test_cow_original_map_unchanged

ğŸ§ª Running test: test_cow_with_autorelease
ğŸ” Memory profiling enabled (statistics reset)

=== Test 4: AUTORELEASE mit COW ===
Initial RC=1
After AUTORELEASE: RC=1
After COW with AUTORELEASE: RC=1
âœ“ AUTORELEASE funktioniert korrekt mit COW
/Users/theisen/Projects/tiny-clj/src/tests/unity_test_runner.c:745:all_tests[i].func:PASS
âœ… Test completed: test_cow_with_autorelease

ğŸ§ª Running test: test_cow_memory_leak_detection
ğŸ” Memory profiling enabled (statistics reset)

=== Test 5: Memory Leak Detection ===
Created map with 4 entries
âœ“ Keine Memory Leaks bei COW-Operationen
/Users/theisen/Projects/tiny-clj/src/tests/unity_test_runner.c:745:all_tests[i].func:PASS
âœ… Test completed: test_cow_memory_leak_detection

ğŸ§ª Running test: test_cow_environment_loop_mutation
ğŸ” Memory profiling enabled (statistics reset)

=== Test 1: Environment-Mutation in Loop ===
Initial env RC=1
Loop iteration 0: RC=1, count=1
Loop iteration 20: RC=1, count=4
Loop iteration 40: RC=1, count=4
Loop iteration 60: RC=1, count=4
Loop iteration 80: RC=1, count=4
âœ“ Environment-Mutation in Loop funktioniert (100 Iterationen)
/Users/theisen/Projects/tiny-clj/src/tests/unity_test_runner.c:745:all_tests[i].func:PASS
âœ… Test completed: test_cow_environment_loop_mutation

ğŸ§ª Running test: test_cow_closure_environment_sharing
ğŸ” Memory profiling enabled (statistics reset)

=== Test 2: Closure-Environment-Sharing ===
Initial env RC=1
After RETAIN (closure): RC=2
After COW closure operation: RC=2
âœ“ Closure-Environment-Sharing funktioniert
/Users/theisen/Projects/tiny-clj/src/tests/unity_test_runner.c:745:all_tests[i].func:PASS
âœ… Test completed: test_cow_closure_environment_sharing

ğŸ§ª Running test: test_cow_memory_efficiency_benchmark
ğŸ” Memory profiling enabled (statistics reset)

=== Test 4: Memory-Effizienz Benchmark ===
Benchmark: 1000 assoc-Operationen
Start: RC=1, count=0
  Iteration 0: RC=1, count=1
  Iteration 100: RC=1, count=4
  Iteration 200: RC=1, count=4
  Iteration 300: RC=1, count=4
  Iteration 400: RC=1, count=4
  Iteration 500: RC=1, count=4
  Iteration 600: RC=1, count=4
  Iteration 700: RC=1, count=4
  Iteration 800: RC=1, count=4
  Iteration 900: RC=1, count=4
Ende: RC=1, count=4
âœ“ 1000 Operationen: 99.9% Memory-Ersparnis erreicht!
/Users/theisen/Projects/tiny-clj/src/tests/unity_test_runner.c:745:all_tests[i].func:PASS
âœ… Test completed: test_cow_memory_efficiency_benchmark

ğŸ§ª Running test: test_cow_real_clojure_simulation
ğŸ” Memory profiling enabled (statistics reset)

=== Test 5: Real Clojure Code Simulation ===
Simulating Clojure reduce with assoc...
  Item 0: RC=1, count=1
  Item 20: RC=1, count=21
  Item 40: RC=1, count=41
  Item 60: RC=1, count=61
  Item 80: RC=1, count=81
âœ“ Real Clojure Code Simulation erfolgreich
/Users/theisen/Projects/tiny-clj/src/tests/unity_test_runner.c:745:all_tests[i].func:PASS
âœ… Test completed: test_cow_real_clojure_simulation

ğŸ§ª Running test: test_cow_actual_cow_demonstration
ğŸ” Memory profiling enabled (statistics reset)

=== COW Actual COW Demonstration ===
Initial RC=1
After RETAIN: RC=2
After COW: RC=2
âœ“ COW Actual COW Demonstration erfolgreich
/Users/theisen/Projects/tiny-clj/src/tests/unity_test_runner.c:745:all_tests[i].func:PASS
âœ… Test completed: test_cow_actual_cow_demonstration

ğŸ§ª Running test: test_simple_addition
ğŸ” Memory profiling enabled (statistics reset)

=== Simple Addition Test ===
Testing 5 + 3 = 8
âœ“ Simple addition works!
/Users/theisen/Projects/tiny-clj/src/tests/unity_test_runner.c:745:all_tests[i].func:PASS
âœ… Test completed: test_simple_addition

ğŸ§ª Running test: test_clojure_fixnum_creation
ğŸ” Memory profiling enabled (statistics reset)

=== Clojure Fixnum Creation Test ===
Created fixnums: 42 and 17
âœ“ Clojure fixnum creation works!
/Users/theisen/Projects/tiny-clj/src/tests/unity_test_runner.c:745:all_tests[i].func:PASS
âœ… Test completed: test_clojure_fixnum_creation

ğŸ§ª Running test: test_simple_map_operations
ğŸ” Memory profiling enabled (statistics reset)

=== Simple Map Operations Test ===
Created map with capacity 4
Added entries: (1, 10) and (2, 20)
âœ“ Map operations work correctly!
/Users/theisen/Projects/tiny-clj/src/tests/unity_test_runner.c:745:all_tests[i].func:PASS
âœ… Test completed: test_simple_map_operations

ğŸ§ª Running test: test_symbol_operations
ğŸ” Memory profiling enabled (statistics reset)

=== Symbol Operations Test ===
Created symbols: 'hello' and 'world'
âœ“ Symbol operations work correctly!
/Users/theisen/Projects/tiny-clj/src/tests/unity_test_runner.c:745:all_tests[i].func:PASS
âœ… Test completed: test_symbol_operations

ğŸ§ª Running test: test_error_handling
ğŸ” Memory profiling enabled (statistics reset)

=== Error Handling Test ===
âœ“ Error handling works correctly!
/Users/theisen/Projects/tiny-clj/src/tests/unity_test_runner.c:745:all_tests[i].func:PASS
âœ… Test completed: test_error_handling

ğŸ§ª Running test: test_performance_simple
ğŸ” Memory profiling enabled (statistics reset)

=== Performance Test ===
Running 1000 iterations...
âœ“ Performance test completed (1000 iterations)
/Users/theisen/Projects/tiny-clj/src/tests/unity_test_runner.c:745:all_tests[i].func:PASS
âœ… Test completed: test_performance_simple

ğŸ§ª Running test: test_memory_management
ğŸ” Memory profiling enabled (statistics reset)

=== Memory Management Test ===
Created multiple objects
âœ“ Memory management works correctly!
/Users/theisen/Projects/tiny-clj/src/tests/unity_test_runner.c:745:all_tests[i].func:PASS
âœ… Test completed: test_memory_management


================================================================================
ğŸ” FINAL MEMORY LEAK SUMMARY
================================================================================
================================================================================


-----------------------
155 Tests 0 Failures 0 Ignored 
OK
