SF:/Users/theisen/Projects/tiny-clj/src/args_utils.c
FN:14,allocate_args_array
FN:36,cleanup_args_array
FNDA:0,allocate_args_array
FNDA:0,cleanup_args_array
FNF:2
FNH:0
DA:14,0
DA:15,0
DA:17,0
DA:18,0
DA:21,0
DA:22,0
DA:23,0
DA:25,0
DA:26,0
DA:36,0
DA:37,0
DA:39,0
DA:40,0
DA:41,0
DA:43,0
DA:44,0
BRDA:15,0,0,-
BRDA:15,0,1,-
BRDA:18,0,0,-
BRDA:18,0,1,-
BRDA:21,0,0,-
BRDA:21,0,1,-
BRDA:37,0,0,-
BRDA:37,0,1,-
BRDA:39,0,0,-
BRDA:39,0,1,-
BRDA:40,0,0,-
BRDA:40,0,1,-
BRDA:40,1,2,-
BRDA:40,1,3,-
BRF:14
BRH:0
LF:16
LH:0
end_of_record
SF:/Users/theisen/Projects/tiny-clj/src/ast.c
FN:29,make_ast_node
FN:55,make_slot_ref
FN:74,make_ast_list
FN:83,as_ast_node
FN:96,is_ast_node
FN:105,ast_node_set_callsite_cache
FN:115,ast_node_get_callsite_cache
FN:127,make_callsite_cache
FN:146,as_callsite_cache
FN:161,callsite_cache_is_valid
FN:172,ast_node_get_cached_resolution
FN:189,ast_node_update_callsite_cache
FN:205,ast_node_clear_callsite_cache
FNDA:3650217,make_ast_node
FNDA:518704,make_slot_ref
FNDA:1917723,make_ast_list
FNDA:2791039,as_ast_node
FNDA:4828152,is_ast_node
FNDA:17588,ast_node_set_callsite_cache
FNDA:0,ast_node_get_callsite_cache
FNDA:17588,make_callsite_cache
FNDA:7326427,as_callsite_cache
FNDA:607930,callsite_cache_is_valid
FNDA:7010065,ast_node_get_cached_resolution
FNDA:316362,ast_node_update_callsite_cache
FNDA:0,ast_node_clear_callsite_cache
FNF:13
FNH:11
DA:29,3650217
DA:30,3650217
DA:31,3650217
DA:32,0
DA:33,0
DA:35,3650217
DA:36,3650217
DA:37,3650217
DA:38,3650217
DA:40,3650217
DA:41,3650217
DA:42,3650217
DA:43,3650217
DA:45,3650217
DA:46,3650217
DA:55,518704
DA:57,518704
DA:58,518704
DA:61,518704
DA:62,518704
DA:63,518704
DA:64,518704
DA:65,518704
DA:66,518704
DA:74,1917723
DA:75,1917723
DA:76,1917723
DA:83,2791039
DA:84,2791039
DA:85,2791039
DA:86,2791039
DA:87,2791039
DA:88,0
DA:89,2791039
DA:96,4828152
DA:97,4828152
DA:98,4828152
DA:105,17588
DA:106,17588
DA:107,17588
DA:108,17588
DA:115,0
DA:116,0
DA:117,0
DA:118,0
DA:127,17588
DA:128,17588
DA:129,17588
DA:130,0
DA:131,0
DA:133,17588
DA:134,17588
DA:135,17588
DA:136,17588
DA:137,17588
DA:138,17588
DA:139,17588
DA:146,7326427
DA:147,7326427
DA:148,906704
DA:149,906704
DA:150,906704
DA:151,0
DA:152,906704
DA:161,607930
DA:162,607930
DA:163,607930
DA:172,7010065
DA:173,7010065
DA:174,7010065
DA:175,7010065
DA:176,607930
DA:177,597548
DA:178,597548
DA:179,10382
DA:180,607930
DA:189,316362
DA:190,316362
DA:191,316362
DA:192,316362
DA:193,17588
DA:194,17588
DA:195,17588
DA:196,298774
DA:197,298774
DA:198,298774
DA:199,298774
DA:205,0
DA:206,0
DA:207,0
DA:208,0
BRDA:31,0,0,0
BRDA:31,0,1,3650217
BRDA:36,0,0,3650217
BRDA:36,0,1,0
BRDA:36,1,2,3650146
BRDA:36,1,3,71
BRDA:37,0,0,3486225
BRDA:37,0,1,163992
BRDA:37,1,2,3486225
BRDA:37,1,3,0
BRDA:58,0,0,0
BRDA:58,0,1,518704
BRDA:84,0,0,0
BRDA:84,0,1,2791039
BRDA:85,0,0,2791039
BRDA:85,0,1,0
BRDA:97,0,0,4828152
BRDA:97,0,1,0
BRDA:97,1,2,4821716
BRDA:97,1,3,6436
BRDA:106,0,0,0
BRDA:106,0,1,17588
BRDA:107,0,0,17588
BRDA:107,0,1,0
BRDA:107,1,2,0
BRDA:107,1,3,17588
BRDA:107,2,4,17588
BRDA:107,2,5,0
BRDA:107,3,6,-
BRDA:107,3,7,-
BRDA:107,4,8,17588
BRDA:107,4,9,0
BRDA:116,0,0,-
BRDA:116,0,1,-
BRDA:129,0,0,0
BRDA:129,0,1,17588
BRDA:137,0,0,17588
BRDA:137,0,1,0
BRDA:137,1,2,17588
BRDA:137,1,3,0
BRDA:137,2,4,0
BRDA:137,2,5,17588
BRDA:137,3,6,17588
BRDA:137,3,7,0
BRDA:137,4,8,-
BRDA:137,4,9,-
BRDA:147,0,0,6419723
BRDA:147,0,1,906704
BRDA:148,0,0,906704
BRDA:148,0,1,0
BRDA:162,0,0,607930
BRDA:162,0,1,0
BRDA:162,1,2,607930
BRDA:162,1,3,0
BRDA:162,2,4,10382
BRDA:162,2,5,597548
BRDA:162,3,6,10382
BRDA:162,3,7,0
BRDA:173,0,0,0
BRDA:173,0,1,7010065
BRDA:173,1,2,0
BRDA:173,1,3,7010065
BRDA:175,0,0,6402135
BRDA:175,0,1,607930
BRDA:176,0,0,597548
BRDA:176,0,1,10382
BRDA:190,0,0,0
BRDA:190,0,1,316362
BRDA:190,1,2,0
BRDA:190,1,3,316362
BRDA:190,2,4,0
BRDA:190,2,5,316362
BRDA:192,0,0,17588
BRDA:192,0,1,298774
BRDA:198,0,0,1456
BRDA:198,0,1,297318
BRDA:198,1,2,1456
BRDA:198,1,3,0
BRDA:198,2,4,1456
BRDA:198,2,5,0
BRDA:198,3,6,1456
BRDA:198,3,7,0
BRDA:198,4,8,1456
BRDA:198,4,9,0
BRDA:206,0,0,-
BRDA:206,0,1,-
BRF:86
BRH:48
LF:91
LH:77
end_of_record
SF:/Users/theisen/Projects/tiny-clj/src/ast_canon.c
FN:965,canonicalize_ast
FN:952,ast_canon.c:canonicalize_expr
FN:350,ast_canon.c:canonicalize_expr_with_scope
FN:219,ast_canon.c:canonicalize_symbol_token
FN:129,ast_canon.c:lexical_lookup
FN:105,ast_canon.c:scope_stack_count
FN:109,ast_canon.c:scope_stack_get_from_top
FN:42,ast_canon.c:move_meta
FN:88,ast_canon.c:vector_needs_destructuring
FN:167,ast_canon.c:destructure
FN:184,ast_canon.c:transform_params
FN:115,ast_canon.c:scope_stack_push_inplace
FN:60,ast_canon.c:canonicalize_rest_to_plain_list
FN:123,ast_canon.c:scope_stack_pop_inplace
FNDA:373621,canonicalize_ast
FNDA:373621,ast_canon.c:canonicalize_expr
FNDA:8514677,ast_canon.c:canonicalize_expr_with_scope
FNDA:0,ast_canon.c:canonicalize_symbol_token
FNDA:1468420,ast_canon.c:lexical_lookup
FNDA:1468420,ast_canon.c:scope_stack_count
FNDA:1911627,ast_canon.c:scope_stack_get_from_top
FNDA:4534358,ast_canon.c:move_meta
FNDA:481782,ast_canon.c:vector_needs_destructuring
FNDA:1456,ast_canon.c:destructure
FNDA:1456,ast_canon.c:transform_params
FNDA:413350,ast_canon.c:scope_stack_push_inplace
FNDA:3439912,ast_canon.c:canonicalize_rest_to_plain_list
FNDA:413350,ast_canon.c:scope_stack_pop_inplace
FNF:14
FNH:13
DA:42,4534358
DA:43,4534358
DA:44,4534358
DA:45,4534358
DA:46,645504
DA:47,645504
DA:48,645504
DA:52,4534358
DA:60,3439912
DA:61,3439912
DA:62,3439912
DA:64,3439912
DA:65,3439912
DA:66,3439912
DA:69,3439912
DA:70,991556
DA:71,991556
DA:73,2448356
DA:74,2448356
DA:75,0
DA:76,0
DA:77,2448356
DA:78,2448356
DA:79,2448356
DA:88,481782
DA:89,481782
DA:90,1904634
DA:91,952317
DA:92,952317
DA:93,480326
DA:94,481782
DA:96,74324
DA:97,407458
DA:105,1468420
DA:106,1468420
DA:107,1468420
DA:109,1911627
DA:110,1911627
DA:111,1911627
DA:112,1911627
DA:113,1911627
DA:115,413350
DA:116,413350
DA:117,413350
DA:118,353629
DA:119,353629
DA:120,413350
DA:121,413350
DA:123,413350
DA:124,413350
DA:125,413350
DA:126,413350
DA:127,413350
DA:129,1468420
DA:130,1468420
DA:131,1468420
DA:132,2741198
DA:133,1911627
DA:134,1911627
DA:135,1911627
DA:136,1911627
DA:137,1911627
DA:139,4394132
DA:140,3121354
DA:141,3121354
DA:142,3121354
DA:143,638849
DA:144,638849
DA:145,638849
DA:146,638849
DA:150,2482505
DA:151,2482505
DA:152,2482505
DA:153,0
DA:154,0
DA:155,0
DA:156,0
DA:157,2482505
DA:158,2482505
DA:159,1911627
DA:160,829571
DA:161,1468420
DA:167,1456
DA:168,1456
DA:169,39
DA:170,39
DA:171,39
DA:172,39
DA:174,1456
DA:175,1456
DA:176,1456
DA:177,1456
DA:184,1456
DA:185,1456
DA:186,1456
DA:187,1456
DA:188,1456
DA:190,2912
DA:191,1456
DA:192,1456
DA:193,1456
DA:194,1456
DA:195,1456
DA:196,1456
DA:197,1456
DA:198,1456
DA:199,1456
DA:200,1456
DA:201,0
DA:202,0
DA:203,1456
DA:205,1456
DA:206,1456
DA:207,1456
DA:208,0
DA:209,0
DA:210,1456
DA:211,1456
DA:219,0
DA:220,0
DA:222,0
DA:223,0
DA:224,0
DA:225,0
DA:228,0
DA:231,0
DA:234,0
DA:235,0
DA:237,0
DA:238,0
DA:239,0
DA:240,0
DA:241,0
DA:242,0
DA:244,0
DA:245,0
DA:247,0
DA:248,0
DA:249,0
DA:252,0
DA:253,0
DA:254,0
DA:255,0
DA:256,0
DA:257,0
DA:258,0
DA:259,0
DA:262,0
DA:263,0
DA:266,0
DA:267,0
DA:268,0
DA:270,0
DA:271,0
DA:274,0
DA:275,0
DA:276,0
DA:277,0
DA:278,0
DA:279,0
DA:280,0
DA:281,0
DA:283,0
DA:284,0
DA:286,0
DA:287,0
DA:288,0
DA:290,0
DA:291,0
DA:292,0
DA:294,0
DA:296,0
DA:299,0
DA:300,0
DA:301,0
DA:302,0
DA:303,0
DA:304,0
DA:305,0
DA:306,0
DA:307,0
DA:308,0
DA:309,0
DA:311,0
DA:312,0
DA:313,0
DA:314,0
DA:316,0
DA:317,0
DA:318,0
DA:319,0
DA:320,0
DA:321,0
DA:322,0
DA:323,0
DA:325,0
DA:329,0
DA:330,0
DA:332,0
DA:333,0
DA:334,0
DA:335,0
DA:336,0
DA:337,0
DA:338,0
DA:339,0
DA:340,0
DA:341,0
DA:350,8514677
DA:351,8514677
DA:353,8514677
DA:354,18
DA:355,18
DA:357,8514659
DA:358,83182
DA:359,83182
DA:364,8431477
DA:367,8431477
DA:368,0
DA:369,0
DA:370,0
DA:371,0
DA:372,0
DA:373,0
DA:374,0
DA:376,8431477
DA:377,22511
DA:378,22511
DA:382,8408966
DA:384,1946074
DA:385,1769412
DA:387,1769412
DA:388,300992
DA:389,300992
DA:391,1468420
DA:392,1468420
DA:393,1468420
DA:394,638849
DA:395,518704
DA:396,518704
DA:397,518704
DA:398,638849
DA:399,1468420
DA:400,1468420
DA:401,1946074
DA:405,7589270
DA:406,2372235
DA:407,2372235
DA:409,2372235
DA:413,2372235
DA:414,2372235
DA:419,2372235
DA:420,2348326
DA:421,2348326
DA:422,2348326
DA:423,767379
DA:424,767379
DA:425,2348326
DA:430,306046
DA:431,306046
DA:432,912309
DA:433,912309
DA:435,912309
DA:436,912309
DA:442,306046
DA:443,306046
DA:444,306046
DA:445,306046
DA:447,306046
DA:448,306046
DA:449,306046
DA:450,306046
DA:451,306046
DA:455,306046
DA:459,306046
DA:461,0
DA:462,0
DA:466,306046
DA:467,306046
DA:470,0
DA:471,0
DA:477,306046
DA:478,306046
DA:479,306046
DA:480,306046
DA:483,306046
DA:484,0
DA:485,0
DA:486,306046
DA:487,306046
DA:488,306046
DA:489,306046
DA:490,306046
DA:491,2348326
DA:495,2066189
DA:496,2042280
DA:499,2042280
DA:500,72868
DA:501,72868
DA:502,72868
DA:503,72868
DA:504,0
DA:505,0
DA:507,0
DA:508,0
DA:509,0
DA:510,0
DA:512,0
DA:513,72868
DA:514,72868
DA:519,2042280
DA:520,1456
DA:521,1456
DA:522,1456
DA:523,1456
DA:524,0
DA:525,0
DA:526,0
DA:527,0
DA:530,0
DA:531,0
DA:532,0
DA:534,0
DA:536,0
DA:537,0
DA:538,0
DA:539,0
DA:540,0
DA:541,0
DA:542,0
DA:543,0
DA:545,0
DA:546,0
DA:547,0
DA:548,0
DA:551,0
DA:552,0
DA:553,0
DA:554,0
DA:557,0
DA:558,0
DA:561,0
DA:562,0
DA:565,0
DA:566,0
DA:567,0
DA:568,0
DA:569,0
DA:570,0
DA:573,0
DA:574,0
DA:575,0
DA:576,0
DA:577,0
DA:578,1456
DA:579,1456
DA:582,2042280
DA:583,407458
DA:584,407458
DA:585,407458
DA:586,407458
DA:587,407458
DA:588,407458
DA:590,407458
DA:592,320606
DA:593,320606
DA:594,320606
DA:595,320606
DA:596,320606
DA:597,320606
DA:598,320606
DA:600,86852
DA:601,86852
DA:602,86852
DA:604,407458
DA:605,1456
DA:606,1456
DA:608,1456
DA:609,1456
DA:610,1456
DA:611,1456
DA:612,1456
DA:613,1456
DA:614,1456
DA:615,1456
DA:616,1456
DA:617,1456
DA:618,1456
DA:619,407458
DA:620,407458
DA:623,2042280
DA:629,2064733
DA:630,71412
DA:631,71412
DA:633,71412
DA:636,71412
DA:637,71412
DA:638,71412
DA:639,71412
DA:640,71412
DA:641,217166
DA:642,145754
DA:644,145754
DA:645,145746
DA:646,145746
DA:649,8
DA:650,8
DA:651,145754
DA:652,71412
DA:654,71412
DA:655,71412
DA:657,71412
DA:658,71412
DA:659,71412
DA:661,71412
DA:663,71412
DA:664,71412
DA:665,71412
DA:666,71412
DA:667,71412
DA:668,71412
DA:669,71412
DA:670,71412
DA:671,71412
DA:677,1993321
DA:678,1456
DA:679,1456
DA:681,1456
DA:684,1456
DA:685,1456
DA:686,1456
DA:687,1456
DA:688,1456
DA:689,1456
DA:690,0
DA:692,0
DA:693,0
DA:694,0
DA:696,0
DA:697,0
DA:698,0
DA:699,1456
DA:701,1456
DA:702,1456
DA:705,1456
DA:706,1456
DA:707,1456
DA:709,1456
DA:711,1456
DA:712,1456
DA:713,1456
DA:714,1456
DA:715,1456
DA:716,1456
DA:717,1456
DA:718,1456
DA:719,1456
DA:724,1991865
DA:725,0
DA:726,0
DA:727,0
DA:728,0
DA:731,0
DA:732,0
DA:733,0
DA:736,0
DA:737,0
DA:738,0
DA:739,0
DA:740,0
DA:741,0
DA:742,0
DA:743,0
DA:745,0
DA:746,0
DA:747,0
DA:749,0
DA:751,0
DA:752,0
DA:753,0
DA:754,0
DA:755,0
DA:756,0
DA:757,0
DA:758,0
DA:759,0
DA:763,1991865
DA:764,406002
DA:765,406002
DA:766,406002
DA:767,406002
DA:768,406002
DA:769,406002
DA:771,406002
DA:772,320606
DA:773,320606
DA:774,320606
DA:775,320606
DA:776,320606
DA:777,85396
DA:778,85396
DA:779,85396
DA:781,406002
DA:783,406002
DA:784,406002
DA:785,406002
DA:788,406002
DA:789,406002
DA:790,406002
DA:791,1307058
DA:792,653529
DA:793,588009
DA:794,588009
DA:795,406002
DA:797,406002
DA:799,340482
DA:800,340482
DA:801,960530
DA:802,480265
DA:803,480265
DA:808,340482
DA:809,340482
DA:810,340482
DA:813,340482
DA:814,340482
DA:815,340482
DA:817,340482
DA:818,340482
DA:821,340482
DA:822,340482
DA:823,255086
DA:824,255086
DA:825,255086
DA:826,85396
DA:827,85396
DA:829,340482
DA:830,340482
DA:831,340482
DA:832,340482
DA:833,340482
DA:834,340482
DA:835,340482
DA:836,406002
DA:837,406002
DA:838,406002
DA:842,1651383
DA:847,1651383
DA:848,1651383
DA:849,1651383
DA:850,332161
DA:851,332161
DA:854,1319222
DA:855,1319222
DA:856,1319222
DA:858,1319222
DA:859,0
DA:860,0
DA:863,1319222
DA:864,1319222
DA:865,1319222
DA:868,5217035
DA:869,591363
DA:870,591363
DA:871,591363
DA:874,591363
DA:875,591363
DA:876,591363
DA:878,591363
DA:879,591363
DA:880,2442302
DA:881,1221151
DA:882,1221151
DA:883,76575
DA:884,76575
DA:885,1221151
DA:886,1221151
DA:888,591363
DA:889,543979
DA:890,543979
DA:891,543979
DA:894,47384
DA:895,249008
DA:896,201624
DA:897,201624
DA:898,47384
DA:900,47384
DA:901,47384
DA:902,591363
DA:904,4625672
DA:905,10486
DA:906,10486
DA:907,10486
DA:908,10486
DA:909,10228
DA:910,10228
DA:914,258
DA:915,258
DA:916,258
DA:918,258
DA:919,258
DA:920,1038
DA:921,390
DA:922,390
DA:923,390
DA:924,0
DA:925,0
DA:926,390
DA:927,390
DA:928,390
DA:929,390
DA:931,258
DA:932,258
DA:933,258
DA:934,258
DA:936,0
DA:937,0
DA:938,0
DA:939,0
DA:940,0
DA:941,0
DA:942,0
DA:944,0
DA:945,0
DA:946,258
DA:949,4615186
DA:950,4625672
DA:952,373621
DA:953,373621
DA:954,373621
DA:955,373621
DA:956,373621
DA:957,373621
DA:965,373621
DA:966,373621
DA:967,373621
DA:968,373621
DA:969,373621
DA:970,373621
DA:971,373621
DA:975,373621
DA:977,373621
DA:978,363211
DA:979,363211
DA:980,10410
DA:981,373621
BRDA:45,0,0,645504
BRDA:45,0,1,3888854
BRDA:61,0,0,0
BRDA:61,0,1,3439912
BRDA:62,0,0,0
BRDA:62,0,1,3439912
BRDA:66,0,0,1413689
BRDA:66,0,1,2026223
BRDA:69,0,0,3337729
BRDA:69,0,1,102183
BRDA:69,1,2,1537053
BRDA:69,1,3,1800676
BRDA:69,2,4,991556
BRDA:69,2,5,545497
BRDA:73,0,0,2448356
BRDA:73,0,1,0
BRDA:73,1,2,0
BRDA:73,1,3,2448356
BRDA:73,2,4,0
BRDA:73,2,5,2448356
BRDA:73,3,6,2448356
BRDA:73,3,7,0
BRDA:73,4,8,-
BRDA:73,4,9,-
BRDA:73,5,10,-
BRDA:73,5,11,-
BRDA:73,6,12,-
BRDA:73,6,13,-
BRDA:73,7,14,-
BRDA:73,7,15,-
BRDA:73,8,16,2448356
BRDA:73,8,17,0
BRDA:74,0,0,0
BRDA:74,0,1,2448356
BRDA:90,0,0,952317
BRDA:90,0,1,950861
BRDA:90,1,2,1432643
BRDA:90,1,3,0
BRDA:90,2,4,952317
BRDA:90,2,5,950861
BRDA:90,3,6,952317
BRDA:90,3,7,480326
BRDA:91,0,0,654985
BRDA:91,0,1,297332
BRDA:91,1,2,148666
BRDA:91,1,3,148666
BRDA:91,2,4,1456
BRDA:91,2,5,802195
BRDA:111,0,0,0
BRDA:111,0,1,1911627
BRDA:111,1,2,0
BRDA:111,1,3,1911627
BRDA:116,0,0,0
BRDA:116,0,1,413350
BRDA:117,0,0,353629
BRDA:117,0,1,59721
BRDA:124,0,0,0
BRDA:124,0,1,413350
BRDA:124,1,2,0
BRDA:124,1,3,413350
BRDA:125,0,0,0
BRDA:125,0,1,413350
BRDA:130,0,0,0
BRDA:130,0,1,1468420
BRDA:130,1,2,0
BRDA:130,1,3,1468420
BRDA:130,2,4,0
BRDA:130,2,5,1468420
BRDA:130,3,6,0
BRDA:130,3,7,1468420
BRDA:132,0,0,1911627
BRDA:132,0,1,829571
BRDA:132,1,2,1911627
BRDA:132,1,3,0
BRDA:134,0,0,0
BRDA:134,0,1,1911627
BRDA:137,0,0,0
BRDA:137,0,1,1911627
BRDA:139,0,0,3121354
BRDA:139,0,1,1272778
BRDA:141,0,0,0
BRDA:141,0,1,3121354
BRDA:142,0,0,638849
BRDA:142,0,1,2482505
BRDA:150,0,0,2482505
BRDA:150,0,1,0
BRDA:150,1,2,2482505
BRDA:150,1,3,0
BRDA:150,2,4,2482505
BRDA:150,2,5,0
BRDA:152,0,0,2482505
BRDA:152,0,1,0
BRDA:152,1,2,0
BRDA:152,1,3,2482505
BRDA:168,0,0,39
BRDA:168,0,1,1417
BRDA:170,0,0,0
BRDA:170,0,1,39
BRDA:170,1,2,0
BRDA:170,1,3,39
BRDA:176,0,0,1456
BRDA:176,0,1,0
BRDA:190,0,0,1456
BRDA:190,0,1,1456
BRDA:190,1,2,2912
BRDA:190,1,3,0
BRDA:190,2,4,1456
BRDA:190,2,5,1456
BRDA:190,3,6,1456
BRDA:190,3,7,1456
BRDA:192,0,0,1456
BRDA:192,0,1,0
BRDA:192,1,2,-
BRDA:192,1,3,-
BRDA:196,0,0,0
BRDA:196,0,1,1456
BRDA:196,1,2,-
BRDA:196,1,3,-
BRDA:196,2,4,-
BRDA:196,2,5,-
BRDA:196,3,6,-
BRDA:196,3,7,-
BRDA:196,4,8,-
BRDA:196,4,9,-
BRDA:197,0,0,0
BRDA:197,0,1,1456
BRDA:197,1,2,-
BRDA:197,1,3,-
BRDA:197,2,4,-
BRDA:197,2,5,-
BRDA:197,3,6,-
BRDA:197,3,7,-
BRDA:197,4,8,-
BRDA:197,4,9,-
BRDA:198,0,0,0
BRDA:198,0,1,1456
BRDA:198,1,2,-
BRDA:198,1,3,-
BRDA:198,2,4,-
BRDA:198,2,5,-
BRDA:198,3,6,-
BRDA:198,3,7,-
BRDA:198,4,8,-
BRDA:198,4,9,-
BRDA:201,0,0,-
BRDA:201,0,1,-
BRDA:201,1,2,-
BRDA:201,1,3,-
BRDA:201,2,4,-
BRDA:201,2,5,-
BRDA:201,3,6,-
BRDA:201,3,7,-
BRDA:201,4,8,-
BRDA:201,4,9,-
BRDA:205,0,0,1456
BRDA:205,0,1,0
BRDA:205,1,2,1456
BRDA:205,1,3,0
BRDA:220,0,0,-
BRDA:220,0,1,-
BRDA:223,0,0,-
BRDA:223,0,1,-
BRDA:231,0,0,-
BRDA:231,0,1,-
BRDA:231,1,2,-
BRDA:231,1,3,-
BRDA:235,0,0,-
BRDA:235,0,1,-
BRDA:235,1,2,-
BRDA:235,1,3,-
BRDA:235,2,4,-
BRDA:235,2,5,-
BRDA:238,0,0,-
BRDA:238,0,1,-
BRDA:240,0,0,-
BRDA:240,0,1,-
BRDA:247,0,0,-
BRDA:247,0,1,-
BRDA:247,1,2,-
BRDA:247,1,3,-
BRDA:252,0,0,-
BRDA:252,0,1,-
BRDA:254,0,0,-
BRDA:254,0,1,-
BRDA:266,0,0,-
BRDA:266,0,1,-
BRDA:266,1,2,-
BRDA:266,1,3,-
BRDA:266,2,4,-
BRDA:266,2,5,-
BRDA:275,0,0,-
BRDA:275,0,1,-
BRDA:275,1,2,-
BRDA:275,1,3,-
BRDA:275,2,4,-
BRDA:275,2,5,-
BRDA:277,0,0,-
BRDA:277,0,1,-
BRDA:281,0,0,-
BRDA:281,0,1,-
BRDA:281,1,2,-
BRDA:281,1,3,-
BRDA:286,0,0,-
BRDA:286,0,1,-
BRDA:286,1,2,-
BRDA:286,1,3,-
BRDA:290,0,0,-
BRDA:290,0,1,-
BRDA:290,1,2,-
BRDA:290,1,3,-
BRDA:294,0,0,-
BRDA:294,0,1,-
BRDA:300,0,0,-
BRDA:300,0,1,-
BRDA:309,0,0,-
BRDA:309,0,1,-
BRDA:312,0,0,-
BRDA:312,0,1,-
BRDA:312,1,2,-
BRDA:312,1,3,-
BRDA:312,2,4,-
BRDA:312,2,5,-
BRDA:312,3,6,-
BRDA:312,3,7,-
BRDA:317,0,0,-
BRDA:317,0,1,-
BRDA:329,0,0,-
BRDA:329,0,1,-
BRDA:330,0,0,-
BRDA:330,0,1,-
BRDA:330,1,2,-
BRDA:330,1,3,-
BRDA:336,0,0,-
BRDA:336,0,1,-
BRDA:351,0,0,0
BRDA:351,0,1,8514677
BRDA:353,0,0,18
BRDA:353,0,1,8514659
BRDA:357,0,0,83182
BRDA:357,0,1,8431477
BRDA:367,0,0,0
BRDA:367,0,1,8431477
BRDA:370,0,0,-
BRDA:370,0,1,-
BRDA:376,0,0,22511
BRDA:376,0,1,8408966
BRDA:382,0,0,8306686
BRDA:382,0,1,102280
BRDA:382,1,2,5332713
BRDA:382,1,3,2973973
BRDA:382,2,4,3809228
BRDA:382,2,5,1523485
BRDA:382,3,6,1946074
BRDA:382,3,7,1863154
BRDA:384,0,0,1769412
BRDA:384,0,1,176662
BRDA:387,0,0,300992
BRDA:387,0,1,1468420
BRDA:391,0,0,1468420
BRDA:391,0,1,0
BRDA:393,0,0,638849
BRDA:393,0,1,829571
BRDA:394,0,0,518704
BRDA:394,0,1,120145
BRDA:396,0,0,518704
BRDA:396,0,1,0
BRDA:405,0,0,2372235
BRDA:405,0,1,5217035
BRDA:407,0,0,0
BRDA:407,0,1,2372235
BRDA:414,0,0,78
BRDA:414,0,1,2372157
BRDA:414,1,2,102172
BRDA:414,1,3,2269985
BRDA:419,0,0,2372157
BRDA:419,0,1,78
BRDA:419,1,2,2372157
BRDA:419,1,3,0
BRDA:419,2,4,2348326
BRDA:419,2,5,23831
BRDA:422,0,0,1224709
BRDA:422,0,1,1123617
BRDA:422,1,2,767379
BRDA:422,1,3,457330
BRDA:425,0,0,306046
BRDA:425,0,1,2042280
BRDA:432,0,0,912309
BRDA:432,0,1,306046
BRDA:432,1,2,912309
BRDA:432,1,3,0
BRDA:432,2,4,912309
BRDA:432,2,5,0
BRDA:432,3,6,912309
BRDA:432,3,7,0
BRDA:432,4,8,912309
BRDA:432,4,9,912309
BRDA:432,5,10,306046
BRDA:432,5,11,0
BRDA:433,0,0,0
BRDA:433,0,1,912309
BRDA:442,0,0,306046
BRDA:442,0,1,0
BRDA:443,0,0,306046
BRDA:443,0,1,0
BRDA:443,1,2,306046
BRDA:443,1,3,0
BRDA:443,2,4,306046
BRDA:443,2,5,0
BRDA:448,0,0,306046
BRDA:448,0,1,0
BRDA:451,0,0,0
BRDA:451,0,1,306046
BRDA:459,0,0,0
BRDA:459,0,1,306046
BRDA:467,0,0,0
BRDA:467,0,1,306046
BRDA:477,0,0,306046
BRDA:477,0,1,0
BRDA:478,0,0,306046
BRDA:478,0,1,0
BRDA:478,1,2,306046
BRDA:478,1,3,0
BRDA:483,0,0,0
BRDA:483,0,1,306046
BRDA:484,0,0,-
BRDA:484,0,1,-
BRDA:484,1,2,-
BRDA:484,1,3,-
BRDA:486,0,0,306046
BRDA:486,0,1,0
BRDA:487,0,0,306046
BRDA:487,0,1,0
BRDA:487,1,2,306046
BRDA:487,1,3,0
BRDA:495,0,0,2066111
BRDA:495,0,1,78
BRDA:495,1,2,2066111
BRDA:495,1,3,0
BRDA:495,2,4,2042280
BRDA:495,2,5,23831
BRDA:499,0,0,72868
BRDA:499,0,1,1969412
BRDA:500,0,0,72868
BRDA:500,0,1,0
BRDA:501,0,0,72868
BRDA:501,0,1,0
BRDA:501,1,2,72868
BRDA:501,1,3,0
BRDA:501,2,4,72868
BRDA:501,2,5,0
BRDA:503,0,0,0
BRDA:503,0,1,72868
BRDA:505,0,0,-
BRDA:505,0,1,-
BRDA:507,0,0,-
BRDA:507,0,1,-
BRDA:507,1,2,-
BRDA:507,1,3,-
BRDA:507,2,4,-
BRDA:507,2,5,-
BRDA:507,3,6,-
BRDA:507,3,7,-
BRDA:507,4,8,-
BRDA:507,4,9,-
BRDA:507,5,10,-
BRDA:507,5,11,-
BRDA:507,6,12,-
BRDA:507,6,13,-
BRDA:507,7,14,-
BRDA:507,7,15,-
BRDA:507,8,16,-
BRDA:507,8,17,-
BRDA:507,9,18,-
BRDA:507,9,19,-
BRDA:508,0,0,-
BRDA:508,0,1,-
BRDA:508,1,2,-
BRDA:508,1,3,-
BRDA:508,2,4,-
BRDA:508,2,5,-
BRDA:508,3,6,-
BRDA:508,3,7,-
BRDA:508,4,8,-
BRDA:508,4,9,-
BRDA:508,5,10,-
BRDA:508,5,11,-
BRDA:508,6,12,-
BRDA:508,6,13,-
BRDA:508,7,14,-
BRDA:508,7,15,-
BRDA:508,8,16,-
BRDA:508,8,17,-
BRDA:519,0,0,1456
BRDA:519,0,1,2040824
BRDA:520,0,0,1456
BRDA:520,0,1,0
BRDA:521,0,0,1456
BRDA:521,0,1,0
BRDA:521,1,2,1456
BRDA:521,1,3,0
BRDA:521,2,4,1456
BRDA:521,2,5,0
BRDA:523,0,0,0
BRDA:523,0,1,1456
BRDA:530,0,0,-
BRDA:530,0,1,-
BRDA:534,0,0,-
BRDA:534,0,1,-
BRDA:539,0,0,-
BRDA:539,0,1,-
BRDA:539,1,2,-
BRDA:539,1,3,-
BRDA:539,2,4,-
BRDA:539,2,5,-
BRDA:539,3,6,-
BRDA:539,3,7,-
BRDA:539,4,8,-
BRDA:539,4,9,-
BRDA:540,0,0,-
BRDA:540,0,1,-
BRDA:540,1,2,-
BRDA:540,1,3,-
BRDA:540,2,4,-
BRDA:540,2,5,-
BRDA:540,3,6,-
BRDA:540,3,7,-
BRDA:540,4,8,-
BRDA:540,4,9,-
BRDA:541,0,0,-
BRDA:541,0,1,-
BRDA:541,1,2,-
BRDA:541,1,3,-
BRDA:541,2,4,-
BRDA:541,2,5,-
BRDA:541,3,6,-
BRDA:541,3,7,-
BRDA:541,4,8,-
BRDA:541,4,9,-
BRDA:542,0,0,-
BRDA:542,0,1,-
BRDA:542,1,2,-
BRDA:542,1,3,-
BRDA:542,2,4,-
BRDA:542,2,5,-
BRDA:542,3,6,-
BRDA:542,3,7,-
BRDA:542,4,8,-
BRDA:542,4,9,-
BRDA:545,0,0,-
BRDA:545,0,1,-
BRDA:545,1,2,-
BRDA:545,1,3,-
BRDA:545,2,4,-
BRDA:545,2,5,-
BRDA:545,3,6,-
BRDA:545,3,7,-
BRDA:545,4,8,-
BRDA:545,4,9,-
BRDA:546,0,0,-
BRDA:546,0,1,-
BRDA:546,1,2,-
BRDA:546,1,3,-
BRDA:546,2,4,-
BRDA:546,2,5,-
BRDA:546,3,6,-
BRDA:546,3,7,-
BRDA:546,4,8,-
BRDA:546,4,9,-
BRDA:552,0,0,-
BRDA:552,0,1,-
BRDA:554,0,0,-
BRDA:554,0,1,-
BRDA:561,0,0,-
BRDA:561,0,1,-
BRDA:562,0,0,-
BRDA:562,0,1,-
BRDA:566,0,0,-
BRDA:566,0,1,-
BRDA:566,1,2,-
BRDA:566,1,3,-
BRDA:573,0,0,-
BRDA:573,0,1,-
BRDA:573,1,2,-
BRDA:573,1,3,-
BRDA:573,2,4,-
BRDA:573,2,5,-
BRDA:573,3,6,-
BRDA:573,3,7,-
BRDA:573,4,8,-
BRDA:573,4,9,-
BRDA:573,5,10,-
BRDA:573,5,11,-
BRDA:573,6,12,-
BRDA:573,6,13,-
BRDA:573,7,14,-
BRDA:573,7,15,-
BRDA:573,8,16,-
BRDA:573,8,17,-
BRDA:582,0,0,407458
BRDA:582,0,1,1634822
BRDA:583,0,0,407458
BRDA:583,0,1,0
BRDA:584,0,0,407458
BRDA:584,0,1,0
BRDA:590,0,0,407458
BRDA:590,0,1,0
BRDA:590,1,2,320606
BRDA:590,1,3,86852
BRDA:590,2,4,320606
BRDA:590,2,5,0
BRDA:593,0,0,320606
BRDA:593,0,1,0
BRDA:594,0,0,320606
BRDA:594,0,1,0
BRDA:594,1,2,320606
BRDA:594,1,3,0
BRDA:594,2,4,320606
BRDA:594,2,5,0
BRDA:596,0,0,320606
BRDA:596,0,1,0
BRDA:598,0,0,86852
BRDA:598,0,1,0
BRDA:598,1,2,86852
BRDA:598,1,3,0
BRDA:601,0,0,86852
BRDA:601,0,1,0
BRDA:604,0,0,407458
BRDA:604,0,1,0
BRDA:604,1,2,1456
BRDA:604,1,3,406002
BRDA:608,0,0,1456
BRDA:608,0,1,0
BRDA:608,1,2,1456
BRDA:608,1,3,0
BRDA:609,0,0,1456
BRDA:609,0,1,0
BRDA:613,0,0,0
BRDA:613,0,1,1456
BRDA:616,0,0,1456
BRDA:616,0,1,0
BRDA:616,1,2,0
BRDA:616,1,3,1456
BRDA:616,2,4,0
BRDA:616,2,5,1456
BRDA:616,3,6,1456
BRDA:616,3,7,0
BRDA:616,4,8,-
BRDA:616,4,9,-
BRDA:616,5,10,-
BRDA:616,5,11,-
BRDA:616,6,12,-
BRDA:616,6,13,-
BRDA:616,7,14,-
BRDA:616,7,15,-
BRDA:616,8,16,1456
BRDA:616,8,17,0
BRDA:629,0,0,2064655
BRDA:629,0,1,78
BRDA:629,1,2,72868
BRDA:629,1,3,1991787
BRDA:629,2,4,71412
BRDA:629,2,5,1456
BRDA:630,0,0,71412
BRDA:630,0,1,0
BRDA:631,0,0,71412
BRDA:631,0,1,0
BRDA:631,1,2,71412
BRDA:631,1,3,0
BRDA:631,2,4,71412
BRDA:631,2,5,0
BRDA:637,0,0,71412
BRDA:637,0,1,0
BRDA:640,0,0,71412
BRDA:640,0,1,0
BRDA:640,1,2,71412
BRDA:640,1,3,0
BRDA:641,0,0,145754
BRDA:641,0,1,71412
BRDA:644,0,0,145754
BRDA:644,0,1,0
BRDA:644,1,2,145754
BRDA:644,1,3,0
BRDA:644,2,4,145754
BRDA:644,2,5,0
BRDA:644,3,6,145746
BRDA:644,3,7,8
BRDA:655,0,0,71412
BRDA:655,0,1,0
BRDA:655,1,2,71412
BRDA:655,1,3,0
BRDA:657,0,0,71412
BRDA:657,0,1,0
BRDA:663,0,0,71412
BRDA:663,0,1,0
BRDA:663,1,2,0
BRDA:663,1,3,71412
BRDA:663,2,4,0
BRDA:663,2,5,71412
BRDA:663,3,6,71412
BRDA:663,3,7,0
BRDA:663,4,8,-
BRDA:663,4,9,-
BRDA:663,5,10,-
BRDA:663,5,11,-
BRDA:663,6,12,-
BRDA:663,6,13,-
BRDA:663,7,14,-
BRDA:663,7,15,-
BRDA:663,8,16,71412
BRDA:663,8,17,0
BRDA:664,0,0,0
BRDA:664,0,1,71412
BRDA:665,0,0,-
BRDA:665,0,1,-
BRDA:665,1,2,-
BRDA:665,1,3,-
BRDA:665,2,4,-
BRDA:665,2,5,-
BRDA:665,3,6,-
BRDA:665,3,7,-
BRDA:665,4,8,-
BRDA:665,4,9,-
BRDA:665,5,10,-
BRDA:665,5,11,-
BRDA:665,6,12,-
BRDA:665,6,13,-
BRDA:665,7,14,-
BRDA:665,7,15,-
BRDA:665,8,16,-
BRDA:665,8,17,-
BRDA:666,0,0,71412
BRDA:666,0,1,0
BRDA:666,1,2,0
BRDA:666,1,3,71412
BRDA:666,2,4,0
BRDA:666,2,5,71412
BRDA:666,3,6,71412
BRDA:666,3,7,0
BRDA:666,4,8,-
BRDA:666,4,9,-
BRDA:666,5,10,-
BRDA:666,5,11,-
BRDA:666,6,12,-
BRDA:666,6,13,-
BRDA:666,7,14,-
BRDA:666,7,15,-
BRDA:666,8,16,71412
BRDA:666,8,17,0
BRDA:667,0,0,0
BRDA:667,0,1,71412
BRDA:677,0,0,1993243
BRDA:677,0,1,78
BRDA:677,1,2,1456
BRDA:677,1,3,1991787
BRDA:677,2,4,1456
BRDA:677,2,5,0
BRDA:678,0,0,1456
BRDA:678,0,1,0
BRDA:679,0,0,1456
BRDA:679,0,1,0
BRDA:679,1,2,1456
BRDA:679,1,3,0
BRDA:679,2,4,1456
BRDA:679,2,5,0
BRDA:685,0,0,1456
BRDA:685,0,1,0
BRDA:688,0,0,1456
BRDA:688,0,1,0
BRDA:688,1,2,1456
BRDA:688,1,3,0
BRDA:689,0,0,0
BRDA:689,0,1,1456
BRDA:692,0,0,-
BRDA:692,0,1,-
BRDA:692,1,2,-
BRDA:692,1,3,-
BRDA:692,2,4,-
BRDA:692,2,5,-
BRDA:692,3,6,-
BRDA:692,3,7,-
BRDA:702,0,0,1456
BRDA:702,0,1,0
BRDA:702,1,2,1456
BRDA:702,1,3,0
BRDA:705,0,0,1456
BRDA:705,0,1,0
BRDA:711,0,0,1456
BRDA:711,0,1,0
BRDA:711,1,2,0
BRDA:711,1,3,1456
BRDA:711,2,4,0
BRDA:711,2,5,1456
BRDA:711,3,6,1456
BRDA:711,3,7,0
BRDA:711,4,8,-
BRDA:711,4,9,-
BRDA:711,5,10,-
BRDA:711,5,11,-
BRDA:711,6,12,-
BRDA:711,6,13,-
BRDA:711,7,14,-
BRDA:711,7,15,-
BRDA:711,8,16,1456
BRDA:711,8,17,0
BRDA:712,0,0,0
BRDA:712,0,1,1456
BRDA:713,0,0,-
BRDA:713,0,1,-
BRDA:713,1,2,-
BRDA:713,1,3,-
BRDA:713,2,4,-
BRDA:713,2,5,-
BRDA:713,3,6,-
BRDA:713,3,7,-
BRDA:713,4,8,-
BRDA:713,4,9,-
BRDA:713,5,10,-
BRDA:713,5,11,-
BRDA:713,6,12,-
BRDA:713,6,13,-
BRDA:713,7,14,-
BRDA:713,7,15,-
BRDA:713,8,16,-
BRDA:713,8,17,-
BRDA:714,0,0,1456
BRDA:714,0,1,0
BRDA:714,1,2,0
BRDA:714,1,3,1456
BRDA:714,2,4,0
BRDA:714,2,5,1456
BRDA:714,3,6,1456
BRDA:714,3,7,0
BRDA:714,4,8,-
BRDA:714,4,9,-
BRDA:714,5,10,-
BRDA:714,5,11,-
BRDA:714,6,12,-
BRDA:714,6,13,-
BRDA:714,7,14,-
BRDA:714,7,15,-
BRDA:714,8,16,1456
BRDA:714,8,17,0
BRDA:715,0,0,0
BRDA:715,0,1,1456
BRDA:724,0,0,1991787
BRDA:724,0,1,78
BRDA:724,1,2,0
BRDA:724,1,3,1991787
BRDA:724,2,4,-
BRDA:724,2,5,-
BRDA:725,0,0,-
BRDA:725,0,1,-
BRDA:726,0,0,-
BRDA:726,0,1,-
BRDA:726,1,2,-
BRDA:726,1,3,-
BRDA:726,2,4,-
BRDA:726,2,5,-
BRDA:731,0,0,-
BRDA:731,0,1,-
BRDA:731,1,2,-
BRDA:731,1,3,-
BRDA:737,0,0,-
BRDA:737,0,1,-
BRDA:737,1,2,-
BRDA:737,1,3,-
BRDA:737,2,4,-
BRDA:737,2,5,-
BRDA:743,0,0,-
BRDA:743,0,1,-
BRDA:743,1,2,-
BRDA:743,1,3,-
BRDA:745,0,0,-
BRDA:745,0,1,-
BRDA:751,0,0,-
BRDA:751,0,1,-
BRDA:751,1,2,-
BRDA:751,1,3,-
BRDA:751,2,4,-
BRDA:751,2,5,-
BRDA:751,3,6,-
BRDA:751,3,7,-
BRDA:751,4,8,-
BRDA:751,4,9,-
BRDA:751,5,10,-
BRDA:751,5,11,-
BRDA:751,6,12,-
BRDA:751,6,13,-
BRDA:751,7,14,-
BRDA:751,7,15,-
BRDA:751,8,16,-
BRDA:751,8,17,-
BRDA:752,0,0,-
BRDA:752,0,1,-
BRDA:753,0,0,-
BRDA:753,0,1,-
BRDA:753,1,2,-
BRDA:753,1,3,-
BRDA:753,2,4,-
BRDA:753,2,5,-
BRDA:753,3,6,-
BRDA:753,3,7,-
BRDA:753,4,8,-
BRDA:753,4,9,-
BRDA:753,5,10,-
BRDA:753,5,11,-
BRDA:753,6,12,-
BRDA:753,6,13,-
BRDA:753,7,14,-
BRDA:753,7,15,-
BRDA:753,8,16,-
BRDA:753,8,17,-
BRDA:754,0,0,-
BRDA:754,0,1,-
BRDA:754,1,2,-
BRDA:754,1,3,-
BRDA:754,2,4,-
BRDA:754,2,5,-
BRDA:754,3,6,-
BRDA:754,3,7,-
BRDA:754,4,8,-
BRDA:754,4,9,-
BRDA:754,5,10,-
BRDA:754,5,11,-
BRDA:754,6,12,-
BRDA:754,6,13,-
BRDA:754,7,14,-
BRDA:754,7,15,-
BRDA:754,8,16,-
BRDA:754,8,17,-
BRDA:755,0,0,-
BRDA:755,0,1,-
BRDA:763,0,0,1991787
BRDA:763,0,1,78
BRDA:763,1,2,406002
BRDA:763,1,3,1585785
BRDA:764,0,0,406002
BRDA:764,0,1,0
BRDA:765,0,0,406002
BRDA:765,0,1,0
BRDA:771,0,0,406002
BRDA:771,0,1,0
BRDA:771,1,2,320606
BRDA:771,1,3,85396
BRDA:771,2,4,320606
BRDA:771,2,5,0
BRDA:773,0,0,320606
BRDA:773,0,1,0
BRDA:774,0,0,320606
BRDA:774,0,1,0
BRDA:775,0,0,320606
BRDA:775,0,1,0
BRDA:775,1,2,320606
BRDA:775,1,3,0
BRDA:778,0,0,85396
BRDA:778,0,1,0
BRDA:781,0,0,406002
BRDA:781,0,1,0
BRDA:781,1,2,406002
BRDA:781,1,3,0
BRDA:783,0,0,320606
BRDA:783,0,1,85396
BRDA:790,0,0,406002
BRDA:790,0,1,0
BRDA:791,0,0,653529
BRDA:791,0,1,588009
BRDA:791,1,2,1059531
BRDA:791,1,3,0
BRDA:791,2,4,653529
BRDA:791,2,5,653529
BRDA:791,3,6,653529
BRDA:791,3,7,406002
BRDA:792,0,0,65520
BRDA:792,0,1,588009
BRDA:793,0,0,0
BRDA:793,0,1,588009
BRDA:793,1,2,0
BRDA:793,1,3,588009
BRDA:793,2,4,0
BRDA:793,2,5,588009
BRDA:797,0,0,406002
BRDA:797,0,1,0
BRDA:797,1,2,340482
BRDA:797,1,3,65520
BRDA:801,0,0,480265
BRDA:801,0,1,480265
BRDA:801,1,2,820747
BRDA:801,1,3,0
BRDA:801,2,4,480265
BRDA:801,2,5,480265
BRDA:801,3,6,480265
BRDA:801,3,7,340482
BRDA:810,0,0,340482
BRDA:810,0,1,0
BRDA:810,1,2,340482
BRDA:810,1,3,0
BRDA:813,0,0,340482
BRDA:813,0,1,0
BRDA:818,0,0,340482
BRDA:818,0,1,0
BRDA:818,1,2,340482
BRDA:818,1,3,0
BRDA:822,0,0,255086
BRDA:822,0,1,85396
BRDA:823,0,0,255086
BRDA:823,0,1,0
BRDA:823,1,2,0
BRDA:823,1,3,255086
BRDA:823,2,4,0
BRDA:823,2,5,255086
BRDA:823,3,6,255086
BRDA:823,3,7,0
BRDA:823,4,8,-
BRDA:823,4,9,-
BRDA:823,5,10,-
BRDA:823,5,11,-
BRDA:823,6,12,-
BRDA:823,6,13,-
BRDA:823,7,14,-
BRDA:823,7,15,-
BRDA:823,8,16,255086
BRDA:823,8,17,0
BRDA:824,0,0,255086
BRDA:824,0,1,0
BRDA:824,1,2,0
BRDA:824,1,3,255086
BRDA:824,2,4,0
BRDA:824,2,5,255086
BRDA:824,3,6,255086
BRDA:824,3,7,0
BRDA:824,4,8,-
BRDA:824,4,9,-
BRDA:824,5,10,-
BRDA:824,5,11,-
BRDA:824,6,12,-
BRDA:824,6,13,-
BRDA:824,7,14,-
BRDA:824,7,15,-
BRDA:824,8,16,255086
BRDA:824,8,17,0
BRDA:826,0,0,85396
BRDA:826,0,1,0
BRDA:826,1,2,0
BRDA:826,1,3,85396
BRDA:826,2,4,0
BRDA:826,2,5,85396
BRDA:826,3,6,85396
BRDA:826,3,7,0
BRDA:826,4,8,-
BRDA:826,4,9,-
BRDA:826,5,10,-
BRDA:826,5,11,-
BRDA:826,6,12,-
BRDA:826,6,13,-
BRDA:826,7,14,-
BRDA:826,7,15,-
BRDA:826,8,16,85396
BRDA:826,8,17,0
BRDA:829,0,0,0
BRDA:829,0,1,340482
BRDA:830,0,0,-
BRDA:830,0,1,-
BRDA:830,1,2,-
BRDA:830,1,3,-
BRDA:830,2,4,-
BRDA:830,2,5,-
BRDA:830,3,6,-
BRDA:830,3,7,-
BRDA:830,4,8,-
BRDA:830,4,9,-
BRDA:830,5,10,-
BRDA:830,5,11,-
BRDA:830,6,12,-
BRDA:830,6,13,-
BRDA:830,7,14,-
BRDA:830,7,15,-
BRDA:830,8,16,-
BRDA:830,8,17,-
BRDA:831,0,0,340482
BRDA:831,0,1,0
BRDA:831,1,2,0
BRDA:831,1,3,340482
BRDA:831,2,4,0
BRDA:831,2,5,340482
BRDA:831,3,6,340482
BRDA:831,3,7,0
BRDA:831,4,8,-
BRDA:831,4,9,-
BRDA:831,5,10,-
BRDA:831,5,11,-
BRDA:831,6,12,-
BRDA:831,6,13,-
BRDA:831,7,14,-
BRDA:831,7,15,-
BRDA:831,8,16,340482
BRDA:831,8,17,0
BRDA:832,0,0,0
BRDA:832,0,1,340482
BRDA:842,0,0,1612873
BRDA:842,0,1,38510
BRDA:847,0,0,78
BRDA:847,0,1,1651305
BRDA:848,0,0,38510
BRDA:848,0,1,1612873
BRDA:848,1,2,1510699
BRDA:848,1,3,102174
BRDA:849,0,0,1278256
BRDA:849,0,1,373127
BRDA:849,1,2,1176082
BRDA:849,1,3,102174
BRDA:849,2,4,1152251
BRDA:849,2,5,23831
BRDA:849,3,6,332161
BRDA:849,3,7,820090
BRDA:854,0,0,78
BRDA:854,0,1,1319144
BRDA:855,0,0,78
BRDA:855,0,1,0
BRDA:855,1,2,0
BRDA:855,1,3,78
BRDA:855,2,4,0
BRDA:855,2,5,78
BRDA:855,3,6,78
BRDA:855,3,7,0
BRDA:855,4,8,-
BRDA:855,4,9,-
BRDA:855,5,10,-
BRDA:855,5,11,-
BRDA:855,6,12,-
BRDA:855,6,13,-
BRDA:855,7,14,-
BRDA:855,7,15,-
BRDA:855,8,16,78
BRDA:855,8,17,0
BRDA:856,0,0,1319144
BRDA:856,0,1,0
BRDA:856,1,2,0
BRDA:856,1,3,1319144
BRDA:856,2,4,0
BRDA:856,2,5,1319144
BRDA:856,3,6,1319144
BRDA:856,3,7,0
BRDA:856,4,8,-
BRDA:856,4,9,-
BRDA:856,5,10,-
BRDA:856,5,11,-
BRDA:856,6,12,-
BRDA:856,6,13,-
BRDA:856,7,14,-
BRDA:856,7,15,-
BRDA:856,8,16,1319144
BRDA:856,8,17,0
BRDA:858,0,0,0
BRDA:858,0,1,1319222
BRDA:868,0,0,591363
BRDA:868,0,1,4625672
BRDA:870,0,0,0
BRDA:870,0,1,591363
BRDA:875,0,0,591360
BRDA:875,0,1,3
BRDA:876,0,0,591363
BRDA:876,0,1,0
BRDA:876,1,2,591363
BRDA:876,1,3,0
BRDA:880,0,0,1221151
BRDA:880,0,1,1221151
BRDA:880,1,2,1812514
BRDA:880,1,3,0
BRDA:880,2,4,1221151
BRDA:880,2,5,1221151
BRDA:880,3,6,1221151
BRDA:880,3,7,591363
BRDA:882,0,0,76575
BRDA:882,0,1,1144576
BRDA:888,0,0,543979
BRDA:888,0,1,47384
BRDA:889,0,0,3
BRDA:889,0,1,543976
BRDA:895,0,0,201624
BRDA:895,0,1,47384
BRDA:896,0,0,0
BRDA:896,0,1,201624
BRDA:896,1,2,-
BRDA:896,1,3,-
BRDA:896,2,4,-
BRDA:896,2,5,-
BRDA:896,3,6,-
BRDA:896,3,7,-
BRDA:896,4,8,-
BRDA:896,4,9,-
BRDA:900,0,0,0
BRDA:900,0,1,47384
BRDA:901,0,0,47384
BRDA:901,0,1,0
BRDA:901,1,2,0
BRDA:901,1,3,47384
BRDA:901,2,4,0
BRDA:901,2,5,47384
BRDA:901,3,6,47384
BRDA:901,3,7,0
BRDA:901,4,8,-
BRDA:901,4,9,-
BRDA:901,5,10,-
BRDA:901,5,11,-
BRDA:901,6,12,-
BRDA:901,6,13,-
BRDA:901,7,14,-
BRDA:901,7,15,-
BRDA:901,8,16,47384
BRDA:901,8,17,0
BRDA:904,0,0,10486
BRDA:904,0,1,4615186
BRDA:906,0,0,0
BRDA:906,0,1,10486
BRDA:908,0,0,10228
BRDA:908,0,1,258
BRDA:915,0,0,258
BRDA:915,0,1,0
BRDA:916,0,0,258
BRDA:916,0,1,0
BRDA:916,1,2,258
BRDA:916,1,3,0
BRDA:920,0,0,390
BRDA:920,0,1,258
BRDA:920,1,2,390
BRDA:920,1,3,390
BRDA:920,2,4,258
BRDA:920,2,5,258
BRDA:920,3,6,390
BRDA:920,3,7,390
BRDA:923,0,0,0
BRDA:923,0,1,390
BRDA:923,1,2,0
BRDA:923,1,3,390
BRDA:931,0,0,258
BRDA:931,0,1,0
BRDA:932,0,0,0
BRDA:932,0,1,258
BRDA:937,0,0,-
BRDA:937,0,1,-
BRDA:940,0,0,-
BRDA:940,0,1,-
BRDA:940,1,2,-
BRDA:940,1,3,-
BRDA:940,2,4,-
BRDA:940,2,5,-
BRDA:940,3,6,-
BRDA:940,3,7,-
BRDA:940,4,8,-
BRDA:940,4,9,-
BRDA:944,0,0,-
BRDA:944,0,1,-
BRDA:945,0,0,-
BRDA:945,0,1,-
BRDA:945,1,2,-
BRDA:945,1,3,-
BRDA:945,2,4,-
BRDA:945,2,5,-
BRDA:945,3,6,-
BRDA:945,3,7,-
BRDA:945,4,8,-
BRDA:945,4,9,-
BRDA:945,5,10,-
BRDA:945,5,11,-
BRDA:945,6,12,-
BRDA:945,6,13,-
BRDA:945,7,14,-
BRDA:945,7,15,-
BRDA:945,8,16,-
BRDA:945,8,17,-
BRDA:955,0,0,13147
BRDA:955,0,1,360474
BRDA:955,1,2,13147
BRDA:955,1,3,0
BRDA:966,0,0,0
BRDA:966,0,1,373621
BRDA:977,0,0,373621
BRDA:977,0,1,0
BRDA:977,1,2,373621
BRDA:977,1,3,0
BRDA:977,2,4,363211
BRDA:977,2,5,10410
BRDA:978,0,0,363211
BRDA:978,0,1,0
BRDA:978,1,2,0
BRDA:978,1,3,363211
BRDA:978,2,4,0
BRDA:978,2,5,363211
BRDA:978,3,6,363211
BRDA:978,3,7,0
BRDA:978,4,8,-
BRDA:978,4,9,-
BRDA:978,5,10,-
BRDA:978,5,11,-
BRDA:978,6,12,-
BRDA:978,6,13,-
BRDA:978,7,14,-
BRDA:978,7,15,-
BRDA:978,8,16,363211
BRDA:978,8,17,0
BRF:1200
BRH:419
LF:642
LH:436
end_of_record
SF:/Users/theisen/Projects/tiny-clj/src/ast_compile.c
FN:72,ast_compile_inplace
FN:31,ast_compile.c:ast_compile_expr_inplace
FN:10,ast_compile.c:ast_compile_list_inplace
FN:16,ast_compile.c:ast_compile_vector_inplace
FN:23,ast_compile.c:ast_compile_map_inplace
FNDA:0,ast_compile_inplace
FNDA:0,ast_compile.c:ast_compile_expr_inplace
FNDA:0,ast_compile.c:ast_compile_list_inplace
FNDA:0,ast_compile.c:ast_compile_vector_inplace
FNDA:0,ast_compile.c:ast_compile_map_inplace
FNF:5
FNH:0
DA:10,0
DA:11,0
DA:12,0
DA:13,0
DA:14,0
DA:16,0
DA:17,0
DA:18,0
DA:19,0
DA:20,0
DA:21,0
DA:23,0
DA:24,0
DA:25,0
DA:26,0
DA:27,0
DA:28,0
DA:29,0
DA:31,0
DA:32,0
DA:33,0
DA:34,0
DA:36,0
DA:37,0
DA:38,0
DA:39,0
DA:42,0
DA:43,0
DA:44,0
DA:45,0
DA:46,0
DA:47,0
DA:48,0
DA:49,0
DA:50,0
DA:52,0
DA:53,0
DA:54,0
DA:55,0
DA:57,0
DA:58,0
DA:59,0
DA:60,0
DA:61,0
DA:62,0
DA:63,0
DA:64,0
DA:66,0
DA:67,0
DA:68,0
DA:69,0
DA:70,0
DA:72,0
DA:73,0
DA:74,0
BRDA:11,0,0,-
BRDA:11,0,1,-
BRDA:11,1,2,-
BRDA:11,1,3,-
BRDA:17,0,0,-
BRDA:17,0,1,-
BRDA:18,0,0,-
BRDA:18,0,1,-
BRDA:18,1,2,-
BRDA:18,1,3,-
BRDA:18,2,4,-
BRDA:18,2,5,-
BRDA:18,3,6,-
BRDA:18,3,7,-
BRDA:24,0,0,-
BRDA:24,0,1,-
BRDA:25,0,0,-
BRDA:25,0,1,-
BRDA:25,1,2,-
BRDA:25,1,3,-
BRDA:25,2,4,-
BRDA:25,2,5,-
BRDA:25,3,6,-
BRDA:25,3,7,-
BRDA:33,0,0,-
BRDA:33,0,1,-
BRDA:34,0,0,-
BRDA:34,0,1,-
BRDA:37,0,0,-
BRDA:37,0,1,-
BRDA:39,0,0,-
BRDA:39,0,1,-
BRDA:43,0,0,-
BRDA:43,0,1,-
BRDA:43,1,2,-
BRDA:43,1,3,-
BRDA:52,0,0,-
BRDA:52,0,1,-
BRDA:57,0,0,-
BRDA:57,0,1,-
BRDA:57,1,2,-
BRDA:57,1,3,-
BRDA:59,0,0,-
BRDA:59,0,1,-
BRDA:66,0,0,-
BRDA:66,0,1,-
BRF:46
BRH:0
LF:55
LH:0
end_of_record
SF:/Users/theisen/Projects/tiny-clj/src/atom.c
FN:15,make_atom
FN:33,atom_deref
FN:44,atom_reset
FN:61,atom_swap
FNDA:1458,make_atom
FNDA:2,atom_deref
FNDA:0,atom_reset
FNDA:0,atom_swap
FNF:4
FNH:2
DA:15,1458
DA:16,1458
DA:17,1458
DA:18,0
DA:19,0
DA:20,0
DA:22,1458
DA:24,1458
DA:26,1458
DA:27,1458
DA:33,2
DA:34,2
DA:36,2
DA:37,2
DA:44,0
DA:45,0
DA:48,0
DA:51,0
DA:52,0
DA:61,0
DA:63,0
DA:64,0
DA:65,0
DA:66,0
DA:67,0
DA:71,0
DA:74,0
DA:75,0
DA:78,0
DA:79,0
DA:80,0
DA:83,0
DA:84,0
DA:85,0
DA:86,0
DA:87,0
DA:90,0
DA:94,0
DA:95,0
DA:96,0
DA:97,0
DA:98,0
DA:99,0
DA:101,0
DA:102,0
DA:104,0
DA:105,0
DA:108,0
DA:109,0
DA:111,0
DA:112,0
DA:113,0
DA:114,0
DA:116,0
DA:117,0
DA:118,0
DA:119,0
DA:120,0
DA:121,0
DA:122,0
DA:125,0
DA:126,0
DA:127,0
DA:128,0
DA:130,0
DA:132,0
DA:134,0
DA:135,0
DA:138,0
DA:142,0
DA:143,0
BRDA:17,0,0,0
BRDA:17,0,1,1458
BRDA:24,0,0,1458
BRDA:24,0,1,0
BRDA:24,1,2,1456
BRDA:24,1,3,2
BRDA:34,0,0,0
BRDA:34,0,1,2
BRDA:36,0,0,2
BRDA:36,0,1,0
BRDA:36,1,2,0
BRDA:36,1,3,2
BRDA:45,0,0,-
BRDA:45,0,1,-
BRDA:48,0,0,-
BRDA:48,0,1,-
BRDA:48,1,2,-
BRDA:48,1,3,-
BRDA:48,2,4,-
BRDA:48,2,5,-
BRDA:48,3,6,-
BRDA:48,3,7,-
BRDA:48,4,8,-
BRDA:48,4,9,-
BRDA:51,0,0,-
BRDA:51,0,1,-
BRDA:51,1,2,-
BRDA:51,1,3,-
BRDA:63,0,0,-
BRDA:63,0,1,-
BRDA:71,0,0,-
BRDA:71,0,1,-
BRDA:71,1,2,-
BRDA:71,1,3,-
BRDA:75,0,0,-
BRDA:75,0,1,-
BRDA:83,0,0,-
BRDA:83,0,1,-
BRDA:83,1,2,-
BRDA:83,1,3,-
BRDA:83,2,4,-
BRDA:83,2,5,-
BRDA:90,0,0,-
BRDA:90,0,1,-
BRDA:90,1,2,-
BRDA:90,1,3,-
BRDA:95,0,0,-
BRDA:95,0,1,-
BRDA:96,0,0,-
BRDA:96,0,1,-
BRDA:96,1,2,-
BRDA:96,1,3,-
BRDA:102,0,0,-
BRDA:102,0,1,-
BRDA:104,0,0,-
BRDA:104,0,1,-
BRDA:104,1,2,-
BRDA:104,1,3,-
BRDA:109,0,0,-
BRDA:109,0,1,-
BRDA:112,0,0,-
BRDA:112,0,1,-
BRDA:114,0,0,-
BRDA:114,0,1,-
BRDA:114,1,2,-
BRDA:114,1,3,-
BRDA:116,0,0,-
BRDA:116,0,1,-
BRDA:117,0,0,-
BRDA:117,0,1,-
BRDA:117,1,2,-
BRDA:117,1,3,-
BRDA:120,0,0,-
BRDA:120,0,1,-
BRDA:120,1,2,-
BRDA:120,1,3,-
BRDA:125,0,0,-
BRDA:125,0,1,-
BRDA:126,0,0,-
BRDA:126,0,1,-
BRDA:126,1,2,-
BRDA:126,1,3,-
BRDA:130,0,0,-
BRDA:130,0,1,-
BRDA:130,1,2,-
BRDA:130,1,3,-
BRDA:132,0,0,-
BRDA:132,0,1,-
BRDA:142,0,0,-
BRDA:142,0,1,-
BRDA:142,1,2,-
BRDA:142,1,3,-
BRF:92
BRH:7
LF:71
LH:11
end_of_record
SF:/Users/theisen/Projects/tiny-clj/src/builtins.c
FN:71,builtins_reset_cached_funcs
FN:258,builtin_get_eval_state
FN:316,nth2
FN:441,native_peek
FN:458,native_pop
FN:483,native_subvec
FN:597,conj2_wrapper
FN:612,native_conj
FN:676,native_first
FN:725,native_seq
FN:741,native_not
FN:750,native_next
FN:852,native_rest
FN:904,native_concat
FN:934,native_nnext
FN:947,native_nthnext
FN:983,native_gensym
FN:999,native_partition
FN:1180,native_map
FN:1242,native_mapcat
FN:1284,native_filter
FN:1350,native_last
FN:1392,native_some
FN:1430,native_cons
FN:1507,native_list
FN:1526,native_reduce
FN:1586,native_group_by
FN:1650,native_nilp
FN:1668,native_reverse
FN:1703,assoc3
FN:1744,native_assoc
FN:1781,native_dissoc
FN:1839,native_merge
FN:1900,native_contains_p
FN:1943,native_update
FN:1993,native_into
FN:2110,native_select_keys
FN:2181,native_find
FN:2224,native_transient
FN:2255,native_persistent_bang
FN:2286,native_conj_bang
FN:2323,native_get
FN:2353,native_count
FN:2402,native_keys
FN:2419,native_vals
FN:2436,native_type
FN:2510,native_array_map
FN:2543,native_vector
FN:2567,native_vec
FN:2644,native_run_next_task
FN:2667,native_schedule
FN:2729,native_schedule_periodic
FN:2799,native_cancel_timer
FN:2874,native_print
FN:2880,native_println
FN:2886,native_pr
FN:2892,native_prn
FN:2899,native_print_ast
FN:2920,native_ast_string
FN:3014,native_ns_map
FN:3068,native_find_ns
FN:3094,native_all_ns
FN:3131,native_ns_unload
FN:3247,native_source
FN:3315,native_repl_dir
FN:3395,native_retain_count
FN:3413,native_get_thread_bindings
FN:3445,native_stacktrace_str
FN:3834,native_function_lookup
FN:3907,native_meta
FN:3947,native_with_meta
FN:3989,native_get_macro
FN:3999,native_apply
FN:4051,native_symbol
FN:4138,native_slurp
FN:4166,native_load_file
FN:4889,native_require
FN:4964,native_spit
FN:5056,native_add_variadic
FN:5161,native_mul_variadic
FN:5304,native_sub_variadic
FN:5409,native_mod
FN:5471,native_quot
FN:5533,native_bit_shift_left
FN:5589,native_range
FN:5682,native_repeat
FN:5744,native_lazy_seq_star
FN:5764,native_math_sqrt
FN:5798,builtin_set_eval_state
FN:5803,native_eval
FN:5824,native_read_string
FN:5855,native_div_variadic
FN:6012,native_byte_array
FN:6084,native_aget
FN:6109,native_aset
FN:6150,native_alength
FN:6167,native_aclone
FN:6184,native_lt
FN:6197,native_gt
FN:6210,native_le
FN:6223,native_ge
FN:6236,native_eq
FN:6279,native_not_eq
FN:6338,native_identical
FN:6345,native_vector_p
FN:6352,native_map_p
FN:6363,native_number_p
FN:6369,native_integer_p
FN:6375,native_float_p
FN:6381,native_string_p
FN:6387,native_keyword_p
FN:6403,native_keyword
FN:6442,native_name
FN:6479,native_symbol_p
FN:6485,native_fn_p
FN:6494,native_atom_p
FN:6500,native_char_p
FN:6506,native_list_p
FN:6519,tinyclj_runloop_once_for_yield
FN:6523,tinyclj_current_time_ms_for_sleep
FN:6531,native_yield
FN:6556,native_current_time_ms
FN:6574,native_atom
FN:6586,native_deref
FN:6606,native_reset_bang
FN:6628,native_swap_bang
FN:6690,native_now
FN:6914,native_instant_p
FN:6921,native_instant_days
FN:6934,native_instant_ms
FN:6948,native_datetime_civil_from_days
FN:6975,native_datetime_days_from_civil
FN:6995,native_datetime_format_iso
FN:7078,native_do
FN:7191,register_builtins
FN:284,builtins.c:list_try_nth_value
FN:264,builtins.c:validate_builtin_args
FN:604,builtins.c:conj2
FN:59,builtins.c:cached_named_func
FN:862,builtins.c:native_concat_thunk_executor
FN:1058,builtins.c:native_map_thunk_executor
FN:1117,builtins.c:native_mapcat_thunk_executor
FN:2839,builtins.c:print_helper
FN:3203,builtins.c:namespace_from_value
FN:3230,builtins.c:compare_symbol_names
FN:6897,builtins.c:native_clojure_pprint_pprint_str
FN:6819,builtins.c:pprint_walk
FN:6811,builtins.c:pprint_fits_inline
FN:6806,builtins.c:pprint_append
FN:4320,builtins.c:eval_source_in_current_state
FN:4811,builtins.c:normalize_require_spec
FN:4505,builtins.c:process_require_spec
FN:4451,builtins.c:copy_all_symbols_to_namespace
FN:4399,builtins.c:copy_symbols_to_namespace
FN:4205,builtins.c:namespace_to_relpath
FN:4277,builtins.c:read_file_cstr
FN:4229,builtins.c:read_file_once
FN:4264,builtins.c:store_resolved_path
FN:2986,builtins.c:create_fixnum_result
FN:2972,builtins.c:throw_arithmetic_overflow
FN:2979,builtins.c:throw_fixed_overflow
FN:2998,builtins.c:fixnum_to_fixed
FN:2992,builtins.c:extract_fixed_value
FN:2965,builtins.c:create_fixed_result
FN:2955,builtins.c:apply_saturation
FN:5560,builtins.c:native_range_infinite_thunk_executor
FN:7100,builtins.c:register_builtin_in_core
FN:6715,builtins.c:native_tinyclj_runtime_stats
FNDA:2916,builtins_reset_cached_funcs
FNDA:993,builtin_get_eval_state
FNDA:16064,nth2
FNDA:0,native_peek
FNDA:0,native_pop
FNDA:0,native_subvec
FNDA:0,conj2_wrapper
FNDA:8780,native_conj
FNDA:307832,native_first
FNDA:4758,native_seq
FNDA:4368,native_not
FNDA:306440,native_next
FNDA:306387,native_rest
FNDA:0,native_concat
FNDA:4,native_nnext
FNDA:0,native_nthnext
FNDA:1459,native_gensym
FNDA:1456,native_partition
FNDA:24,native_map
FNDA:14,native_mapcat
FNDA:24,native_filter
FNDA:0,native_last
FNDA:0,native_some
FNDA:907982,native_cons
FNDA:309181,native_list
FNDA:2983,native_reduce
FNDA:0,native_group_by
FNDA:159,native_nilp
FNDA:55,native_reverse
FNDA:27,assoc3
FNDA:21,native_assoc
FNDA:18,native_dissoc
FNDA:21,native_merge
FNDA:24,native_contains_p
FNDA:24,native_update
FNDA:24,native_into
FNDA:12,native_select_keys
FNDA:9,native_find
FNDA:0,native_transient
FNDA:0,native_persistent_bang
FNDA:0,native_conj_bang
FNDA:42,native_get
FNDA:300492,native_count
FNDA:3,native_keys
FNDA:3,native_vals
FNDA:0,native_type
FNDA:16,native_array_map
FNDA:15,native_vector
FNDA:1485,native_vec
FNDA:0,native_run_next_task
FNDA:0,native_schedule
FNDA:0,native_schedule_periodic
FNDA:0,native_cancel_timer
FNDA:0,native_print
FNDA:0,native_println
FNDA:0,native_pr
FNDA:0,native_prn
FNDA:0,native_print_ast
FNDA:0,native_ast_string
FNDA:9,native_ns_map
FNDA:15,native_find_ns
FNDA:0,native_all_ns
FNDA:6,native_ns_unload
FNDA:0,native_source
FNDA:0,native_repl_dir
FNDA:0,native_retain_count
FNDA:0,native_get_thread_bindings
FNDA:0,native_stacktrace_str
FNDA:218826,native_function_lookup
FNDA:0,native_meta
FNDA:0,native_with_meta
FNDA:0,native_get_macro
FNDA:0,native_apply
FNDA:0,native_symbol
FNDA:0,native_slurp
FNDA:0,native_load_file
FNDA:134,native_require
FNDA:0,native_spit
FNDA:114,native_add_variadic
FNDA:33,native_mul_variadic
FNDA:9,native_sub_variadic
FNDA:15,native_mod
FNDA:0,native_quot
FNDA:0,native_bit_shift_left
FNDA:1474,native_range
FNDA:0,native_repeat
FNDA:0,native_lazy_seq_star
FNDA:0,native_math_sqrt
FNDA:726548,builtin_set_eval_state
FNDA:12,native_eval
FNDA:8,native_read_string
FNDA:0,native_div_variadic
FNDA:0,native_byte_array
FNDA:0,native_aget
FNDA:0,native_aset
FNDA:0,native_alength
FNDA:0,native_aclone
FNDA:0,native_lt
FNDA:0,native_gt
FNDA:0,native_le
FNDA:0,native_ge
FNDA:0,native_eq
FNDA:6,native_not_eq
FNDA:16,native_identical
FNDA:4409,native_vector_p
FNDA:21,native_map_p
FNDA:0,native_number_p
FNDA:0,native_integer_p
FNDA:0,native_float_p
FNDA:0,native_string_p
FNDA:0,native_keyword_p
FNDA:0,native_keyword
FNDA:0,native_name
FNDA:1458,native_symbol_p
FNDA:2,native_fn_p
FNDA:0,native_atom_p
FNDA:0,native_char_p
FNDA:0,native_list_p
FNDA:0,tinyclj_runloop_once_for_yield
FNDA:0,tinyclj_current_time_ms_for_sleep
FNDA:0,native_yield
FNDA:0,native_current_time_ms
FNDA:1458,native_atom
FNDA:2,native_deref
FNDA:0,native_reset_bang
FNDA:0,native_swap_bang
FNDA:0,native_now
FNDA:0,native_instant_p
FNDA:0,native_instant_days
FNDA:0,native_instant_ms
FNDA:0,native_datetime_civil_from_days
FNDA:0,native_datetime_days_from_civil
FNDA:0,native_datetime_format_iso
FNDA:0,native_do
FNDA:1456,register_builtins
FNDA:6,builtins.c:list_try_nth_value
FNDA:1841055,builtins.c:validate_builtin_args
FNDA:8758,builtins.c:conj2
FNDA:98,builtins.c:cached_named_func
FNDA:0,builtins.c:native_concat_thunk_executor
FNDA:54,builtins.c:native_map_thunk_executor
FNDA:27,builtins.c:native_mapcat_thunk_executor
FNDA:0,builtins.c:print_helper
FNDA:0,builtins.c:namespace_from_value
FNDA:0,builtins.c:compare_symbol_names
FNDA:0,builtins.c:native_clojure_pprint_pprint_str
FNDA:0,builtins.c:pprint_walk
FNDA:0,builtins.c:pprint_fits_inline
FNDA:0,builtins.c:pprint_append
FNDA:116,builtins.c:eval_source_in_current_state
FNDA:143,builtins.c:normalize_require_spec
FNDA:131,builtins.c:process_require_spec
FNDA:9,builtins.c:copy_all_symbols_to_namespace
FNDA:3,builtins.c:copy_symbols_to_namespace
FNDA:119,builtins.c:namespace_to_relpath
FNDA:122,builtins.c:read_file_cstr
FNDA:134,builtins.c:read_file_once
FNDA:116,builtins.c:store_resolved_path
FNDA:3152,builtins.c:create_fixnum_result
FNDA:0,builtins.c:throw_arithmetic_overflow
FNDA:0,builtins.c:throw_fixed_overflow
FNDA:0,builtins.c:fixnum_to_fixed
FNDA:0,builtins.c:extract_fixed_value
FNDA:0,builtins.c:create_fixed_result
FNDA:0,builtins.c:apply_saturation
FNDA:0,builtins.c:native_range_infinite_thunk_executor
FNDA:46592,builtins.c:register_builtin_in_core
FNDA:0,builtins.c:native_tinyclj_runtime_stats
FNF:168
FNH:75
DA:59,98
DA:60,98
DA:61,29
DA:62,29
DA:63,98
DA:64,98
DA:71,2916
DA:72,2916
DA:73,2916
DA:74,2916
DA:75,2916
DA:76,2916
DA:258,993
DA:259,993
DA:260,993
DA:264,1841055
DA:265,1841055
DA:266,3
DA:267,3
DA:268,3
DA:269,3
DA:270,3
DA:271,3
DA:272,3
DA:273,3
DA:274,0
DA:275,0
DA:276,3
DA:277,3
DA:278,3
DA:279,3
DA:280,1841055
DA:281,1841055
DA:284,6
DA:285,6
DA:286,6
DA:287,6
DA:289,6
DA:290,18
DA:291,15
DA:292,15
DA:293,3
DA:294,3
DA:295,3
DA:297,12
DA:298,12
DA:300,12
DA:301,0
DA:302,0
DA:303,0
DA:304,12
DA:306,3
DA:307,0
DA:308,0
DA:309,0
DA:311,3
DA:312,3
DA:313,3
DA:316,16064
DA:317,16064
DA:318,0
DA:319,0
DA:320,0
DA:321,0
DA:322,0
DA:323,0
DA:324,0
DA:325,0
DA:326,0
DA:327,0
DA:328,0
DA:329,0
DA:330,16064
DA:331,16064
DA:332,16064
DA:333,16064
DA:336,16064
DA:337,0
DA:338,0
DA:339,0
DA:340,0
DA:341,0
DA:342,16064
DA:346,16064
DA:347,3
DA:348,3
DA:349,3
DA:351,16061
DA:352,0
DA:353,0
DA:354,0
DA:355,0
DA:356,0
DA:357,0
DA:358,0
DA:361,16061
DA:362,16061
DA:363,16031
DA:364,16031
DA:365,16031
DA:366,16031
DA:367,1456
DA:368,1456
DA:369,1456
DA:370,0
DA:371,0
DA:372,0
DA:373,1456
DA:374,14575
DA:375,16031
DA:378,30
DA:379,30
DA:380,30
DA:383,30
DA:384,6
DA:385,6
DA:386,6
DA:387,3
DA:388,3
DA:389,3
DA:390,3
DA:391,6
DA:392,24
DA:393,30
DA:396,0
DA:397,0
DA:398,0
DA:399,0
DA:400,0
DA:401,0
DA:403,0
DA:404,0
DA:405,0
DA:406,0
DA:407,0
DA:408,0
DA:409,0
DA:410,0
DA:411,0
DA:414,0
DA:415,0
DA:416,0
DA:417,0
DA:418,0
DA:419,0
DA:420,0
DA:421,0
DA:422,0
DA:423,0
DA:424,0
DA:425,0
DA:427,0
DA:428,0
DA:429,0
DA:430,0
DA:431,0
DA:432,0
DA:433,0
DA:434,0
DA:436,0
DA:437,0
DA:441,0
DA:442,0
DA:443,0
DA:444,0
DA:445,0
DA:446,0
DA:447,0
DA:448,0
DA:449,0
DA:450,0
DA:452,0
DA:453,0
DA:458,0
DA:459,0
DA:460,0
DA:461,0
DA:462,0
DA:463,0
DA:464,0
DA:465,0
DA:466,0
DA:467,0
DA:469,0
DA:470,0
DA:473,0
DA:474,0
DA:475,0
DA:476,0
DA:477,0
DA:483,0
DA:485,0
DA:486,0
DA:487,0
DA:488,0
DA:489,0
DA:490,0
DA:491,0
DA:492,0
DA:493,0
DA:494,0
DA:495,0
DA:496,0
DA:497,0
DA:498,0
DA:500,0
DA:501,0
DA:502,0
DA:505,0
DA:506,0
DA:507,0
DA:508,0
DA:509,0
DA:510,0
DA:512,0
DA:513,0
DA:514,0
DA:515,0
DA:516,0
DA:517,0
DA:519,0
DA:521,0
DA:522,0
DA:525,0
DA:526,0
DA:527,0
DA:528,0
DA:529,0
DA:530,0
DA:531,0
DA:532,0
DA:533,0
DA:534,0
DA:535,0
DA:536,0
DA:537,0
DA:538,0
DA:541,0
DA:542,0
DA:543,0
DA:544,0
DA:545,0
DA:546,0
DA:548,0
DA:549,0
DA:550,0
DA:551,0
DA:552,0
DA:553,0
DA:554,0
DA:556,0
DA:557,0
DA:558,0
DA:559,0
DA:560,0
DA:561,0
DA:564,0
DA:567,0
DA:568,0
DA:569,0
DA:570,0
DA:573,0
DA:577,0
DA:578,0
DA:579,0
DA:580,0
DA:581,0
DA:583,0
DA:584,0
DA:585,0
DA:586,0
DA:587,0
DA:588,0
DA:589,0
DA:591,0
DA:592,0
DA:597,0
DA:598,0
DA:599,0
DA:600,0
DA:601,0
DA:604,8758
DA:605,8758
DA:606,0
DA:607,8758
DA:608,8758
DA:612,8780
DA:613,8780
DA:616,8780
DA:617,3
DA:619,3
DA:620,3
DA:622,8777
DA:623,3
DA:625,3
DA:626,3
DA:629,8774
DA:630,8774
DA:631,9
DA:633,9
DA:634,18
DA:635,9
DA:636,9
DA:637,9
DA:638,9
DA:639,9
DA:640,9
DA:642,8765
DA:644,8765
DA:645,8750
DA:646,8750
DA:647,17508
DA:648,8758
DA:649,8758
DA:650,8758
DA:651,0
DA:652,8758
DA:653,8750
DA:654,8750
DA:657,15
DA:658,15
DA:659,15
DA:660,39
DA:661,24
DA:662,24
DA:663,24
DA:664,15
DA:665,15
DA:668,0
DA:669,0
DA:670,0
DA:671,0
DA:672,15
DA:676,307832
DA:677,307832
DA:679,307832
DA:680,0
DA:682,307832
DA:684,307832
DA:685,6
DA:687,6
DA:688,6
DA:691,307826
DA:692,307826
DA:693,304759
DA:694,304759
DA:696,304759
DA:699,304759
DA:700,0
DA:702,1569
DA:703,1569
DA:705,1569
DA:706,0
DA:708,1498
DA:709,1498
DA:711,1498
DA:712,1498
DA:713,0
DA:715,1498
DA:716,1498
DA:718,1498
DA:719,1498
DA:720,307826
DA:721,307826
DA:725,4758
DA:726,4758
DA:727,0
DA:728,4758
DA:729,4758
DA:730,12
DA:731,4746
DA:732,4544
DA:733,4544
DA:734,4544
DA:735,4544
DA:736,202
DA:737,202
DA:738,4746
DA:741,4368
DA:742,4368
DA:743,0
DA:744,4368
DA:745,4368
DA:746,4368
DA:750,306440
DA:751,306440
DA:753,306440
DA:754,0
DA:756,306440
DA:757,306440
DA:758,3
DA:760,3
DA:761,3
DA:764,306437
DA:765,0
DA:767,0
DA:768,0
DA:769,0
DA:770,0
DA:771,0
DA:773,306437
DA:781,306437
DA:782,0
DA:784,0
DA:785,0
DA:786,0
DA:787,0
DA:788,0
DA:789,0
DA:790,0
DA:791,0
DA:792,0
DA:793,0
DA:794,0
DA:795,0
DA:798,306437
DA:799,306437
DA:800,6
DA:802,6
DA:803,6
DA:807,306437
DA:809,306431
DA:810,306431
DA:812,306431
DA:813,1504
DA:814,1504
DA:815,1504
DA:816,1501
DA:817,1501
DA:818,1501
DA:819,1501
DA:820,1504
DA:822,306431
DA:823,304927
DA:825,304927
DA:826,304927
DA:832,306431
DA:833,1632
DA:837,1632
DA:838,1632
DA:842,306431
DA:843,304738
DA:844,304738
DA:845,304738
DA:846,306431
DA:847,306437
DA:852,306387
DA:853,306387
DA:857,306387
DA:858,306387
DA:859,306387
DA:862,0
DA:863,0
DA:864,0
DA:865,0
DA:867,0
DA:868,0
DA:869,0
DA:872,0
DA:873,0
DA:876,0
DA:877,0
DA:878,0
DA:880,0
DA:881,0
DA:884,0
DA:885,0
DA:886,0
DA:888,0
DA:889,0
DA:890,0
DA:892,0
DA:893,0
DA:894,0
DA:897,0
DA:899,0
DA:900,0
DA:901,0
DA:904,0
DA:905,0
DA:906,0
DA:908,0
DA:909,0
DA:912,0
DA:915,0
DA:916,0
DA:917,0
DA:919,0
DA:920,0
DA:921,0
DA:923,0
DA:924,0
DA:926,0
DA:927,0
DA:929,0
DA:930,0
DA:934,4
DA:935,4
DA:936,0
DA:938,4
DA:939,4
DA:940,0
DA:942,4
DA:943,4
DA:947,0
DA:948,0
DA:949,0
DA:951,0
DA:952,0
DA:953,0
DA:955,0
DA:956,0
DA:957,0
DA:959,0
DA:960,0
DA:962,0
DA:963,0
DA:964,0
DA:965,0
DA:966,0
DA:967,0
DA:968,0
DA:971,0
DA:972,0
DA:973,0
DA:974,0
DA:975,0
DA:976,0
DA:978,0
DA:979,0
DA:983,1459
DA:984,1459
DA:986,1459
DA:987,1459
DA:988,1459
DA:990,1459
DA:991,1459
DA:992,1459
DA:993,1459
DA:994,1459
DA:995,1459
DA:999,1456
DA:1000,1456
DA:1001,0
DA:1003,1456
DA:1004,0
DA:1005,0
DA:1006,0
DA:1007,0
DA:1008,0
DA:1009,0
DA:1010,1456
DA:1012,1456
DA:1013,1456
DA:1014,0
DA:1016,1456
DA:1017,1456
DA:1018,0
DA:1019,0
DA:1020,0
DA:1023,1456
DA:1025,2912
DA:1026,1456
DA:1027,1456
DA:1028,1456
DA:1030,4368
DA:1031,2912
DA:1032,2912
DA:1033,2912
DA:1034,2912
DA:1036,1456
DA:1037,1456
DA:1038,1456
DA:1039,1456
DA:1040,1456
DA:1041,1456
DA:1044,1456
DA:1045,1456
DA:1046,2912
DA:1047,1456
DA:1048,1456
DA:1049,1456
DA:1050,1456
DA:1051,1456
DA:1053,1456
DA:1054,1456
DA:1058,54
DA:1059,54
DA:1060,54
DA:1061,54
DA:1063,54
DA:1064,54
DA:1065,54
DA:1066,54
DA:1068,54
DA:1069,54
DA:1070,54
DA:1072,54
DA:1073,54
DA:1074,114
DA:1075,75
DA:1076,75
DA:1077,75
DA:1078,75
DA:1079,15
DA:1080,15
DA:1081,60
DA:1082,60
DA:1083,60
DA:1085,39
DA:1086,39
DA:1087,39
DA:1090,39
DA:1091,39
DA:1092,96
DA:1093,57
DA:1094,57
DA:1097,39
DA:1098,39
DA:1099,39
DA:1100,39
DA:1102,39
DA:1103,39
DA:1104,39
DA:1106,39
DA:1107,39
DA:1108,39
DA:1110,39
DA:1112,39
DA:1113,39
DA:1114,39
DA:1117,27
DA:1118,27
DA:1119,27
DA:1120,27
DA:1122,27
DA:1123,27
DA:1124,27
DA:1125,27
DA:1126,27
DA:1128,27
DA:1129,27
DA:1132,42
DA:1133,42
DA:1134,30
DA:1135,30
DA:1136,30
DA:1137,24
DA:1138,24
DA:1141,24
DA:1142,24
DA:1143,24
DA:1144,24
DA:1146,24
DA:1147,24
DA:1148,24
DA:1149,24
DA:1150,24
DA:1151,24
DA:1153,24
DA:1155,24
DA:1156,24
DA:1157,24
DA:1159,6
DA:1160,6
DA:1163,18
DA:1164,18
DA:1165,18
DA:1166,3
DA:1167,3
DA:1169,15
DA:1170,15
DA:1172,15
DA:1173,15
DA:1174,15
DA:1176,15
DA:1177,27
DA:1180,24
DA:1181,24
DA:1182,3
DA:1183,3
DA:1184,3
DA:1185,3
DA:1186,3
DA:1188,21
DA:1189,21
DA:1190,0
DA:1191,0
DA:1192,0
DA:1193,0
DA:1194,0
DA:1196,21
DA:1197,21
DA:1198,0
DA:1199,0
DA:1200,0
DA:1201,0
DA:1202,0
DA:1206,21
DA:1207,21
DA:1209,51
DA:1210,30
DA:1211,30
DA:1212,0
DA:1213,0
DA:1214,30
DA:1215,0
DA:1216,0
DA:1217,0
DA:1218,0
DA:1220,30
DA:1221,30
DA:1224,21
DA:1225,21
DA:1226,21
DA:1227,21
DA:1229,21
DA:1230,21
DA:1231,21
DA:1233,21
DA:1234,21
DA:1236,21
DA:1237,21
DA:1239,21
DA:1240,21
DA:1242,14
DA:1243,14
DA:1244,0
DA:1246,14
DA:1247,14
DA:1249,14
DA:1250,0
DA:1251,0
DA:1252,0
DA:1253,0
DA:1255,14
DA:1256,0
DA:1257,0
DA:1258,14
DA:1259,0
DA:1260,0
DA:1261,0
DA:1262,0
DA:1264,14
DA:1265,14
DA:1266,14
DA:1267,14
DA:1269,14
DA:1270,14
DA:1271,14
DA:1273,14
DA:1274,14
DA:1276,14
DA:1277,14
DA:1279,14
DA:1280,14
DA:1284,24
DA:1285,24
DA:1286,0
DA:1288,24
DA:1289,24
DA:1291,24
DA:1292,0
DA:1293,0
DA:1294,0
DA:1295,0
DA:1296,0
DA:1298,24
DA:1299,0
DA:1300,0
DA:1301,0
DA:1303,24
DA:1304,0
DA:1305,0
DA:1306,0
DA:1307,0
DA:1308,0
DA:1310,24
DA:1311,24
DA:1312,6
DA:1314,24
DA:1315,24
DA:1316,0
DA:1317,0
DA:1318,0
DA:1320,24
DA:1321,24
DA:1322,0
DA:1324,93
DA:1325,69
DA:1326,69
DA:1327,69
DA:1329,69
DA:1330,30
DA:1331,30
DA:1332,30
DA:1334,69
DA:1335,69
DA:1337,24
DA:1338,24
DA:1339,54
DA:1340,30
DA:1341,30
DA:1342,30
DA:1343,30
DA:1344,24
DA:1345,24
DA:1346,24
DA:1350,0
DA:1351,0
DA:1352,0
DA:1354,0
DA:1355,0
DA:1356,0
DA:1359,0
DA:1360,0
DA:1361,0
DA:1362,0
DA:1363,0
DA:1364,0
DA:1365,0
DA:1366,0
DA:1367,0
DA:1369,0
DA:1370,0
DA:1371,0
DA:1372,0
DA:1373,0
DA:1374,0
DA:1376,0
DA:1377,0
DA:1378,0
DA:1380,0
DA:1381,0
DA:1382,0
DA:1383,0
DA:1384,0
DA:1385,0
DA:1387,0
DA:1388,0
DA:1392,0
DA:1393,0
DA:1394,0
DA:1396,0
DA:1397,0
DA:1399,0
DA:1400,0
DA:1402,0
DA:1403,0
DA:1404,0
DA:1405,0
DA:1406,0
DA:1407,0
DA:1408,0
DA:1410,0
DA:1411,0
DA:1412,0
DA:1414,0
DA:1415,0
DA:1416,0
DA:1417,0
DA:1419,0
DA:1420,0
DA:1422,0
DA:1423,0
DA:1425,0
DA:1426,0
DA:1430,907982
DA:1431,907982
DA:1433,907982
DA:1434,0
DA:1436,907982
DA:1437,907982
DA:1439,907982
DA:1440,3
DA:1443,907982
DA:1444,6
DA:1445,6
DA:1446,6
DA:1447,6
DA:1450,907976
DA:1451,907973
DA:1452,907973
DA:1454,907973
DA:1455,17
DA:1456,17
DA:1457,17
DA:1458,17
DA:1459,907956
DA:1460,907956
DA:1461,907973
DA:1466,3
DA:1467,3
DA:1471,3
DA:1472,3
DA:1473,3
DA:1474,0
DA:1475,0
DA:1476,0
DA:1477,3
DA:1478,3
DA:1479,3
DA:1480,3
DA:1482,3
DA:1483,3
DA:1484,0
DA:1485,0
DA:1486,0
DA:1487,0
DA:1489,3
DA:1490,3
DA:1493,3
DA:1494,3
DA:1495,3
DA:1497,3
DA:1498,3
DA:1501,0
DA:1502,0
DA:1503,3
DA:1507,309181
DA:1508,309181
DA:1511,309181
DA:1512,52
DA:1513,52
DA:1514,52
DA:1517,309129
DA:1518,1233572
DA:1519,924443
DA:1520,924443
DA:1521,924443
DA:1522,309129
DA:1523,309181
DA:1526,2983
DA:1527,2983
DA:1528,0
DA:1529,0
DA:1530,0
DA:1531,0
DA:1532,0
DA:1533,0
DA:1534,0
DA:1535,0
DA:1537,2983
DA:1538,2983
DA:1540,2983
DA:1541,2983
DA:1542,2983
DA:1543,2983
DA:1544,2983
DA:1546,2983
DA:1547,2983
DA:1548,2983
DA:1549,2980
DA:1550,2980
DA:1551,2980
DA:1553,2983
DA:1554,8
DA:1555,8
DA:1556,2
DA:1557,2
DA:1558,2
DA:1559,6
DA:1560,8
DA:1562,2975
DA:1563,60
DA:1564,60
DA:1565,60
DA:1566,60
DA:1567,60
DA:1569,7496
DA:1570,4521
DA:1571,4521
DA:1572,4521
DA:1573,4521
DA:1574,4521
DA:1575,1555
DA:1576,4521
DA:1577,4521
DA:1578,4521
DA:1579,4521
DA:1581,2975
DA:1582,2983
DA:1586,0
DA:1587,0
DA:1588,0
DA:1590,0
DA:1591,0
DA:1593,0
DA:1594,0
DA:1595,0
DA:1596,0
DA:1597,0
DA:1600,0
DA:1601,0
DA:1602,0
DA:1604,0
DA:1605,0
DA:1606,0
DA:1607,0
DA:1609,0
DA:1610,0
DA:1612,0
DA:1613,0
DA:1615,0
DA:1616,0
DA:1617,0
DA:1619,0
DA:1620,0
DA:1621,0
DA:1622,0
DA:1623,0
DA:1624,0
DA:1625,0
DA:1626,0
DA:1627,0
DA:1628,0
DA:1629,0
DA:1631,0
DA:1632,0
DA:1633,0
DA:1634,0
DA:1635,0
DA:1637,0
DA:1638,0
DA:1639,0
DA:1640,0
DA:1642,0
DA:1643,0
DA:1645,0
DA:1646,0
DA:1650,159
DA:1651,159
DA:1653,159
DA:1654,0
DA:1658,159
DA:1659,47
DA:1660,47
DA:1661,47
DA:1663,112
DA:1664,159
DA:1668,55
DA:1669,55
DA:1671,55
DA:1672,0
DA:1674,55
DA:1677,55
DA:1678,6
DA:1679,6
DA:1680,6
DA:1683,49
DA:1684,49
DA:1685,0
DA:1686,0
DA:1687,0
DA:1690,49
DA:1691,178
DA:1692,129
DA:1693,129
DA:1695,129
DA:1696,129
DA:1697,129
DA:1699,49
DA:1700,49
DA:1703,27
DA:1704,27
DA:1705,0
DA:1706,27
DA:1707,27
DA:1708,27
DA:1710,27
DA:1711,0
DA:1713,27
DA:1716,27
DA:1717,6
DA:1718,6
DA:1719,0
DA:1720,6
DA:1721,6
DA:1722,6
DA:1723,0
DA:1725,6
DA:1726,6
DA:1727,0
DA:1728,6
DA:1729,6
DA:1732,21
DA:1733,21
DA:1735,21
DA:1736,21
DA:1739,0
DA:1740,21
DA:1744,21
DA:1745,21
DA:1746,0
DA:1747,0
DA:1748,0
DA:1749,0
DA:1750,0
DA:1751,0
DA:1752,0
DA:1753,0
DA:1755,21
DA:1757,48
DA:1758,27
DA:1759,27
DA:1760,27
DA:1763,27
DA:1764,0
DA:1765,0
DA:1766,0
DA:1767,0
DA:1768,0
DA:1770,27
DA:1771,27
DA:1772,27
DA:1773,0
DA:1774,27
DA:1776,21
DA:1777,21
DA:1781,18
DA:1783,18
DA:1784,0
DA:1785,0
DA:1786,0
DA:1787,0
DA:1788,0
DA:1789,0
DA:1791,18
DA:1792,18
DA:1793,0
DA:1795,18
DA:1797,18
DA:1798,0
DA:1799,0
DA:1800,0
DA:1801,0
DA:1802,0
DA:1803,0
DA:1806,18
DA:1807,3
DA:1808,3
DA:1809,3
DA:1812,15
DA:1813,33
DA:1814,18
DA:1815,18
DA:1816,18
DA:1817,0
DA:1820,18
DA:1821,18
DA:1822,15
DA:1824,15
DA:1825,3
DA:1826,3
DA:1827,3
DA:1828,15
DA:1829,15
DA:1830,18
DA:1833,15
DA:1834,18
DA:1839,21
DA:1841,21
DA:1842,3
DA:1845,18
DA:1846,3
DA:1849,15
DA:1850,15
DA:1852,15
DA:1853,15
DA:1854,15
DA:1855,15
DA:1856,15
DA:1857,15
DA:1858,15
DA:1859,15
DA:1860,15
DA:1861,15
DA:1862,15
DA:1863,15
DA:1864,15
DA:1867,15
DA:1868,0
DA:1871,33
DA:1872,18
DA:1873,18
DA:1874,18
DA:1875,3
DA:1877,15
DA:1878,15
DA:1879,0
DA:1880,0
DA:1881,0
DA:1882,0
DA:1883,0
DA:1884,0
DA:1886,15
DA:1887,15
DA:1888,3
DA:1890,3
DA:1891,15
DA:1892,15
DA:1894,15
DA:1895,15
DA:1900,24
DA:1901,24
DA:1902,0
DA:1903,0
DA:1904,0
DA:1905,0
DA:1906,0
DA:1908,24
DA:1909,24
DA:1912,24
DA:1913,3
DA:1915,21
DA:1916,21
DA:1917,21
DA:1918,9
DA:1919,9
DA:1920,9
DA:1922,12
DA:1923,12
DA:1928,12
DA:1929,0
DA:1930,12
DA:1931,12
DA:1932,12
DA:1933,12
DA:1935,0
DA:1936,0
DA:1937,21
DA:1938,21
DA:1943,24
DA:1944,24
DA:1945,0
DA:1946,0
DA:1947,0
DA:1948,0
DA:1949,0
DA:1951,24
DA:1952,24
DA:1954,24
DA:1955,24
DA:1956,24
DA:1959,24
DA:1960,0
DA:1962,24
DA:1963,24
DA:1964,0
DA:1965,0
DA:1966,0
DA:1967,0
DA:1968,0
DA:1969,0
DA:1972,24
DA:1975,24
DA:1976,24
DA:1977,24
DA:1978,33
DA:1979,9
DA:1980,9
DA:1981,9
DA:1984,24
DA:1987,24
DA:1988,24
DA:1993,24
DA:1994,24
DA:1995,0
DA:1996,0
DA:1997,0
DA:1998,0
DA:1999,0
DA:2002,24
DA:2003,0
DA:2004,0
DA:2005,0
DA:2006,0
DA:2007,0
DA:2008,0
DA:2010,24
DA:2011,24
DA:2014,24
DA:2015,3
DA:2018,21
DA:2019,0
DA:2021,0
DA:2022,0
DA:2024,21
DA:2027,21
DA:2028,15
DA:2029,15
DA:2032,15
DA:2033,15
DA:2034,6
DA:2035,30
DA:2036,15
DA:2037,15
DA:2038,15
DA:2039,6
DA:2040,9
DA:2041,6
DA:2043,6
DA:2044,30
DA:2045,24
DA:2046,24
DA:2047,24
DA:2048,9
DA:2049,9
DA:2050,9
DA:2051,9
DA:2052,9
DA:2053,9
DA:2054,9
DA:2055,24
DA:2056,6
DA:2057,3
DA:2058,3
DA:2060,3
DA:2061,9
DA:2062,9
DA:2063,9
DA:2064,9
DA:2065,3
DA:2067,15
DA:2068,15
DA:2071,6
DA:2072,6
DA:2073,6
DA:2075,6
DA:2076,6
DA:2077,3
DA:2079,3
DA:2080,3
DA:2081,3
DA:2082,3
DA:2084,12
DA:2085,6
DA:2086,6
DA:2087,6
DA:2088,6
DA:2089,6
DA:2090,6
DA:2091,6
DA:2092,6
DA:2093,6
DA:2094,6
DA:2095,6
DA:2096,3
DA:2098,6
DA:2099,6
DA:2101,0
DA:2102,0
DA:2103,0
DA:2104,0
DA:2105,6
DA:2110,12
DA:2111,12
DA:2112,0
DA:2113,0
DA:2114,0
DA:2115,0
DA:2116,0
DA:2118,12
DA:2119,12
DA:2122,12
DA:2123,3
DA:2125,9
DA:2126,9
DA:2127,0
DA:2128,0
DA:2129,0
DA:2130,0
DA:2131,0
DA:2132,0
DA:2135,9
DA:2136,3
DA:2138,6
DA:2139,6
DA:2140,6
DA:2141,0
DA:2142,0
DA:2143,0
DA:2144,0
DA:2145,0
DA:2146,0
DA:2148,6
DA:2149,6
DA:2151,6
DA:2152,6
DA:2153,24
DA:2154,12
DA:2155,12
DA:2156,6
DA:2157,6
DA:2158,6
DA:2159,6
DA:2160,12
DA:2161,6
DA:2162,0
DA:2163,0
DA:2164,0
DA:2165,0
DA:2166,0
DA:2167,0
DA:2168,0
DA:2169,0
DA:2170,0
DA:2171,0
DA:2172,0
DA:2173,0
DA:2175,6
DA:2176,6
DA:2181,9
DA:2182,9
DA:2183,0
DA:2184,0
DA:2185,0
DA:2186,0
DA:2187,0
DA:2189,9
DA:2190,9
DA:2193,9
DA:2194,3
DA:2196,6
DA:2197,6
DA:2198,0
DA:2199,0
DA:2200,0
DA:2201,0
DA:2202,0
DA:2203,0
DA:2205,6
DA:2207,6
DA:2208,3
DA:2209,3
DA:2210,3
DA:2212,3
DA:2215,3
DA:2216,3
DA:2217,3
DA:2219,3
DA:2220,6
DA:2224,0
DA:2225,0
DA:2226,0
DA:2228,0
DA:2229,0
DA:2230,0
DA:2232,0
DA:2233,0
DA:2234,0
DA:2235,0
DA:2236,0
DA:2237,0
DA:2238,0
DA:2239,0
DA:2240,0
DA:2242,0
DA:2243,0
DA:2244,0
DA:2245,0
DA:2248,0
DA:2249,0
DA:2250,0
DA:2251,0
DA:2252,0
DA:2255,0
DA:2256,0
DA:2257,0
DA:2259,0
DA:2260,0
DA:2261,0
DA:2263,0
DA:2264,0
DA:2265,0
DA:2266,0
DA:2267,0
DA:2268,0
DA:2269,0
DA:2270,0
DA:2271,0
DA:2273,0
DA:2274,0
DA:2275,0
DA:2276,0
DA:2279,0
DA:2280,0
DA:2281,0
DA:2282,0
DA:2283,0
DA:2286,0
DA:2287,0
DA:2288,0
DA:2290,0
DA:2291,0
DA:2292,0
DA:2294,0
DA:2295,0
DA:2296,0
DA:2297,0
DA:2299,0
DA:2300,0
DA:2301,0
DA:2302,0
DA:2303,0
DA:2304,0
DA:2305,0
DA:2306,0
DA:2307,0
DA:2308,0
DA:2309,0
DA:2310,0
DA:2311,0
DA:2312,0
DA:2313,0
DA:2316,0
DA:2317,0
DA:2318,0
DA:2319,0
DA:2320,0
DA:2323,42
DA:2324,42
DA:2325,0
DA:2326,0
DA:2327,0
DA:2328,0
DA:2329,0
DA:2330,0
DA:2331,42
DA:2332,42
DA:2333,42
DA:2335,42
DA:2336,0
DA:2339,42
DA:2340,42
DA:2341,42
DA:2343,42
DA:2344,42
DA:2345,42
DA:2346,42
DA:2347,42
DA:2349,0
DA:2350,42
DA:2353,300492
DA:2354,300492
DA:2356,300492
DA:2357,0
DA:2358,300492
DA:2360,300492
DA:2361,17
DA:2362,17
DA:2363,17
DA:2365,300475
DA:2368,300475
DA:2369,9
DA:2370,9
DA:2371,9
DA:2373,300466
DA:2374,300466
DA:2375,300466
DA:2376,24
DA:2377,24
DA:2378,24
DA:2379,300442
DA:2380,1494
DA:2381,1494
DA:2382,1494
DA:2383,1494
DA:2384,298948
DA:2385,298842
DA:2386,298842
DA:2387,298842
DA:2388,298842
DA:2389,106
DA:2390,106
DA:2391,106
DA:2394,106
DA:2395,106
DA:2396,300466
DA:2398,0
DA:2399,300466
DA:2402,3
DA:2403,3
DA:2404,0
DA:2405,3
DA:2406,3
DA:2407,0
DA:2409,3
DA:2410,3
DA:2411,3
DA:2412,3
DA:2413,3
DA:2415,0
DA:2416,3
DA:2419,3
DA:2420,3
DA:2421,0
DA:2422,3
DA:2423,3
DA:2424,0
DA:2426,3
DA:2427,3
DA:2428,3
DA:2429,3
DA:2430,3
DA:2432,0
DA:2433,3
DA:2436,0
DA:2437,0
DA:2438,0
DA:2439,0
DA:2440,0
DA:2441,0
DA:2444,0
DA:2448,0
DA:2449,0
DA:2450,0
DA:2451,0
DA:2452,0
DA:2453,0
DA:2454,0
DA:2455,0
DA:2456,0
DA:2457,0
DA:2458,0
DA:2459,0
DA:2460,0
DA:2461,0
DA:2462,0
DA:2463,0
DA:2464,0
DA:2465,0
DA:2467,0
DA:2468,0
DA:2469,0
DA:2470,0
DA:2473,0
DA:2476,0
DA:2477,0
DA:2478,0
DA:2479,0
DA:2482,0
DA:2483,0
DA:2484,0
DA:2485,0
DA:2486,0
DA:2487,0
DA:2488,0
DA:2489,0
DA:2490,0
DA:2491,0
DA:2492,0
DA:2493,0
DA:2494,0
DA:2495,0
DA:2496,0
DA:2497,0
DA:2498,0
DA:2499,0
DA:2500,0
DA:2501,0
DA:2502,0
DA:2503,0
DA:2505,0
DA:2506,0
DA:2507,0
DA:2510,16
DA:2512,16
DA:2513,0
DA:2515,0
DA:2516,0
DA:2519,16
DA:2522,16
DA:2523,4
DA:2524,4
DA:2525,4
DA:2527,12
DA:2531,32
DA:2532,20
DA:2533,20
DA:2534,20
DA:2535,20
DA:2536,20
DA:2537,20
DA:2539,12
DA:2540,16
DA:2543,15
DA:2545,15
DA:2546,6
DA:2547,6
DA:2548,6
DA:2552,9
DA:2555,36
DA:2556,27
DA:2557,27
DA:2558,27
DA:2560,9
DA:2561,15
DA:2567,1485
DA:2569,1485
DA:2570,0
DA:2572,1485
DA:2576,1485
DA:2577,0
DA:2578,0
DA:2579,0
DA:2584,1485
DA:2585,1458
DA:2586,1458
DA:2587,1458
DA:2590,27
DA:2591,0
DA:2592,0
DA:2593,0
DA:2594,0
DA:2595,0
DA:2599,27
DA:2600,27
DA:2601,0
DA:2604,0
DA:2605,0
DA:2608,27
DA:2609,3
DA:2610,3
DA:2611,3
DA:2615,24
DA:2616,24
DA:2617,0
DA:2618,0
DA:2619,0
DA:2620,0
DA:2621,0
DA:2626,87
DA:2627,63
DA:2628,63
DA:2633,63
DA:2636,63
DA:2637,63
DA:2639,24
DA:2640,24
DA:2644,0
DA:2645,0
DA:2646,0
DA:2647,0
DA:2648,0
DA:2649,0
DA:2650,0
DA:2651,0
DA:2652,0
DA:2653,0
DA:2654,0
DA:2655,0
DA:2656,0
DA:2659,0
DA:2660,0
DA:2661,0
DA:2662,0
DA:2663,0
DA:2667,0
DA:2668,0
DA:2669,0
DA:2672,0
DA:2673,0
DA:2674,0
DA:2675,0
DA:2676,0
DA:2677,0
DA:2678,0
DA:2679,0
DA:2681,0
DA:2682,0
DA:2683,0
DA:2684,0
DA:2685,0
DA:2686,0
DA:2687,0
DA:2688,0
DA:2691,0
DA:2692,0
DA:2693,0
DA:2694,0
DA:2695,0
DA:2696,0
DA:2697,0
DA:2698,0
DA:2699,0
DA:2703,0
DA:2704,0
DA:2705,0
DA:2706,0
DA:2707,0
DA:2708,0
DA:2709,0
DA:2710,0
DA:2715,0
DA:2718,0
DA:2721,0
DA:2724,0
DA:2725,0
DA:2729,0
DA:2730,0
DA:2731,0
DA:2734,0
DA:2735,0
DA:2736,0
DA:2737,0
DA:2738,0
DA:2739,0
DA:2740,0
DA:2741,0
DA:2743,0
DA:2744,0
DA:2745,0
DA:2746,0
DA:2747,0
DA:2748,0
DA:2749,0
DA:2750,0
DA:2753,0
DA:2754,0
DA:2755,0
DA:2756,0
DA:2757,0
DA:2758,0
DA:2759,0
DA:2760,0
DA:2762,0
DA:2763,0
DA:2764,0
DA:2765,0
DA:2766,0
DA:2767,0
DA:2768,0
DA:2769,0
DA:2772,0
DA:2773,0
DA:2774,0
DA:2775,0
DA:2776,0
DA:2777,0
DA:2778,0
DA:2779,0
DA:2780,0
DA:2785,0
DA:2788,0
DA:2791,0
DA:2794,0
DA:2795,0
DA:2799,0
DA:2800,0
DA:2801,0
DA:2804,0
DA:2805,0
DA:2806,0
DA:2807,0
DA:2808,0
DA:2809,0
DA:2810,0
DA:2811,0
DA:2813,0
DA:2814,0
DA:2815,0
DA:2816,0
DA:2817,0
DA:2818,0
DA:2819,0
DA:2820,0
DA:2823,0
DA:2826,0
DA:2827,0
DA:2839,0
DA:2840,0
DA:2841,0
DA:2844,0
DA:2845,0
DA:2846,0
DA:2847,0
DA:2848,0
DA:2849,0
DA:2850,0
DA:2851,0
DA:2852,0
DA:2855,0
DA:2856,0
DA:2857,0
DA:2858,0
DA:2859,0
DA:2860,0
DA:2863,0
DA:2864,0
DA:2865,0
DA:2866,0
DA:2867,0
DA:2874,0
DA:2875,0
DA:2876,0
DA:2877,0
DA:2880,0
DA:2881,0
DA:2882,0
DA:2883,0
DA:2886,0
DA:2887,0
DA:2888,0
DA:2889,0
DA:2892,0
DA:2893,0
DA:2894,0
DA:2895,0
DA:2899,0
DA:2900,0
DA:2902,0
DA:2903,0
DA:2904,0
DA:2905,0
DA:2906,0
DA:2907,0
DA:2909,0
DA:2910,0
DA:2911,0
DA:2912,0
DA:2914,0
DA:2915,0
DA:2916,0
DA:2917,0
DA:2920,0
DA:2921,0
DA:2923,0
DA:2925,0
DA:2926,0
DA:2927,0
DA:2928,0
DA:2931,0
DA:2932,0
DA:2933,0
DA:2934,0
DA:2936,0
DA:2937,0
DA:2938,0
DA:2939,0
DA:2941,0
DA:2942,0
DA:2943,0
DA:2945,0
DA:2946,0
DA:2955,0
DA:2956,0
DA:2957,0
DA:2958,0
DA:2959,0
DA:2960,0
DA:2961,0
DA:2965,0
DA:2966,0
DA:2967,0
DA:2968,0
DA:2972,0
DA:2973,0
DA:2974,0
DA:2975,0
DA:2979,0
DA:2980,0
DA:2981,0
DA:2982,0
DA:2986,3152
DA:2987,3152
DA:2988,3152
DA:2992,0
DA:2993,0
DA:2994,0
DA:2998,0
DA:2999,0
DA:3000,0
DA:3014,9
DA:3015,9
DA:3016,9
DA:3017,0
DA:3018,0
DA:3019,0
DA:3020,0
DA:3021,0
DA:3023,9
DA:3024,9
DA:3025,0
DA:3026,0
DA:3027,0
DA:3028,0
DA:3029,0
DA:3031,9
DA:3032,9
DA:3034,9
DA:3035,9
DA:3036,9
DA:3037,9
DA:3038,0
DA:3039,0
DA:3040,0
DA:3041,0
DA:3042,0
DA:3043,0
DA:3044,0
DA:3045,0
DA:3046,0
DA:3047,0
DA:3048,0
DA:3049,0
DA:3050,0
DA:3051,0
DA:3053,9
DA:3054,0
DA:3055,0
DA:3056,0
DA:3057,0
DA:3058,0
DA:3060,9
DA:3061,9
DA:3068,15
DA:3069,15
DA:3070,15
DA:3071,0
DA:3072,0
DA:3073,0
DA:3074,0
DA:3075,0
DA:3077,15
DA:3078,15
DA:3079,3
DA:3081,12
DA:3082,12
DA:3083,9
DA:3084,9
DA:3085,9
DA:3087,3
DA:3088,3
DA:3089,12
DA:3094,0
DA:3095,0
DA:3096,0
DA:3097,0
DA:3098,0
DA:3099,0
DA:3100,0
DA:3101,0
DA:3103,0
DA:3104,0
DA:3105,0
DA:3106,0
DA:3108,0
DA:3109,0
DA:3110,0
DA:3111,0
DA:3112,0
DA:3113,0
DA:3114,0
DA:3115,0
DA:3116,0
DA:3117,0
DA:3119,0
DA:3120,0
DA:3121,0
DA:3122,0
DA:3124,0
DA:3125,0
DA:3131,6
DA:3132,6
DA:3133,0
DA:3135,6
DA:3136,6
DA:3137,0
DA:3139,6
DA:3140,6
DA:3141,6
DA:3143,6
DA:3144,6
DA:3145,6
DA:3146,6
DA:3147,6
DA:3148,0
DA:3149,0
DA:3150,0
DA:3151,0
DA:3152,0
DA:3153,0
DA:3154,0
DA:3155,0
DA:3156,0
DA:3157,0
DA:3158,0
DA:3159,0
DA:3161,6
DA:3162,0
DA:3165,6
DA:3166,0
DA:3168,6
DA:3169,0
DA:3171,6
DA:3172,6
DA:3173,3
DA:3178,3
DA:3179,3
DA:3180,3
DA:3181,3
DA:3182,3
DA:3183,3
DA:3184,3
DA:3185,3
DA:3186,3
DA:3187,0
DA:3188,0
DA:3189,0
DA:3193,3
DA:3196,3
DA:3198,3
DA:3199,6
DA:3203,0
DA:3204,0
DA:3205,0
DA:3206,0
DA:3207,0
DA:3209,0
DA:3210,0
DA:3211,0
DA:3212,0
DA:3213,0
DA:3214,0
DA:3215,0
DA:3216,0
DA:3217,0
DA:3218,0
DA:3219,0
DA:3220,0
DA:3221,0
DA:3222,0
DA:3223,0
DA:3224,0
DA:3225,0
DA:3226,0
DA:3227,0
DA:3230,0
DA:3231,0
DA:3232,0
DA:3233,0
DA:3234,0
DA:3235,0
DA:3236,0
DA:3237,0
DA:3238,0
DA:3239,0
DA:3240,0
DA:3247,0
DA:3248,0
DA:3250,0
DA:3251,0
DA:3252,0
DA:3253,0
DA:3254,0
DA:3257,0
DA:3258,0
DA:3259,0
DA:3260,0
DA:3261,0
DA:3262,0
DA:3263,0
DA:3266,0
DA:3267,0
DA:3268,0
DA:3269,0
DA:3270,0
DA:3273,0
DA:3274,0
DA:3275,0
DA:3276,0
DA:3277,0
DA:3278,0
DA:3279,0
DA:3280,0
DA:3281,0
DA:3282,0
DA:3283,0
DA:3285,0
DA:3286,0
DA:3287,0
DA:3288,0
DA:3290,0
DA:3291,0
DA:3292,0
DA:3293,0
DA:3295,0
DA:3296,0
DA:3298,0
DA:3299,0
DA:3300,0
DA:3301,0
DA:3302,0
DA:3304,0
DA:3305,0
DA:3306,0
DA:3307,0
DA:3308,0
DA:3311,0
DA:3312,0
DA:3315,0
DA:3316,0
DA:3318,0
DA:3319,0
DA:3321,0
DA:3322,0
DA:3323,0
DA:3324,0
DA:3325,0
DA:3326,0
DA:3327,0
DA:3328,0
DA:3329,0
DA:3330,0
DA:3331,0
DA:3332,0
DA:3333,0
DA:3334,0
DA:3335,0
DA:3336,0
DA:3337,0
DA:3338,0
DA:3339,0
DA:3341,0
DA:3342,0
DA:3343,0
DA:3344,0
DA:3345,0
DA:3347,0
DA:3348,0
DA:3349,0
DA:3350,0
DA:3351,0
DA:3352,0
DA:3353,0
DA:3354,0
DA:3356,0
DA:3357,0
DA:3358,0
DA:3359,0
DA:3361,0
DA:3362,0
DA:3363,0
DA:3364,0
DA:3365,0
DA:3367,0
DA:3368,0
DA:3369,0
DA:3370,0
DA:3371,0
DA:3372,0
DA:3373,0
DA:3374,0
DA:3375,0
DA:3376,0
DA:3377,0
DA:3378,0
DA:3380,0
DA:3381,0
DA:3382,0
DA:3383,0
DA:3384,0
DA:3385,0
DA:3386,0
DA:3387,0
DA:3388,0
DA:3389,0
DA:3390,0
DA:3395,0
DA:3396,0
DA:3398,0
DA:3399,0
DA:3400,0
DA:3402,0
DA:3403,0
DA:3406,0
DA:3407,0
DA:3408,0
DA:3413,0
DA:3414,0
DA:3415,0
DA:3418,0
DA:3420,0
DA:3421,0
DA:3423,0
DA:3424,0
DA:3425,0
DA:3426,0
DA:3427,0
DA:3428,0
DA:3429,0
DA:3430,0
DA:3431,0
DA:3434,0
DA:3435,0
DA:3436,0
DA:3438,0
DA:3439,0
DA:3445,0
DA:3446,0
DA:3448,0
DA:3449,0
DA:3450,0
DA:3451,0
DA:3452,0
DA:3454,0
DA:3455,0
DA:3456,0
DA:3457,0
DA:3458,0
DA:3460,0
DA:3461,0
DA:3834,218826
DA:3835,218826
DA:3836,0
DA:3838,218826
DA:3839,218826
DA:3842,218826
DA:3843,218826
DA:3844,214458
DA:3845,214458
DA:3846,214458
DA:3847,214458
DA:3848,214458
DA:3849,214458
DA:3852,18376794
DA:3853,18367632
DA:3854,18367632
DA:3855,18367632
DA:3856,0
DA:3859,18367632
DA:3860,2912
DA:3861,2912
DA:3862,2912
DA:3865,18364720
DA:3866,0
DA:3868,18364720
DA:3870,18364720
DA:3871,17735728
DA:3873,17735728
DA:3874,0
DA:3875,0
DA:3876,0
DA:3877,17735728
DA:3878,0
DA:3879,0
DA:3880,0
DA:3882,17735728
DA:3883,206752
DA:3884,206752
DA:3885,206752
DA:3886,17735728
DA:3887,628992
DA:3888,628992
DA:3890,628992
DA:3891,0
DA:3892,0
DA:3893,0
DA:3894,628992
DA:3895,18364720
DA:3898,9162
DA:3899,9162
DA:3900,426
DA:3902,8736
DA:3903,9162
DA:3907,0
DA:3908,0
DA:3910,0
DA:3911,0
DA:3912,0
DA:3913,0
DA:3914,0
DA:3916,0
DA:3919,0
DA:3920,0
DA:3921,0
DA:3924,0
DA:3925,0
DA:3926,0
DA:3927,0
DA:3928,0
DA:3929,0
DA:3930,0
DA:3931,0
DA:3932,0
DA:3934,0
DA:3935,0
DA:3936,0
DA:3937,0
DA:3938,0
DA:3939,0
DA:3940,0
DA:3942,0
DA:3943,0
DA:3947,0
DA:3948,0
DA:3950,0
DA:3951,0
DA:3954,0
DA:3955,0
DA:3956,0
DA:3957,0
DA:3960,0
DA:3961,0
DA:3962,0
DA:3963,0
DA:3964,0
DA:3965,0
DA:3968,0
DA:3969,0
DA:3970,0
DA:3971,0
DA:3972,0
DA:3973,0
DA:3975,0
DA:3979,0
DA:3980,0
DA:3985,0
DA:3989,0
DA:3990,0
DA:3991,0
DA:3992,0
DA:3993,0
DA:3994,0
DA:3995,0
DA:3999,0
DA:4000,0
DA:4001,0
DA:4002,0
DA:4003,0
DA:4005,0
DA:4006,0
DA:4007,0
DA:4008,0
DA:4009,0
DA:4010,0
DA:4011,0
DA:4014,0
DA:4015,0
DA:4018,0
DA:4019,0
DA:4020,0
DA:4021,0
DA:4024,0
DA:4025,0
DA:4026,0
DA:4027,0
DA:4028,0
DA:4029,0
DA:4030,0
DA:4031,0
DA:4032,0
DA:4033,0
DA:4034,0
DA:4035,0
DA:4036,0
DA:4037,0
DA:4038,0
DA:4039,0
DA:4040,0
DA:4041,0
DA:4042,0
DA:4043,0
DA:4044,0
DA:4046,0
DA:4047,0
DA:4051,0
DA:4053,0
DA:4054,0
DA:4055,0
DA:4056,0
DA:4057,0
DA:4058,0
DA:4059,0
DA:4060,0
DA:4061,0
DA:4062,0
DA:4063,0
DA:4064,0
DA:4065,0
DA:4067,0
DA:4068,0
DA:4070,0
DA:4071,0
DA:4073,0
DA:4074,0
DA:4077,0
DA:4078,0
DA:4079,0
DA:4080,0
DA:4081,0
DA:4082,0
DA:4084,0
DA:4085,0
DA:4086,0
DA:4087,0
DA:4088,0
DA:4089,0
DA:4092,0
DA:4093,0
DA:4094,0
DA:4095,0
DA:4096,0
DA:4097,0
DA:4098,0
DA:4099,0
DA:4101,0
DA:4102,0
DA:4103,0
DA:4104,0
DA:4106,0
DA:4108,0
DA:4109,0
DA:4110,0
DA:4111,0
DA:4112,0
DA:4113,0
DA:4115,0
DA:4116,0
DA:4117,0
DA:4120,0
DA:4121,0
DA:4122,0
DA:4123,0
DA:4124,0
DA:4125,0
DA:4126,0
DA:4127,0
DA:4130,0
DA:4131,0
DA:4138,0
DA:4139,0
DA:4140,0
DA:4143,0
DA:4144,0
DA:4145,0
DA:4146,0
DA:4147,0
DA:4148,0
DA:4149,0
DA:4150,0
DA:4151,0
DA:4155,0
DA:4158,0
DA:4159,0
DA:4166,0
DA:4167,0
DA:4168,0
DA:4171,0
DA:4172,0
DA:4173,0
DA:4174,0
DA:4175,0
DA:4176,0
DA:4177,0
DA:4178,0
DA:4179,0
DA:4182,0
DA:4183,0
DA:4184,0
DA:4185,0
DA:4186,0
DA:4189,0
DA:4192,0
DA:4193,0
DA:4196,0
DA:4197,0
DA:4205,119
DA:4206,119
DA:4207,0
DA:4208,119
DA:4210,119
DA:4211,119
DA:4212,0
DA:4213,1674
DA:4214,1555
DA:4215,1555
DA:4216,1555
DA:4217,125
DA:4218,1430
DA:4219,3
DA:4220,1427
DA:4221,1427
DA:4222,1555
DA:4223,119
DA:4224,119
DA:4225,119
DA:4226,119
DA:4229,134
DA:4230,134
DA:4231,0
DA:4232,134
DA:4233,134
DA:4234,18
DA:4235,116
DA:4236,0
DA:4237,0
DA:4238,0
DA:4239,0
DA:4240,116
DA:4241,116
DA:4242,0
DA:4243,0
DA:4244,0
DA:4245,0
DA:4246,116
DA:4247,0
DA:4248,0
DA:4249,0
DA:4250,0
DA:4251,116
DA:4252,116
DA:4253,0
DA:4254,0
DA:4255,0
DA:4256,0
DA:4257,116
DA:4258,116
DA:4259,116
DA:4260,116
DA:4261,116
DA:4264,116
DA:4265,116
DA:4266,0
DA:4267,116
DA:4268,0
DA:4269,0
DA:4270,0
DA:4271,0
DA:4272,116
DA:4273,116
DA:4274,116
DA:4277,122
DA:4278,122
DA:4279,122
DA:4280,116
DA:4281,116
DA:4282,116
DA:4283,116
DA:4286,6
DA:4287,0
DA:4288,0
DA:4289,0
DA:4291,6
DA:4292,6
DA:4293,6
DA:4294,6
DA:4295,6
DA:4296,6
DA:4297,6
DA:4298,6
DA:4299,0
DA:4300,0
DA:4301,0
DA:4302,0
DA:4303,6
DA:4304,6
DA:4305,6
DA:4306,6
DA:4307,6
DA:4308,6
DA:4309,6
DA:4310,0
DA:4311,0
DA:4312,0
DA:4313,0
DA:4314,6
DA:4316,6
DA:4317,6
DA:4320,116
DA:4321,116
DA:4322,0
DA:4323,116
DA:4324,116
DA:4325,116
DA:4326,116
DA:4327,116
DA:4328,116
DA:4329,116
DA:4330,0
DA:4331,0
DA:4332,0
DA:4333,0
DA:4334,0
DA:4335,0
DA:4336,0
DA:4337,0
DA:4342,1981
DA:4343,1981
DA:4344,1981
DA:4345,1981
DA:4346,116
DA:4349,1865
DA:4351,1865
DA:4352,1865
DA:4353,1865
DA:4354,1865
DA:4355,1865
DA:4356,1865
DA:4357,1865
DA:4358,1865
DA:4359,1865
DA:4360,1865
DA:4361,1865
DA:4362,1865
DA:4363,1865
DA:4364,1865
DA:4365,1865
DA:4366,1865
DA:4367,1865
DA:4368,1865
DA:4369,1865
DA:4371,1865
DA:4372,1865
DA:4374,1865
DA:4375,1865
DA:4376,1865
DA:4377,1865
DA:4378,1865
DA:4379,1865
DA:4380,1865
DA:4381,1865
DA:4382,1865
DA:4383,1865
DA:4384,1865
DA:4385,1865
DA:4386,1865
DA:4387,1865
DA:4389,116
DA:4390,116
DA:4399,3
DA:4400,3
DA:4401,0
DA:4403,3
DA:4404,0
DA:4406,3
DA:4407,6
DA:4408,3
DA:4409,3
DA:4410,0
DA:4411,0
DA:4412,0
DA:4413,0
DA:4417,3
DA:4418,3
DA:4419,3
DA:4420,0
DA:4422,0
DA:4423,0
DA:4424,3
DA:4425,3
DA:4427,3
DA:4428,3
DA:4429,0
DA:4430,0
DA:4431,0
DA:4432,3
DA:4435,3
DA:4436,3
DA:4437,3
DA:4439,3
DA:4440,3
DA:4442,3
DA:4443,3
DA:4451,9
DA:4452,9
DA:4453,0
DA:4455,9
DA:4456,9
DA:4457,0
DA:4463,33
DA:4464,12
DA:4465,12
DA:4466,12
DA:4467,12
DA:4468,12
DA:4469,12
DA:4470,12
DA:4472,12
DA:4473,0
DA:4475,0
DA:4476,0
DA:4477,12
DA:4478,12
DA:4481,12
DA:4482,12
DA:4483,12
DA:4484,12
DA:4488,12
DA:4489,12
DA:4490,12
DA:4491,12
DA:4492,12
DA:4493,12
DA:4494,12
DA:4495,12
DA:4496,9
DA:4505,131
DA:4506,131
DA:4507,0
DA:4509,131
DA:4510,131
DA:4511,131
DA:4512,131
DA:4514,131
DA:4517,131
DA:4518,89
DA:4519,89
DA:4520,89
DA:4521,0
DA:4522,89
DA:4523,89
DA:4525,42
DA:4526,42
DA:4527,42
DA:4528,42
DA:4529,0
DA:4532,42
DA:4533,42
DA:4534,0
DA:4536,42
DA:4537,42
DA:4538,42
DA:4539,42
DA:4540,0
DA:4541,0
DA:4542,0
DA:4543,0
DA:4544,42
DA:4545,42
DA:4546,0
DA:4547,0
DA:4548,0
DA:4549,0
DA:4550,0
DA:4551,0
DA:4552,0
DA:4553,0
DA:4554,0
DA:4555,0
DA:4559,42
DA:4560,75
DA:4561,33
DA:4562,33
DA:4563,33
DA:4564,0
DA:4567,33
DA:4568,33
DA:4569,33
DA:4570,33
DA:4571,0
DA:4572,0
DA:4573,0
DA:4574,0
DA:4577,33
DA:4578,21
DA:4580,21
DA:4581,21
DA:4582,21
DA:4584,21
DA:4585,21
DA:4586,21
DA:4587,21
DA:4588,12
DA:4589,12
DA:4591,12
DA:4592,12
DA:4593,12
DA:4594,12
DA:4595,9
DA:4596,9
DA:4597,9
DA:4598,9
DA:4599,9
DA:4600,9
DA:4601,9
DA:4602,0
DA:4603,0
DA:4604,0
DA:4605,0
DA:4606,9
DA:4607,3
DA:4608,3
DA:4609,3
DA:4611,3
DA:4612,0
DA:4613,0
DA:4614,0
DA:4615,0
DA:4616,12
DA:4617,12
DA:4618,12
DA:4619,12
DA:4620,0
DA:4621,0
DA:4622,0
DA:4623,0
DA:4624,33
DA:4625,0
DA:4626,0
DA:4627,0
DA:4628,0
DA:4629,33
DA:4630,42
DA:4631,0
DA:4632,0
DA:4633,0
DA:4634,0
DA:4636,131
DA:4637,0
DA:4642,131
DA:4643,131
DA:4644,12
DA:4646,12
DA:4647,12
DA:4651,12
DA:4652,12
DA:4657,12
DA:4658,9
DA:4659,9
DA:4660,9
DA:4661,9
DA:4662,9
DA:4663,9
DA:4664,9
DA:4666,12
DA:4667,0
DA:4668,0
DA:4669,0
DA:4670,12
DA:4671,0
DA:4672,0
DA:4673,0
DA:4674,12
DA:4676,12
DA:4677,12
DA:4679,12
DA:4682,119
DA:4683,119
DA:4684,0
DA:4685,0
DA:4686,0
DA:4689,119
DA:4690,119
DA:4691,119
DA:4692,119
DA:4694,119
DA:4695,119
DA:4696,119
DA:4697,119
DA:4698,119
DA:4699,116
DA:4700,116
DA:4701,116
DA:4702,3
DA:4703,3
DA:4704,3
DA:4705,3
DA:4706,0
DA:4707,0
DA:4708,0
DA:4709,3
DA:4711,119
DA:4712,3
DA:4713,3
DA:4714,3
DA:4715,3
DA:4716,3
DA:4717,3
DA:4718,3
DA:4719,3
DA:4720,3
DA:4721,3
DA:4722,3
DA:4723,3
DA:4724,3
DA:4725,3
DA:4730,119
DA:4731,119
DA:4732,116
DA:4733,116
DA:4734,116
DA:4738,119
DA:4739,119
DA:4740,0
DA:4741,0
DA:4742,0
DA:4743,0
DA:4744,0
DA:4747,119
DA:4748,116
DA:4749,116
DA:4750,116
DA:4751,119
DA:4753,119
DA:4755,119
DA:4756,116
DA:4757,116
DA:4758,116
DA:4760,119
DA:4761,119
DA:4767,119
DA:4768,0
DA:4770,0
DA:4771,0
DA:4772,0
DA:4775,0
DA:4776,0
DA:4779,0
DA:4783,119
DA:4784,119
DA:4785,116
DA:4786,116
DA:4787,12
DA:4788,12
DA:4789,12
DA:4790,12
DA:4791,12
DA:4792,12
DA:4793,12
DA:4794,116
DA:4795,9
DA:4796,9
DA:4797,9
DA:4798,107
DA:4799,3
DA:4800,3
DA:4801,3
DA:4802,116
DA:4807,119
DA:4808,119
DA:4811,143
DA:4812,143
DA:4813,143
DA:4814,143
DA:4815,143
DA:4816,143
DA:4817,0
DA:4818,0
DA:4819,0
DA:4821,143
DA:4822,143
DA:4823,137
DA:4824,137
DA:4825,137
DA:4827,6
DA:4828,0
DA:4829,0
DA:4830,0
DA:4831,0
DA:4834,0
DA:4835,0
DA:4836,0
DA:4837,0
DA:4838,0
DA:4839,0
DA:4841,0
DA:4842,0
DA:4843,0
DA:4844,0
DA:4845,0
DA:4846,0
DA:4847,0
DA:4848,0
DA:4851,0
DA:4852,0
DA:4853,0
DA:4854,0
DA:4855,0
DA:4856,0
DA:4857,0
DA:4858,0
DA:4859,0
DA:4860,0
DA:4861,0
DA:4863,0
DA:4864,0
DA:4865,0
DA:4866,0
DA:4867,0
DA:4869,0
DA:4870,0
DA:4871,0
DA:4872,0
DA:4873,0
DA:4874,0
DA:4875,0
DA:4876,0
DA:4877,0
DA:4878,0
DA:4879,0
DA:4880,0
DA:4881,0
DA:4882,0
DA:4883,0
DA:4885,6
DA:4886,6
DA:4889,134
DA:4890,134
DA:4891,0
DA:4892,0
DA:4893,0
DA:4895,134
DA:4896,134
DA:4897,134
DA:4899,134
DA:4901,271
DA:4902,143
DA:4903,143
DA:4904,143
DA:4905,143
DA:4906,0
DA:4907,0
DA:4908,0
DA:4909,0
DA:4910,0
DA:4911,0
DA:4912,0
DA:4913,0
DA:4914,0
DA:4915,0
DA:4916,143
DA:4917,143
DA:4919,143
DA:4920,143
DA:4921,6
DA:4922,6
DA:4923,6
DA:4924,0
DA:4925,0
DA:4926,0
DA:4927,0
DA:4928,0
DA:4929,0
DA:4930,6
DA:4931,6
DA:4932,143
DA:4934,259
DA:4935,131
DA:4936,131
DA:4937,0
DA:4938,0
DA:4939,0
DA:4940,0
DA:4941,0
DA:4942,0
DA:4943,0
DA:4944,0
DA:4945,0
DA:4946,0
DA:4947,131
DA:4949,256
DA:4950,128
DA:4951,128
DA:4952,0
DA:4953,0
DA:4954,0
DA:4955,128
DA:4956,128
DA:4957,128
DA:4964,0
DA:4965,0
DA:4966,0
DA:4969,0
DA:4970,0
DA:4971,0
DA:4972,0
DA:4973,0
DA:4974,0
DA:4975,0
DA:4976,0
DA:4977,0
DA:4980,0
DA:4981,0
DA:4982,0
DA:4983,0
DA:4984,0
DA:4985,0
DA:4986,0
DA:4987,0
DA:4988,0
DA:4991,0
DA:4992,0
DA:4993,0
DA:4994,0
DA:4995,0
DA:4996,0
DA:4997,0
DA:4998,0
DA:4999,0
DA:5000,0
DA:5001,0
DA:5002,0
DA:5003,0
DA:5004,0
DA:5005,0
DA:5008,0
DA:5009,0
DA:5012,0
DA:5013,0
DA:5014,0
DA:5015,0
DA:5016,0
DA:5017,0
DA:5018,0
DA:5019,0
DA:5020,0
DA:5021,0
DA:5022,0
DA:5023,0
DA:5024,0
DA:5025,0
DA:5026,0
DA:5029,0
DA:5030,0
DA:5031,0
DA:5032,0
DA:5033,0
DA:5034,0
DA:5035,0
DA:5036,0
DA:5037,0
DA:5038,0
DA:5039,0
DA:5040,0
DA:5041,0
DA:5042,0
DA:5043,0
DA:5046,0
DA:5049,0
[...]
DA:866,49513
DA:867,49513
DA:868,49513
DA:869,49513
DA:870,49513
DA:871,49513
DA:872,49513
DA:873,49513
DA:874,49513
DA:875,49513
DA:876,49513
DA:877,49513
DA:878,49513
DA:879,49513
DA:880,49513
DA:881,49513
DA:882,49513
DA:883,49513
DA:884,49513
DA:885,49513
DA:886,49513
DA:887,49513
DA:888,49513
DA:889,49513
DA:890,49513
DA:891,49513
DA:892,49513
DA:893,49513
DA:894,49513
DA:895,49513
DA:896,49513
DA:897,49513
DA:898,49513
DA:899,49513
DA:900,49513
DA:901,49513
DA:902,49513
DA:903,49513
DA:904,49513
DA:905,49513
DA:906,49513
DA:907,49513
DA:908,49513
DA:909,49513
DA:910,49513
DA:911,49513
DA:912,49513
DA:913,49513
DA:914,49513
DA:915,49513
DA:919,49513
DA:920,49513
DA:921,49513
DA:924,49513
DA:925,49513
DA:926,49513
DA:929,49513
DA:930,49513
DA:937,13870018
DA:938,13870018
DA:939,13870018
DA:940,13870018
DA:941,13870018
DA:943,13870018
DA:944,0
DA:945,0
DA:947,13870018
DA:948,13870018
DA:949,0
DA:950,0
DA:952,13870018
DA:953,13870018
DA:954,1222988
DA:955,1222988
DA:956,1222988
DA:957,1222988
DA:958,13870018
DA:959,13870018
DA:960,13870018
DA:961,13870018
DA:962,13870018
DA:964,13870018
DA:965,13870018
DA:968,6343341
DA:969,6343341
DA:971,6343341
DA:972,6343341
DA:973,6343341
DA:974,6343341
DA:975,6343341
DA:976,6343341
DA:979,7526677
DA:980,7526677
DA:983,7526677
DA:984,7526677
DA:986,7526677
DA:987,0
DA:988,0
DA:990,7526677
DA:991,7526677
DA:992,7526677
DA:993,6588193
DA:994,6588193
DA:995,6588193
DA:999,938484
DA:1000,938484
DA:1001,938484
DA:1010,743396
DA:1012,743396
DA:1014,743396
DA:1015,0
DA:1016,0
DA:1017,0
DA:1018,0
DA:1021,743396
DA:1023,743396
DA:1026,743396
DA:1027,0
DA:1028,0
DA:1029,0
DA:1030,0
DA:1031,0
DA:1035,743396
DA:1036,743396
DA:1037,0
DA:1038,0
DA:1039,0
DA:1040,0
DA:1042,743396
DA:1043,743396
DA:1044,743396
DA:1046,743396
DA:1047,0
DA:1048,0
DA:1051,743396
DA:1052,743396
DA:1053,0
DA:1054,0
DA:1055,0
DA:1056,0
DA:1057,0
DA:1060,743396
DA:1063,743396
DA:1064,743396
DA:1066,743396
DA:1067,743396
DA:1070,6343341
DA:1071,6343341
DA:1073,6343341
DA:1074,6343341
DA:1075,5599945
DA:1076,5599945
DA:1078,743396
DA:1079,743396
DA:1081,743396
DA:1083,743396
DA:1084,743396
DA:1087,5888126
DA:1088,5888126
DA:1089,5888126
DA:1105,6
DA:1106,6
DA:1109,6
DA:1110,0
DA:1111,0
DA:1114,6
DA:1115,6
DA:1116,6
DA:1118,6
DA:1119,6
DA:1123,0
DA:1124,0
DA:1127,0
DA:1128,0
DA:1129,0
DA:1132,0
DA:1133,0
DA:1134,0
DA:1135,0
DA:1136,0
DA:1141,1421
DA:1142,1421
DA:1144,1421
BRDA:27,0,0,-
BRDA:27,0,1,-
BRDA:27,1,2,-
BRDA:27,1,3,-
BRDA:309,0,0,0
BRDA:309,0,1,11572431
BRDA:312,0,0,6412252
BRDA:312,0,1,5160179
BRDA:312,1,2,4302304
BRDA:312,1,3,2109948
BRDA:319,0,0,0
BRDA:319,0,1,11572431
BRDA:321,0,0,4302304
BRDA:321,0,1,7270127
BRDA:324,0,0,7270127
BRDA:324,0,1,0
BRDA:324,1,2,49581
BRDA:324,1,3,7220546
BRDA:612,0,0,1287338
BRDA:612,0,1,49513
BRDA:860,0,0,49513
BRDA:860,0,1,0
BRDA:863,0,0,49513
BRDA:863,0,1,0
BRDA:866,0,0,49513
BRDA:866,0,1,0
BRDA:869,0,0,49513
BRDA:869,0,1,0
BRDA:872,0,0,49513
BRDA:872,0,1,0
BRDA:875,0,0,49513
BRDA:875,0,1,0
BRDA:878,0,0,49513
BRDA:878,0,1,0
BRDA:881,0,0,49513
BRDA:881,0,1,0
BRDA:884,0,0,49513
BRDA:884,0,1,0
BRDA:887,0,0,49513
BRDA:887,0,1,0
BRDA:890,0,0,49513
BRDA:890,0,1,0
BRDA:893,0,0,49513
BRDA:893,0,1,0
BRDA:896,0,0,49513
BRDA:896,0,1,0
BRDA:899,0,0,49513
BRDA:899,0,1,0
BRDA:902,0,0,49513
BRDA:902,0,1,0
BRDA:905,0,0,49513
BRDA:905,0,1,0
BRDA:909,0,0,49513
BRDA:909,0,1,0
BRDA:913,0,0,49513
BRDA:913,0,1,0
BRDA:919,0,0,49513
BRDA:919,0,1,0
BRDA:924,0,0,49513
BRDA:924,0,1,0
BRDA:938,0,0,1222988
BRDA:938,0,1,12647030
BRDA:938,1,2,1222988
BRDA:938,1,3,0
BRDA:939,0,0,1222988
BRDA:939,0,1,12647030
BRDA:940,0,0,13870018
BRDA:940,0,1,0
BRDA:941,0,0,1222988
BRDA:941,0,1,12647030
BRDA:943,0,0,0
BRDA:943,0,1,13870018
BRDA:948,0,0,0
BRDA:948,0,1,13870018
BRDA:953,0,0,1222988
BRDA:953,0,1,12647030
BRDA:958,0,0,13870018
BRDA:958,0,1,0
BRDA:969,0,0,0
BRDA:969,0,1,6343341
BRDA:969,1,2,0
BRDA:969,1,3,6343341
BRDA:972,0,0,0
BRDA:972,0,1,6343341
BRDA:974,0,0,6343341
BRDA:974,0,1,0
BRDA:974,1,2,6343341
BRDA:974,1,3,0
BRDA:975,0,0,743396
BRDA:975,0,1,5599945
BRDA:980,0,0,0
BRDA:980,0,1,7526677
BRDA:980,1,2,0
BRDA:980,1,3,7526677
BRDA:986,0,0,0
BRDA:986,0,1,7526677
BRDA:991,0,0,0
BRDA:991,0,1,7526677
BRDA:992,0,0,6588193
BRDA:992,0,1,938484
BRDA:993,0,0,6588193
BRDA:993,0,1,0
BRDA:993,1,2,6588193
BRDA:993,1,3,0
BRDA:1000,0,0,938484
BRDA:1000,0,1,0
BRDA:1000,1,2,938484
BRDA:1000,1,3,0
BRDA:1012,0,0,743396
BRDA:1012,0,1,0
BRDA:1012,1,2,743396
BRDA:1012,1,3,0
BRDA:1014,0,0,0
BRDA:1014,0,1,743396
BRDA:1021,0,0,743396
BRDA:1021,0,1,0
BRDA:1021,1,2,743396
BRDA:1021,1,3,0
BRDA:1026,0,0,0
BRDA:1026,0,1,743396
BRDA:1036,0,0,0
BRDA:1036,0,1,743396
BRDA:1046,0,0,713279
BRDA:1046,0,1,30117
BRDA:1046,1,2,0
BRDA:1046,1,3,713279
BRDA:1046,2,4,-
BRDA:1046,2,5,-
BRDA:1052,0,0,0
BRDA:1052,0,1,743396
BRDA:1060,0,0,743396
BRDA:1060,0,1,0
BRDA:1060,1,2,743396
BRDA:1060,1,3,0
BRDA:1071,0,0,0
BRDA:1071,0,1,6343341
BRDA:1074,0,0,5599945
BRDA:1074,0,1,743396
BRDA:1079,0,0,0
BRDA:1079,0,1,743396
BRDA:1106,0,0,0
BRDA:1106,0,1,6
BRDA:1109,0,0,0
BRDA:1109,0,1,6
BRDA:1114,0,0,0
BRDA:1114,0,1,6
BRDA:1116,0,0,0
BRDA:1116,0,1,6
BRDA:1116,1,2,0
BRDA:1116,1,3,6
BRDA:1124,0,0,-
BRDA:1124,0,1,-
BRDA:1127,0,0,-
BRDA:1127,0,1,-
BRDA:1132,0,0,-
BRDA:1132,0,1,-
BRDA:1134,0,0,-
BRDA:1134,0,1,-
BRDA:1134,1,2,-
BRDA:1134,1,3,-
BRDA:1142,0,0,1421
BRDA:1142,0,1,0
BRDA:1142,1,2,1421
BRDA:1142,1,3,0
BRF:164
BRH:87
LF:367
LH:326
end_of_record
SF:/Users/theisen/Projects/tiny-clj/src/symbol_token.c
FN:8,make_symbol_token_with_loc
FN:26,make_symbol_token
FNDA:0,make_symbol_token_with_loc
FNDA:0,make_symbol_token
FNF:2
FNH:0
DA:8,0
DA:9,0
DA:11,0
DA:12,0
DA:13,0
DA:15,0
DA:16,0
DA:17,0
DA:18,0
DA:19,0
DA:20,0
DA:22,0
DA:23,0
DA:26,0
DA:27,0
DA:28,0
BRDA:9,0,0,-
BRDA:9,0,1,-
BRDA:11,0,0,-
BRDA:11,0,1,-
BRDA:11,1,2,-
BRDA:11,1,3,-
BRDA:13,0,0,-
BRDA:13,0,1,-
BRDA:13,1,2,-
BRDA:13,1,3,-
BRDA:13,2,4,-
BRDA:13,2,5,-
BRF:12
BRH:0
LF:16
LH:0
end_of_record
SF:/Users/theisen/Projects/tiny-clj/src/to_string.c
FN:132,strings_set_special_form_rendering
FN:138,strings_get_special_form_rendering
FN:148,strings_clear_special_forms
FN:152,strings_register_special_form
FN:813,to_string
FN:817,to_string_with_escape
FN:842,pr_str
FN:846,print_str
FN:157,to_string.c:to_string_calc_length
FN:103,to_string.c:hex_len_no_prefix_uintptr
FN:80,to_string.c:write_hex_no_prefix_uintptr
FN:125,to_string.c:format_instant_iso_utc
FN:421,to_string.c:to_string_build_string
FN:68,to_string.c:append_int32
FN:48,to_string.c:append_bytes
FN:74,to_string.c:append_fixed2
FN:59,to_string.c:append_cstr
FN:63,to_string.c:append_char
FN:108,to_string.c:append_ptr_hex
FN:115,to_string.c:append_byte_hex2
FNDA:0,strings_set_special_form_rendering
FNDA:0,strings_get_special_form_rendering
FNDA:0,strings_clear_special_forms
FNDA:0,strings_register_special_form
FNDA:28,to_string
FNDA:31,to_string_with_escape
FNDA:3,pr_str
FNDA:0,print_str
FNDA:35,to_string.c:to_string_calc_length
FNDA:0,to_string.c:hex_len_no_prefix_uintptr
FNDA:0,to_string.c:write_hex_no_prefix_uintptr
FNDA:0,to_string.c:format_instant_iso_utc
FNDA:35,to_string.c:to_string_build_string
FNDA:0,to_string.c:append_int32
FNDA:0,to_string.c:append_bytes
FNDA:0,to_string.c:append_fixed2
FNDA:0,to_string.c:append_cstr
FNDA:0,to_string.c:append_char
FNDA:0,to_string.c:append_ptr_hex
FNDA:0,to_string.c:append_byte_hex2
FNF:20
FNH:5
DA:48,0
DA:49,0
DA:50,0
DA:51,0
DA:52,0
DA:53,0
DA:54,0
DA:55,0
DA:56,0
DA:57,0
DA:59,0
DA:60,0
DA:61,0
DA:63,0
DA:64,0
DA:65,0
DA:66,0
DA:68,0
DA:69,0
DA:70,0
DA:71,0
DA:72,0
DA:74,0
DA:75,0
DA:76,0
DA:77,0
DA:78,0
DA:80,0
DA:81,0
DA:82,0
DA:83,0
DA:85,0
DA:86,0
DA:87,0
DA:88,0
DA:89,0
DA:90,0
DA:91,0
DA:92,0
DA:93,0
DA:94,0
DA:96,0
DA:97,0
DA:98,0
DA:100,0
DA:101,0
DA:103,0
DA:104,0
DA:105,0
DA:106,0
DA:108,0
DA:109,0
DA:110,0
DA:111,0
DA:112,0
DA:113,0
DA:115,0
DA:116,0
DA:117,0
DA:118,0
DA:119,0
DA:120,0
DA:121,0
DA:122,0
DA:125,0
DA:126,0
DA:127,0
DA:132,0
DA:133,0
DA:134,0
DA:135,0
DA:136,0
DA:138,0
DA:139,0
DA:140,0
DA:148,0
DA:150,0
DA:152,0
DA:153,0
DA:154,0
DA:157,35
DA:158,35
DA:159,0
DA:160,0
DA:162,35
DA:163,35
DA:164,6
DA:165,0
DA:166,0
DA:167,0
DA:168,6
DA:169,6
DA:170,6
DA:171,0
DA:172,6
DA:173,0
DA:174,6
DA:175,6
DA:176,0
DA:177,0
DA:178,0
DA:179,0
DA:180,0
DA:181,0
DA:182,0
DA:183,0
DA:185,29
DA:186,3
DA:187,3
DA:188,3
DA:189,0
DA:190,0
DA:191,3
DA:192,3
DA:194,3
DA:195,3
DA:196,3
DA:199,3
DA:200,0
DA:201,0
DA:206,3
DA:207,3
DA:208,3
DA:209,3
DA:210,3
DA:211,3
DA:212,0
DA:213,3
DA:215,4
DA:216,4
DA:217,4
DA:218,4
DA:219,4
DA:220,4
DA:221,4
DA:222,4
DA:223,4
DA:224,8
DA:225,4
DA:226,4
DA:227,4
DA:228,4
DA:229,4
DA:230,0
DA:231,0
DA:232,4
DA:233,4
DA:235,0
DA:236,0
DA:237,0
DA:238,0
DA:239,0
DA:240,0
DA:242,0
DA:243,0
DA:244,0
DA:245,0
DA:246,0
DA:247,0
DA:249,0
DA:250,0
DA:251,0
DA:252,0
DA:253,0
DA:254,0
DA:255,0
DA:256,0
DA:257,0
DA:258,0
DA:259,0
DA:260,0
DA:261,0
DA:262,0
DA:263,0
DA:264,0
DA:265,0
DA:266,0
DA:268,0
DA:269,0
DA:270,0
DA:271,0
DA:272,0
DA:274,0
DA:276,0
DA:277,0
DA:280,0
DA:281,0
DA:282,0
DA:283,0
DA:284,0
DA:285,0
DA:286,0
DA:287,0
DA:289,0
DA:290,0
DA:291,0
DA:292,0
DA:293,0
DA:294,0
DA:295,0
DA:296,0
DA:297,0
DA:298,0
DA:299,0
DA:300,0
DA:301,0
DA:302,0
DA:303,0
DA:304,0
DA:305,0
DA:307,0
DA:308,0
DA:309,0
DA:310,0
DA:311,0
DA:316,0
DA:317,0
DA:318,0
DA:319,0
DA:320,0
DA:321,0
DA:322,0
DA:324,0
DA:327,0
DA:328,0
DA:329,0
DA:330,0
DA:331,0
DA:333,0
DA:334,0
DA:335,0
DA:336,0
DA:337,0
DA:339,0
DA:340,0
DA:342,0
DA:343,0
DA:344,0
DA:345,0
DA:346,0
DA:347,0
DA:348,0
DA:350,0
DA:351,0
DA:352,0
DA:353,0
DA:354,0
DA:356,0
DA:358,0
DA:359,0
DA:361,0
DA:362,0
DA:364,0
DA:365,0
DA:367,0
DA:368,0
DA:369,0
DA:370,0
DA:371,0
DA:372,0
DA:373,0
DA:374,0
DA:375,0
DA:376,0
DA:377,0
DA:379,0
DA:380,0
DA:381,0
DA:382,0
DA:383,0
DA:384,0
DA:385,0
DA:386,0
DA:387,0
DA:389,16
DA:390,16
DA:391,16
DA:393,16
DA:394,0
DA:396,0
DA:397,0
DA:398,0
DA:399,0
DA:400,0
DA:402,0
DA:403,0
DA:404,0
DA:405,0
DA:406,0
DA:408,3
DA:409,3
DA:410,3
DA:411,3
DA:412,3
DA:413,0
DA:414,3
DA:416,0
DA:417,0
DA:418,29
DA:419,29
DA:421,35
DA:422,35
DA:423,0
DA:424,0
DA:425,0
DA:426,0
DA:428,35
DA:429,35
DA:430,6
DA:431,0
DA:432,0
DA:433,0
DA:436,6
DA:437,6
DA:438,6
DA:439,0
DA:440,0
DA:441,0
DA:442,0
DA:443,6
DA:444,6
DA:445,6
DA:446,6
DA:447,0
DA:448,0
DA:449,0
DA:450,0
DA:451,6
DA:452,6
DA:453,0
DA:454,0
DA:455,0
DA:456,0
DA:457,0
DA:458,0
DA:459,0
DA:460,0
DA:461,0
DA:462,0
DA:464,29
DA:465,3
DA:466,3
DA:467,3
DA:468,0
DA:469,3
DA:470,3
DA:471,3
DA:472,3
DA:473,3
DA:474,0
DA:476,3
DA:477,3
DA:478,3
DA:479,0
DA:480,0
DA:481,0
DA:482,0
DA:484,3
DA:485,0
DA:486,0
DA:487,0
DA:488,0
DA:489,0
DA:490,0
DA:491,0
DA:492,0
DA:493,0
DA:497,3
DA:498,3
DA:499,3
DA:500,3
DA:501,3
DA:502,3
DA:503,3
DA:504,3
DA:505,3
DA:506,3
DA:507,3
DA:508,3
DA:509,3
DA:510,3
DA:511,3
DA:513,4
DA:514,4
DA:515,4
DA:516,4
DA:517,4
DA:518,4
DA:519,4
DA:520,0
DA:521,0
DA:522,0
DA:523,4
DA:524,4
DA:525,4
DA:526,4
DA:527,8
DA:528,4
DA:529,4
DA:530,0
DA:531,0
DA:532,0
DA:533,4
DA:534,4
DA:535,4
DA:536,4
DA:537,4
DA:538,0
DA:539,0
DA:540,0
DA:541,4
DA:542,4
DA:544,0
DA:545,0
DA:546,0
DA:547,0
DA:548,0
DA:549,0
DA:550,0
DA:552,0
DA:553,0
DA:554,0
DA:555,0
DA:556,0
DA:557,0
DA:558,0
DA:559,0
DA:560,0
DA:561,0
DA:562,0
DA:564,0
DA:565,0
DA:566,0
DA:567,0
DA:568,0
DA:569,0
DA:570,0
DA:571,0
DA:572,0
DA:573,0
DA:574,0
DA:575,0
DA:576,0
DA:577,0
DA:578,0
DA:579,0
DA:580,0
DA:581,0
DA:582,0
DA:583,0
DA:584,0
DA:585,0
DA:586,0
DA:587,0
DA:588,0
DA:589,0
DA:590,0
DA:591,0
DA:592,0
DA:593,0
DA:595,0
DA:596,0
DA:597,0
DA:598,0
DA:599,0
DA:601,0
DA:603,0
DA:604,0
DA:607,0
DA:608,0
DA:609,0
DA:610,0
DA:611,0
DA:612,0
DA:613,0
DA:614,0
DA:615,0
DA:616,0
DA:617,0
DA:618,0
DA:619,0
DA:620,0
DA:621,0
DA:622,0
DA:623,0
DA:625,0
DA:626,0
DA:627,0
DA:628,0
DA:629,0
DA:630,0
DA:631,0
DA:632,0
DA:633,0
DA:634,0
DA:635,0
DA:636,0
DA:637,0
DA:638,0
DA:639,0
DA:640,0
DA:641,0
DA:642,0
DA:643,0
DA:644,0
DA:645,0
DA:647,0
DA:648,0
DA:649,0
DA:650,0
DA:651,0
DA:652,0
DA:655,0
DA:656,0
DA:657,0
DA:658,0
DA:659,0
DA:660,0
DA:661,0
DA:663,0
DA:664,0
DA:665,0
DA:666,0
DA:668,0
DA:669,0
DA:670,0
DA:671,0
DA:672,0
DA:673,0
DA:674,0
DA:675,0
DA:677,0
DA:678,0
DA:679,0
DA:680,0
DA:681,0
DA:682,0
DA:683,0
DA:685,0
DA:686,0
DA:688,0
DA:689,0
DA:690,0
DA:691,0
DA:692,0
DA:693,0
DA:694,0
DA:695,0
DA:696,0
DA:697,0
DA:698,0
DA:699,0
DA:701,0
DA:702,0
DA:703,0
DA:704,0
DA:705,0
DA:706,0
DA:708,0
DA:709,0
DA:710,0
DA:711,0
DA:712,0
DA:713,0
DA:714,0
DA:715,0
DA:717,0
DA:718,0
DA:719,0
DA:720,0
DA:721,0
DA:723,0
DA:724,0
DA:725,0
DA:726,0
DA:727,0
DA:728,0
DA:729,0
DA:730,0
DA:731,0
DA:732,0
DA:733,0
DA:734,0
DA:735,0
DA:736,0
DA:737,0
DA:739,0
DA:740,0
DA:741,0
DA:742,0
DA:743,0
DA:744,0
DA:745,0
DA:746,0
DA:747,0
DA:748,0
DA:749,0
DA:750,0
DA:751,0
DA:752,0
DA:753,0
DA:755,0
DA:756,0
DA:757,0
DA:758,0
DA:759,0
DA:760,0
DA:761,0
DA:762,0
DA:763,0
DA:764,0
DA:765,0
DA:766,0
DA:767,0
DA:768,0
DA:769,0
DA:770,0
DA:771,0
DA:772,0
DA:773,0
DA:775,3
DA:776,3
DA:777,3
DA:778,0
DA:779,0
DA:780,0
DA:781,0
DA:783,3
DA:784,3
DA:785,3
DA:786,3
DA:787,3
DA:788,3
DA:790,16
DA:791,16
DA:792,16
DA:794,16
DA:795,16
DA:796,16
DA:797,16
DA:798,16
DA:799,16
DA:800,16
DA:801,16
DA:802,16
DA:803,16
DA:804,3
DA:806,0
DA:807,0
DA:808,0
DA:809,0
DA:810,29
DA:811,29
DA:813,28
DA:814,28
DA:815,28
DA:817,31
DA:818,31
DA:821,31
DA:823,31
DA:824,31
DA:825,31
DA:827,31
DA:828,0
DA:829,0
DA:830,0
DA:831,0
DA:832,0
DA:833,0
DA:834,0
DA:835,31
DA:836,31
DA:837,31
DA:839,31
DA:840,31
DA:842,3
DA:843,3
DA:844,3
DA:846,0
DA:848,0
BRDA:49,0,0,-
BRDA:49,0,1,-
BRDA:49,1,2,-
BRDA:49,1,3,-
BRDA:53,0,0,-
BRDA:53,0,1,-
BRDA:53,1,2,-
BRDA:53,1,3,-
BRDA:85,0,0,-
BRDA:85,0,1,-
BRDA:87,0,0,-
BRDA:87,0,1,-
BRDA:88,0,0,-
BRDA:88,0,1,-
BRDA:88,1,2,-
BRDA:88,1,3,-
BRDA:96,0,0,-
BRDA:96,0,1,-
BRDA:158,0,0,0
BRDA:158,0,1,35
BRDA:163,0,0,6
BRDA:163,0,1,29
BRDA:164,0,0,0
BRDA:164,0,1,6
BRDA:168,0,0,6
BRDA:168,0,1,0
BRDA:171,0,0,0
BRDA:171,0,1,6
BRDA:172,0,0,6
BRDA:172,0,1,0
BRDA:173,0,0,0
BRDA:173,0,1,6
BRDA:176,0,0,-
BRDA:176,0,1,-
BRDA:180,0,0,-
BRDA:180,0,1,-
BRDA:186,0,0,3
BRDA:186,0,1,26
BRDA:188,0,0,0
BRDA:188,0,1,3
BRDA:194,0,0,3
BRDA:194,0,1,26
BRDA:196,0,0,0
BRDA:196,0,1,3
BRDA:199,0,0,3
BRDA:199,0,1,0
BRDA:199,1,2,0
BRDA:199,1,3,3
BRDA:206,0,0,3
BRDA:206,0,1,0
BRDA:206,1,2,3
BRDA:206,1,3,0
BRDA:208,0,0,3
BRDA:208,0,1,0
BRDA:208,1,2,3
BRDA:208,1,3,0
BRDA:215,0,0,4
BRDA:215,0,1,25
BRDA:216,0,0,0
BRDA:216,0,1,29
BRDA:218,0,0,0
BRDA:218,0,1,4
BRDA:224,0,0,4
BRDA:224,0,1,4
BRDA:224,1,2,8
BRDA:224,1,3,0
BRDA:224,2,4,4
BRDA:224,2,5,4
BRDA:224,3,6,4
BRDA:224,3,7,4
BRDA:226,0,0,0
BRDA:226,0,1,4
BRDA:229,0,0,0
BRDA:229,0,1,4
BRDA:235,0,0,0
BRDA:235,0,1,29
BRDA:236,0,0,0
BRDA:236,0,1,29
BRDA:239,0,0,-
BRDA:239,0,1,-
BRDA:239,1,2,-
BRDA:239,1,3,-
BRDA:239,2,4,-
BRDA:239,2,5,-
BRDA:239,3,6,-
BRDA:239,3,7,-
BRDA:239,4,8,-
BRDA:239,4,9,-
BRDA:240,0,0,-
BRDA:240,0,1,-
BRDA:242,0,0,-
BRDA:242,0,1,-
BRDA:249,0,0,0
BRDA:249,0,1,29
BRDA:250,0,0,0
BRDA:250,0,1,29
BRDA:254,0,0,-
BRDA:254,0,1,-
BRDA:254,1,2,-
BRDA:254,1,3,-
BRDA:254,2,4,-
BRDA:254,2,5,-
BRDA:254,3,6,-
BRDA:254,3,7,-
BRDA:255,0,0,-
BRDA:255,0,1,-
BRDA:256,0,0,-
BRDA:256,0,1,-
BRDA:262,0,0,-
BRDA:262,0,1,-
BRDA:268,0,0,0
BRDA:268,0,1,29
BRDA:270,0,0,-
BRDA:270,0,1,-
BRDA:270,1,2,-
BRDA:270,1,3,-
BRDA:274,0,0,-
BRDA:274,0,1,-
BRDA:277,0,0,-
BRDA:277,0,1,-
BRDA:277,1,2,-
BRDA:277,1,3,-
BRDA:277,2,4,-
BRDA:277,2,5,-
BRDA:280,0,0,-
BRDA:280,0,1,-
BRDA:289,0,0,0
BRDA:289,0,1,29
BRDA:291,0,0,-
BRDA:291,0,1,-
BRDA:291,1,2,-
BRDA:291,1,3,-
BRDA:291,2,4,-
BRDA:291,2,5,-
BRDA:294,0,0,-
BRDA:294,0,1,-
BRDA:296,0,0,-
BRDA:296,0,1,-
BRDA:296,1,2,-
BRDA:296,1,3,-
BRDA:296,2,4,-
BRDA:296,2,5,-
BRDA:298,0,0,-
BRDA:298,0,1,-
BRDA:307,0,0,0
BRDA:307,0,1,29
BRDA:316,0,0,-
BRDA:316,0,1,-
BRDA:320,0,0,-
BRDA:320,0,1,-
BRDA:320,1,2,-
BRDA:320,1,3,-
BRDA:324,0,0,-
BRDA:324,0,1,-
BRDA:339,0,0,-
BRDA:339,0,1,-
BRDA:342,0,0,-
BRDA:342,0,1,-
BRDA:350,0,0,0
BRDA:350,0,1,29
BRDA:356,0,0,-
BRDA:356,0,1,-
BRDA:364,0,0,0
BRDA:364,0,1,29
BRDA:370,0,0,-
BRDA:370,0,1,-
BRDA:379,0,0,0
BRDA:379,0,1,29
BRDA:381,0,0,-
BRDA:381,0,1,-
BRDA:384,0,0,-
BRDA:384,0,1,-
BRDA:389,0,0,16
BRDA:389,0,1,13
BRDA:396,0,0,0
BRDA:396,0,1,29
BRDA:402,0,0,0
BRDA:402,0,1,29
BRDA:408,0,0,3
BRDA:408,0,1,26
BRDA:410,0,0,3
BRDA:410,0,1,0
BRDA:410,1,2,3
BRDA:410,1,3,0
BRDA:410,2,4,3
BRDA:410,2,5,0
BRDA:416,0,0,0
BRDA:416,0,1,29
BRDA:422,0,0,0
BRDA:422,0,1,35
BRDA:429,0,0,6
BRDA:429,0,1,29
BRDA:430,0,0,0
BRDA:430,0,1,6
BRDA:436,0,0,6
BRDA:436,0,1,0
BRDA:439,0,0,0
BRDA:439,0,1,6
BRDA:443,0,0,6
BRDA:443,0,1,0
BRDA:447,0,0,0
BRDA:447,0,1,6
BRDA:453,0,0,-
BRDA:453,0,1,-
BRDA:457,0,0,-
BRDA:457,0,1,-
BRDA:465,0,0,3
BRDA:465,0,1,26
BRDA:467,0,0,0
BRDA:467,0,1,3
BRDA:476,0,0,3
BRDA:476,0,1,26
BRDA:478,0,0,0
BRDA:478,0,1,3
BRDA:484,0,0,3
BRDA:484,0,1,0
BRDA:484,1,2,0
BRDA:484,1,3,3
BRDA:497,0,0,3
BRDA:497,0,1,0
BRDA:497,1,2,3
BRDA:497,1,3,0
BRDA:499,0,0,3
BRDA:499,0,1,0
BRDA:499,1,2,3
BRDA:499,1,3,0
BRDA:513,0,0,4
BRDA:513,0,1,25
BRDA:514,0,0,0
BRDA:514,0,1,29
BRDA:516,0,0,0
BRDA:516,0,1,4
BRDA:519,0,0,0
BRDA:519,0,1,4
BRDA:527,0,0,4
BRDA:527,0,1,4
BRDA:527,1,2,8
BRDA:527,1,3,0
BRDA:527,2,4,4
BRDA:527,2,5,4
BRDA:527,3,6,4
BRDA:527,3,7,4
BRDA:529,0,0,0
BRDA:529,0,1,4
BRDA:537,0,0,0
BRDA:537,0,1,4
BRDA:544,0,0,0
BRDA:544,0,1,29
BRDA:545,0,0,0
BRDA:545,0,1,29
BRDA:549,0,0,-
BRDA:549,0,1,-
BRDA:549,1,2,-
BRDA:549,1,3,-
BRDA:549,2,4,-
BRDA:549,2,5,-
BRDA:549,3,6,-
BRDA:549,3,7,-
BRDA:549,4,8,-
BRDA:549,4,9,-
BRDA:550,0,0,-
BRDA:550,0,1,-
BRDA:552,0,0,-
BRDA:552,0,1,-
BRDA:564,0,0,0
BRDA:564,0,1,29
BRDA:565,0,0,0
BRDA:565,0,1,29
BRDA:567,0,0,-
BRDA:567,0,1,-
BRDA:574,0,0,-
BRDA:574,0,1,-
BRDA:574,1,2,-
BRDA:574,1,3,-
BRDA:574,2,4,-
BRDA:574,2,5,-
BRDA:574,3,6,-
BRDA:574,3,7,-
BRDA:575,0,0,-
BRDA:575,0,1,-
BRDA:576,0,0,-
BRDA:576,0,1,-
BRDA:588,0,0,-
BRDA:588,0,1,-
BRDA:595,0,0,0
BRDA:595,0,1,29
BRDA:597,0,0,-
BRDA:597,0,1,-
BRDA:597,1,2,-
BRDA:597,1,3,-
BRDA:601,0,0,-
BRDA:601,0,1,-
BRDA:604,0,0,-
BRDA:604,0,1,-
BRDA:604,1,2,-
BRDA:604,1,3,-
BRDA:604,2,4,-
BRDA:604,2,5,-
BRDA:607,0,0,-
BRDA:607,0,1,-
BRDA:625,0,0,0
BRDA:625,0,1,29
BRDA:627,0,0,-
BRDA:627,0,1,-
BRDA:627,1,2,-
BRDA:627,1,3,-
BRDA:627,2,4,-
BRDA:627,2,5,-
BRDA:630,0,0,-
BRDA:630,0,1,-
BRDA:632,0,0,-
BRDA:632,0,1,-
BRDA:632,1,2,-
BRDA:632,1,3,-
BRDA:632,2,4,-
BRDA:632,2,5,-
BRDA:634,0,0,-
BRDA:634,0,1,-
BRDA:647,0,0,0
BRDA:647,0,1,29
BRDA:655,0,0,-
BRDA:655,0,1,-
BRDA:659,0,0,-
BRDA:659,0,1,-
BRDA:659,1,2,-
BRDA:659,1,3,-
BRDA:663,0,0,-
BRDA:663,0,1,-
BRDA:685,0,0,-
BRDA:685,0,1,-
BRDA:688,0,0,-
BRDA:688,0,1,-
BRDA:701,0,0,0
BRDA:701,0,1,29
BRDA:708,0,0,0
BRDA:708,0,1,29
BRDA:717,0,0,0
BRDA:717,0,1,29
BRDA:723,0,0,-
BRDA:723,0,1,-
BRDA:739,0,0,0
BRDA:739,0,1,29
BRDA:744,0,0,-
BRDA:744,0,1,-
BRDA:755,0,0,0
BRDA:755,0,1,29
BRDA:758,0,0,-
BRDA:758,0,1,-
BRDA:759,0,0,-
BRDA:759,0,1,-
BRDA:760,0,0,-
BRDA:760,0,1,-
BRDA:766,0,0,-
BRDA:766,0,1,-
BRDA:775,0,0,3
BRDA:775,0,1,26
BRDA:777,0,0,0
BRDA:777,0,1,3
BRDA:777,1,2,0
BRDA:777,1,3,3
BRDA:777,2,4,0
BRDA:777,2,5,3
BRDA:790,0,0,16
BRDA:790,0,1,13
BRDA:806,0,0,0
BRDA:806,0,1,29
BRDA:821,0,0,31
BRDA:821,0,1,0
BRDA:821,1,2,0
BRDA:821,1,3,28
BRDA:821,2,4,0
BRDA:821,2,5,28
BRDA:821,3,6,31
BRDA:821,3,7,0
BRDA:821,4,8,-
BRDA:821,4,9,-
BRDA:821,5,10,-
BRDA:821,5,11,-
BRDA:821,6,12,-
BRDA:821,6,13,-
BRDA:821,7,14,-
BRDA:821,7,15,-
BRDA:821,8,16,28
BRDA:821,8,17,3
BRDA:827,0,0,0
BRDA:827,0,1,31
BRDA:831,0,0,-
BRDA:831,0,1,-
BRDA:832,0,0,-
BRDA:832,0,1,-
BRDA:832,1,2,-
BRDA:832,1,3,-
BRF:392
BRH:114
LF:676
LH:161
end_of_record
SF:/Users/theisen/Projects/tiny-clj/src/validation.c
FN:15,validate_arity
FN:37,validate_min_arity
FN:51,throw_index_out_of_bounds
FNDA:0,validate_arity
FNDA:0,validate_min_arity
FNDA:0,throw_index_out_of_bounds
FNF:3
FNH:0
DA:15,0
DA:16,0
DA:17,0
DA:18,0
DA:19,0
DA:20,0
DA:21,0
DA:22,0
DA:23,0
DA:24,0
DA:37,0
DA:38,0
DA:39,0
DA:40,0
DA:41,0
DA:42,0
DA:43,0
DA:44,0
DA:45,0
DA:46,0
DA:51,0
DA:52,0
DA:53,0
DA:54,0
DA:55,0
BRDA:16,0,0,-
BRDA:16,0,1,-
BRDA:20,0,0,-
BRDA:20,0,1,-
BRDA:38,0,0,-
BRDA:38,0,1,-
BRDA:42,0,0,-
BRDA:42,0,1,-
BRF:8
BRH:0
LF:25
LH:0
end_of_record
